<?xml version="1.0" encoding="UTF-8"?>
<coverage generated="1774617982833" clover="3.2.0">
  <project timestamp="1774617982833" name="All files">
    <metrics statements="269" coveredstatements="269" conditionals="96" coveredconditionals="93" methods="61" coveredmethods="61" elements="426" coveredelements="423" complexity="0" loc="269" ncloc="269" packages="1" files="1" classes="1"/>
    <file name="index.ts" path="/Users/jonroby/ai/superset-svelte/src/domain/tree/index.ts">
      <metrics statements="269" coveredstatements="269" conditionals="96" coveredconditionals="93" methods="61" coveredmethods="61"/>
      <line num="21" count="1" type="stmt"/>
      <line num="43" count="123" type="stmt"/>
      <line num="56" count="26" type="stmt"/>
      <line num="57" count="26" type="stmt"/>
      <line num="62" count="4137" type="cond" truecount="2" falsecount="0"/>
      <line num="63" count="24" type="stmt"/>
      <line num="68" count="509" type="stmt"/>
      <line num="69" count="509" type="stmt"/>
      <line num="70" count="509" type="stmt"/>
      <line num="74" count="28" type="stmt"/>
      <line num="75" count="28" type="stmt"/>
      <line num="79" count="231" type="stmt"/>
      <line num="88" count="551" type="stmt"/>
      <line num="89" count="551" type="cond" truecount="2" falsecount="0"/>
      <line num="97" count="413" type="stmt"/>
      <line num="99" count="413" type="stmt"/>
      <line num="100" count="537" type="cond" truecount="2" falsecount="0"/>
      <line num="101" count="80" type="stmt"/>
      <line num="103" count="457" type="stmt"/>
      <line num="106" count="333" type="stmt"/>
      <line num="110" count="664" type="stmt"/>
      <line num="111" count="244" type="stmt"/>
      <line num="116" count="244" type="stmt"/>
      <line num="117" count="244" type="stmt"/>
      <line num="118" count="244" type="stmt"/>
      <line num="120" count="244" type="stmt"/>
      <line num="122" count="244" type="stmt"/>
      <line num="123" count="655" type="cond" truecount="2" falsecount="0"/>
      <line num="124" count="414" type="stmt"/>
      <line num="125" count="414" type="stmt"/>
      <line num="131" count="654" type="cond" truecount="2" falsecount="0"/>
      <line num="132" count="655" type="stmt"/>
      <line num="136" count="655" type="stmt"/>
      <line num="137" count="418" type="stmt"/>
      <line num="138" count="418" type="stmt"/>
      <line num="142" count="418" type="stmt"/>
      <line num="148" count="651" type="cond" truecount="2" falsecount="0"/>
      <line num="149" count="238" type="stmt"/>
      <line num="152" count="413" type="cond" truecount="2" falsecount="0"/>
      <line num="153" count="80" type="stmt"/>
      <line num="154" count="80" type="stmt"/>
      <line num="158" count="236" type="stmt"/>
      <line num="159" count="236" type="stmt"/>
      <line num="160" count="236" type="stmt"/>
      <line num="161" count="647" type="stmt"/>
      <line num="162" count="647" type="stmt"/>
      <line num="163" count="647" type="stmt"/>
      <line num="164" count="411" type="stmt"/>
      <line num="168" count="236" type="stmt"/>
      <line num="173" count="236" type="stmt"/>
      <line num="184" count="12" type="stmt"/>
      <line num="195" count="191" type="stmt"/>
      <line num="196" count="191" type="stmt"/>
      <line num="198" count="191" type="stmt"/>
      <line num="199" count="191" type="stmt"/>
      <line num="204" count="191" type="stmt"/>
      <line num="213" count="17" type="stmt"/>
      <line num="218" count="17" type="stmt"/>
      <line num="220" count="17" type="stmt"/>
      <line num="221" count="17" type="stmt"/>
      <line num="222" count="17" type="stmt"/>
      <line num="223" count="12" type="stmt"/>
      <line num="225" count="17" type="stmt"/>
      <line num="226" count="17" type="stmt"/>
      <line num="228" count="17" type="stmt"/>
      <line num="229" count="12" type="stmt"/>
      <line num="230" count="12" type="stmt"/>
      <line num="233" count="15" type="stmt"/>
      <line num="234" count="17" type="stmt"/>
      <line num="236" count="15" type="stmt"/>
      <line num="237" count="17" type="stmt"/>
      <line num="239" count="15" type="stmt"/>
      <line num="240" count="15" type="stmt"/>
      <line num="242" count="15" type="stmt"/>
      <line num="246" count="11" type="stmt"/>
      <line num="250" count="2" type="stmt"/>
      <line num="251" count="2" type="stmt"/>
      <line num="252" count="2" type="stmt"/>
      <line num="254" count="2" type="stmt"/>
      <line num="258" count="3" type="stmt"/>
      <line num="259" count="3" type="stmt"/>
      <line num="260" count="3" type="stmt"/>
      <line num="262" count="3" type="stmt"/>
      <line num="263" count="3" type="stmt"/>
      <line num="273" count="5" type="stmt"/>
      <line num="281" count="10" type="stmt"/>
      <line num="283" count="10" type="cond" truecount="4" falsecount="0"/>
      <line num="285" count="2" type="stmt"/>
      <line num="290" count="3" type="stmt"/>
      <line num="292" count="3" type="stmt"/>
      <line num="294" count="1" type="stmt"/>
      <line num="299" count="15" type="stmt"/>
      <line num="304" count="15" type="stmt"/>
      <line num="306" count="15" type="stmt"/>
      <line num="307" count="15" type="stmt"/>
      <line num="308" count="15" type="stmt"/>
      <line num="309" count="15" type="stmt"/>
      <line num="311" count="15" type="stmt"/>
      <line num="312" count="18" type="stmt"/>
      <line num="313" count="18" type="stmt"/>
      <line num="314" count="18" type="stmt"/>
      <line num="315" count="5" type="stmt"/>
      <line num="319" count="13" type="stmt"/>
      <line num="320" count="13" type="stmt"/>
      <line num="321" count="18" type="stmt"/>
      <line num="324" count="13" type="stmt"/>
      <line num="325" count="22" type="stmt"/>
      <line num="326" count="22" type="stmt"/>
      <line num="327" count="13" type="stmt"/>
      <line num="329" count="13" type="stmt"/>
      <line num="336" count="3" type="stmt"/>
      <line num="337" count="3" type="stmt"/>
      <line num="338" count="3" type="cond" truecount="2" falsecount="0"/>
      <line num="342" count="3" type="stmt"/>
      <line num="349" count="3" type="stmt"/>
      <line num="350" count="3" type="stmt"/>
      <line num="352" count="3" type="stmt"/>
      <line num="354" count="2" type="stmt"/>
      <line num="355" count="2" type="stmt"/>
      <line num="363" count="3" type="stmt"/>
      <line num="370" count="10" type="cond" truecount="2" falsecount="0"/>
      <line num="374" count="334" type="stmt"/>
      <line num="376" count="334" type="stmt"/>
      <line num="377" count="950" type="cond" truecount="2" falsecount="0"/>
      <line num="378" count="616" type="cond" truecount="2" falsecount="0"/>
      <line num="379" count="950" type="stmt"/>
      <line num="380" count="950" type="stmt"/>
      <line num="383" count="334" type="stmt"/>
      <line num="384" count="334" type="stmt"/>
      <line num="385" count="490" type="stmt"/>
      <line num="386" count="490" type="cond" truecount="2" falsecount="0"/>
      <line num="387" count="2" type="stmt"/>
      <line num="388" count="2" type="stmt"/>
      <line num="391" count="614" type="stmt"/>
      <line num="392" count="488" type="stmt"/>
      <line num="393" count="614" type="stmt"/>
      <line num="394" count="614" type="stmt"/>
      <line num="395" count="614" type="stmt"/>
      <line num="396" count="488" type="stmt"/>
      <line num="399" count="334" type="stmt"/>
      <line num="407" count="1406" type="cond" truecount="2" falsecount="0"/>
      <line num="415" count="13" type="stmt"/>
      <line num="417" count="13" type="stmt"/>
      <line num="418" count="14" type="cond" truecount="2" falsecount="0"/>
      <line num="419" count="5" type="stmt"/>
      <line num="421" count="9" type="stmt"/>
      <line num="424" count="8" type="stmt"/>
      <line num="432" count="5" type="cond" truecount="2" falsecount="0"/>
      <line num="433" count="2" type="stmt"/>
      <line num="436" count="3" type="stmt"/>
      <line num="440" count="8" type="stmt"/>
      <line num="441" count="8" type="stmt"/>
      <line num="446" count="8" type="stmt"/>
      <line num="447" count="15" type="stmt"/>
      <line num="448" count="15" type="cond" truecount="2" falsecount="0"/>
      <line num="450" count="7" type="stmt"/>
      <line num="451" count="15" type="cond" truecount="2" falsecount="0"/>
      <line num="452" count="8" type="stmt"/>
      <line num="453" count="8" type="cond" truecount="2" falsecount="0"/>
      <line num="454" count="7" type="stmt"/>
      <line num="455" count="8" type="stmt"/>
      <line num="460" count="4" type="stmt"/>
      <line num="461" count="4" type="stmt"/>
      <line num="462" count="4" type="stmt"/>
      <line num="463" count="6" type="cond" truecount="4" falsecount="0"/>
      <line num="464" count="6" type="cond" truecount="2" falsecount="0"/>
      <line num="466" count="4" type="stmt"/>
      <line num="475" count="6" type="stmt"/>
      <line num="480" count="6" type="stmt"/>
      <line num="488" count="3" type="stmt"/>
      <line num="493" count="3" type="stmt"/>
      <line num="497" count="8" type="stmt"/>
      <line num="498" count="8" type="cond" truecount="2" falsecount="0"/>
      <line num="499" count="7" type="stmt"/>
      <line num="501" count="7" type="stmt"/>
      <line num="502" count="7" type="cond" truecount="2" falsecount="0"/>
      <line num="503" count="5" type="stmt"/>
      <line num="504" count="5" type="cond" truecount="2" falsecount="0"/>
      <line num="505" count="4" type="stmt"/>
      <line num="508" count="6" type="stmt"/>
      <line num="509" count="11" type="stmt"/>
      <line num="510" count="11" type="cond" truecount="2" falsecount="0"/>
      <line num="511" count="5" type="stmt"/>
      <line num="520" count="3" type="stmt"/>
      <line num="522" count="3" type="stmt"/>
      <line num="523" count="5" type="stmt"/>
      <line num="524" count="5" type="stmt"/>
      <line num="525" count="5" type="cond" truecount="2" falsecount="0"/>
      <line num="526" count="2" type="stmt"/>
      <line num="528" count="3" type="stmt"/>
      <line num="529" count="2" type="stmt"/>
      <line num="533" count="1" type="stmt"/>
      <line num="541" count="7" type="stmt"/>
      <line num="542" count="7" type="cond" truecount="2" falsecount="0"/>
      <line num="544" count="5" type="stmt"/>
      <line num="545" count="8" type="stmt"/>
      <line num="546" count="5" type="cond" truecount="2" falsecount="0"/>
      <line num="548" count="3" type="stmt"/>
      <line num="549" count="3" type="stmt"/>
      <line num="553" count="8" type="stmt"/>
      <line num="558" count="8" type="stmt"/>
      <line num="563" count="8" type="stmt"/>
      <line num="564" count="8" type="stmt"/>
      <line num="565" count="8" type="stmt"/>
      <line num="567" count="8" type="stmt"/>
      <line num="568" count="8" type="stmt"/>
      <line num="569" count="8" type="stmt"/>
      <line num="571" count="8" type="stmt"/>
      <line num="575" count="5" type="stmt"/>
      <line num="580" count="5" type="stmt"/>
      <line num="581" count="5" type="stmt"/>
      <line num="582" count="5" type="stmt"/>
      <line num="583" count="4" type="stmt"/>
      <line num="586" count="5" type="stmt"/>
      <line num="587" count="6" type="stmt"/>
      <line num="588" count="6" type="stmt"/>
      <line num="589" count="6" type="stmt"/>
      <line num="590" count="2" type="stmt"/>
      <line num="594" count="4" type="stmt"/>
      <line num="602" count="5" type="stmt"/>
      <line num="603" count="5" type="stmt"/>
      <line num="604" count="5" type="stmt"/>
      <line num="606" count="5" type="cond" truecount="2" falsecount="0"/>
      <line num="607" count="4" type="stmt"/>
      <line num="608" count="4" type="cond" truecount="1" falsecount="1"/>
      <line num="609" count="4" type="stmt"/>
      <line num="610" count="4" type="cond" truecount="4" falsecount="0"/>
      <line num="611" count="2" type="stmt"/>
      <line num="613" count="4" type="stmt"/>
      <line num="616" count="5" type="stmt"/>
      <line num="623" count="9" type="stmt"/>
      <line num="624" count="9" type="stmt"/>
      <line num="625" count="9" type="cond" truecount="2" falsecount="0"/>
      <line num="626" count="11" type="stmt"/>
      <line num="627" count="11" type="cond" truecount="1" falsecount="1"/>
      <line num="630" count="9" type="cond" truecount="2" falsecount="0"/>
      <line num="632" count="7" type="stmt"/>
      <line num="633" count="7" type="stmt"/>
      <line num="636" count="7" type="stmt"/>
      <line num="638" count="7" type="stmt"/>
      <line num="639" count="11" type="stmt"/>
      <line num="642" count="7" type="stmt"/>
      <line num="643" count="7" type="stmt"/>
      <line num="644" count="11" type="stmt"/>
      <line num="645" count="11" type="cond" truecount="2" falsecount="0"/>
      <line num="646" count="11" type="cond" truecount="1" falsecount="1"/>
      <line num="647" count="11" type="cond" truecount="2" falsecount="0"/>
      <line num="649" count="11" type="stmt"/>
      <line num="661" count="7" type="stmt"/>
      <line num="665" count="5" type="stmt"/>
      <line num="667" count="10" type="stmt"/>
      <line num="668" count="10" type="stmt"/>
      <line num="670" count="5" type="stmt"/>
      <line num="674" count="9" type="stmt"/>
      <line num="675" count="9" type="stmt"/>
      <line num="677" count="9" type="stmt"/>
      <line num="678" count="22" type="cond" truecount="2" falsecount="0"/>
      <line num="679" count="13" type="cond" truecount="2" falsecount="0"/>
      <line num="680" count="22" type="stmt"/>
      <line num="681" count="22" type="stmt"/>
      <line num="684" count="9" type="stmt"/>
      <line num="685" count="13" type="stmt"/>
      <line num="688" count="9" type="stmt"/>
      <line num="692" count="685" type="stmt"/>
      <line num="693" count="676" type="cond" truecount="2" falsecount="0"/>
      <line num="699" count="235" type="stmt"/>
      <line num="705" count="235" type="stmt"/>
      <line num="707" count="284" type="cond" truecount="2" falsecount="0"/>
      <line num="710" count="235" type="stmt"/>
    </file>
  </project>
</coverage>
