{"/Users/jonroby/ai/superset-svelte/src/domain/tree/index.ts": {"path":"/Users/jonroby/ai/superset-svelte/src/domain/tree/index.ts","statementMap":{"0":{"start":{"line":21,"column":30},"end":{"line":21,"column":null}},"1":{"start":{"line":43,"column":1},"end":{"line":51,"column":null}},"2":{"start":{"line":56,"column":2},"end":{"line":56,"column":null}},"3":{"start":{"line":57,"column":2},"end":{"line":57,"column":null}},"4":{"start":{"line":62,"column":1},"end":{"line":64,"column":null}},"5":{"start":{"line":63,"column":2},"end":{"line":63,"column":null}},"6":{"start":{"line":68,"column":18},"end":{"line":68,"column":null}},"7":{"start":{"line":69,"column":1},"end":{"line":69,"column":null}},"8":{"start":{"line":70,"column":1},"end":{"line":70,"column":null}},"9":{"start":{"line":74,"column":1},"end":{"line":74,"column":null}},"10":{"start":{"line":75,"column":1},"end":{"line":75,"column":null}},"11":{"start":{"line":79,"column":1},"end":{"line":79,"column":null}},"12":{"start":{"line":88,"column":18},"end":{"line":88,"column":null}},"13":{"start":{"line":89,"column":1},"end":{"line":89,"column":null}},"14":{"start":{"line":97,"column":15},"end":{"line":97,"column":null}},"15":{"start":{"line":99,"column":1},"end":{"line":104,"column":null}},"16":{"start":{"line":100,"column":2},"end":{"line":102,"column":null}},"17":{"start":{"line":101,"column":3},"end":{"line":101,"column":null}},"18":{"start":{"line":103,"column":2},"end":{"line":103,"column":null}},"19":{"start":{"line":106,"column":1},"end":{"line":106,"column":null}},"20":{"start":{"line":110,"column":23},"end":{"line":110,"column":null}},"21":{"start":{"line":110,"column":69},"end":{"line":110,"column":95}},"22":{"start":{"line":111,"column":1},"end":{"line":114,"column":null}},"23":{"start":{"line":116,"column":14},"end":{"line":116,"column":null}},"24":{"start":{"line":117,"column":1},"end":{"line":117,"column":null}},"25":{"start":{"line":118,"column":1},"end":{"line":118,"column":null}},"26":{"start":{"line":120,"column":29},"end":{"line":120,"column":null}},"27":{"start":{"line":122,"column":1},"end":{"line":156,"column":null}},"28":{"start":{"line":123,"column":2},"end":{"line":129,"column":null}},"29":{"start":{"line":124,"column":3},"end":{"line":124,"column":null}},"30":{"start":{"line":125,"column":3},"end":{"line":128,"column":null}},"31":{"start":{"line":131,"column":19},"end":{"line":131,"column":null}},"32":{"start":{"line":132,"column":2},"end":{"line":135,"column":null}},"33":{"start":{"line":136,"column":2},"end":{"line":146,"column":null}},"34":{"start":{"line":137,"column":17},"end":{"line":137,"column":null}},"35":{"start":{"line":138,"column":3},"end":{"line":141,"column":null}},"36":{"start":{"line":142,"column":3},"end":{"line":145,"column":null}},"37":{"start":{"line":148,"column":2},"end":{"line":150,"column":null}},"38":{"start":{"line":149,"column":3},"end":{"line":149,"column":null}},"39":{"start":{"line":152,"column":2},"end":{"line":155,"column":null}},"40":{"start":{"line":153,"column":20},"end":{"line":153,"column":null}},"41":{"start":{"line":154,"column":3},"end":{"line":154,"column":null}},"42":{"start":{"line":158,"column":17},"end":{"line":158,"column":null}},"43":{"start":{"line":159,"column":15},"end":{"line":159,"column":null}},"44":{"start":{"line":160,"column":1},"end":{"line":166,"column":null}},"45":{"start":{"line":161,"column":20},"end":{"line":161,"column":null}},"46":{"start":{"line":162,"column":2},"end":{"line":162,"column":null}},"47":{"start":{"line":163,"column":2},"end":{"line":165,"column":null}},"48":{"start":{"line":164,"column":3},"end":{"line":164,"column":null}},"49":{"start":{"line":168,"column":1},"end":{"line":171,"column":null}},"50":{"start":{"line":173,"column":1},"end":{"line":173,"column":null}},"51":{"start":{"line":184,"column":1},"end":{"line":184,"column":null}},"52":{"start":{"line":195,"column":1},"end":{"line":195,"column":null}},"53":{"start":{"line":196,"column":1},"end":{"line":196,"column":null}},"54":{"start":{"line":198,"column":12},"end":{"line":198,"column":null}},"55":{"start":{"line":199,"column":27},"end":{"line":202,"column":null}},"56":{"start":{"line":204,"column":1},"end":{"line":209,"column":null}},"57":{"start":{"line":213,"column":17},"end":{"line":217,"column":null}},"58":{"start":{"line":218,"column":1},"end":{"line":218,"column":null}},"59":{"start":{"line":220,"column":18},"end":{"line":220,"column":null}},"60":{"start":{"line":221,"column":29},"end":{"line":221,"column":null}},"61":{"start":{"line":222,"column":25},"end":{"line":224,"column":null}},"62":{"start":{"line":223,"column":13},"end":{"line":223,"column":null}},"63":{"start":{"line":225,"column":12},"end":{"line":225,"column":null}},"64":{"start":{"line":226,"column":1},"end":{"line":226,"column":null}},"65":{"start":{"line":228,"column":1},"end":{"line":231,"column":null}},"66":{"start":{"line":229,"column":16},"end":{"line":229,"column":null}},"67":{"start":{"line":230,"column":2},"end":{"line":230,"column":null}},"68":{"start":{"line":233,"column":20},"end":{"line":235,"column":null}},"69":{"start":{"line":234,"column":13},"end":{"line":234,"column":null}},"70":{"start":{"line":236,"column":22},"end":{"line":236,"column":null}},"71":{"start":{"line":237,"column":29},"end":{"line":237,"column":null}},"72":{"start":{"line":237,"column":55},"end":{"line":237,"column":72}},"73":{"start":{"line":239,"column":1},"end":{"line":239,"column":null}},"74":{"start":{"line":240,"column":1},"end":{"line":240,"column":null}},"75":{"start":{"line":242,"column":1},"end":{"line":242,"column":null}},"76":{"start":{"line":246,"column":1},"end":{"line":246,"column":null}},"77":{"start":{"line":250,"column":29},"end":{"line":250,"column":null}},"78":{"start":{"line":251,"column":19},"end":{"line":251,"column":null}},"79":{"start":{"line":252,"column":1},"end":{"line":252,"column":null}},"80":{"start":{"line":254,"column":1},"end":{"line":254,"column":null}},"81":{"start":{"line":258,"column":29},"end":{"line":258,"column":null}},"82":{"start":{"line":259,"column":22},"end":{"line":259,"column":null}},"83":{"start":{"line":260,"column":1},"end":{"line":260,"column":null}},"84":{"start":{"line":262,"column":1},"end":{"line":265,"column":null}},"85":{"start":{"line":263,"column":31},"end":{"line":263,"column":null}},"86":{"start":{"line":273,"column":1},"end":{"line":273,"column":null}},"87":{"start":{"line":281,"column":1},"end":{"line":281,"column":null}},"88":{"start":{"line":283,"column":1},"end":{"line":295,"column":null}},"89":{"start":{"line":285,"column":3},"end":{"line":288,"column":null}},"90":{"start":{"line":290,"column":3},"end":{"line":290,"column":null}},"91":{"start":{"line":292,"column":3},"end":{"line":292,"column":null}},"92":{"start":{"line":294,"column":3},"end":{"line":294,"column":null}},"93":{"start":{"line":299,"column":21},"end":{"line":303,"column":null}},"94":{"start":{"line":304,"column":1},"end":{"line":304,"column":null}},"95":{"start":{"line":306,"column":18},"end":{"line":306,"column":null}},"96":{"start":{"line":307,"column":29},"end":{"line":307,"column":null}},"97":{"start":{"line":308,"column":20},"end":{"line":308,"column":null}},"98":{"start":{"line":309,"column":15},"end":{"line":309,"column":null}},"99":{"start":{"line":311,"column":1},"end":{"line":317,"column":null}},"100":{"start":{"line":312,"column":20},"end":{"line":312,"column":null}},"101":{"start":{"line":313,"column":2},"end":{"line":313,"column":null}},"102":{"start":{"line":314,"column":2},"end":{"line":316,"column":null}},"103":{"start":{"line":315,"column":3},"end":{"line":315,"column":null}},"104":{"start":{"line":319,"column":12},"end":{"line":319,"column":null}},"105":{"start":{"line":320,"column":1},"end":{"line":322,"column":null}},"106":{"start":{"line":321,"column":2},"end":{"line":321,"column":null}},"107":{"start":{"line":324,"column":20},"end":{"line":326,"column":null}},"108":{"start":{"line":325,"column":18},"end":{"line":325,"column":26}},"109":{"start":{"line":326,"column":18},"end":{"line":326,"column":35}},"110":{"start":{"line":327,"column":1},"end":{"line":327,"column":null}},"111":{"start":{"line":329,"column":1},"end":{"line":332,"column":null}},"112":{"start":{"line":336,"column":29},"end":{"line":336,"column":null}},"113":{"start":{"line":337,"column":19},"end":{"line":337,"column":null}},"114":{"start":{"line":338,"column":20},"end":{"line":340,"column":null}},"115":{"start":{"line":342,"column":1},"end":{"line":345,"column":null}},"116":{"start":{"line":349,"column":29},"end":{"line":349,"column":null}},"117":{"start":{"line":350,"column":19},"end":{"line":350,"column":null}},"118":{"start":{"line":352,"column":24},"end":{"line":361,"column":null}},"119":{"start":{"line":354,"column":25},"end":{"line":354,"column":null}},"120":{"start":{"line":355,"column":3},"end":{"line":358,"column":null}},"121":{"start":{"line":363,"column":1},"end":{"line":366,"column":null}},"122":{"start":{"line":370,"column":1},"end":{"line":370,"column":null}},"123":{"start":{"line":370,"column":52},"end":{"line":370,"column":78}},"124":{"start":{"line":374,"column":59},"end":{"line":374,"column":null}},"125":{"start":{"line":376,"column":1},"end":{"line":381,"column":null}},"126":{"start":{"line":377,"column":2},"end":{"line":377,"column":null}},"127":{"start":{"line":377,"column":34},"end":{"line":377,"column":null}},"128":{"start":{"line":378,"column":19},"end":{"line":378,"column":null}},"129":{"start":{"line":379,"column":2},"end":{"line":379,"column":null}},"130":{"start":{"line":380,"column":2},"end":{"line":380,"column":null}},"131":{"start":{"line":383,"column":50},"end":{"line":383,"column":null}},"132":{"start":{"line":384,"column":1},"end":{"line":397,"column":null}},"133":{"start":{"line":385,"column":26},"end":{"line":385,"column":null}},"134":{"start":{"line":386,"column":2},"end":{"line":389,"column":null}},"135":{"start":{"line":387,"column":3},"end":{"line":387,"column":null}},"136":{"start":{"line":388,"column":3},"end":{"line":388,"column":null}},"137":{"start":{"line":391,"column":20},"end":{"line":391,"column":null}},"138":{"start":{"line":391,"column":52},"end":{"line":391,"column":69}},"139":{"start":{"line":392,"column":26},"end":{"line":394,"column":null}},"140":{"start":{"line":393,"column":21},"end":{"line":393,"column":43}},"141":{"start":{"line":394,"column":41},"end":{"line":394,"column":60}},"142":{"start":{"line":395,"column":27},"end":{"line":395,"column":null}},"143":{"start":{"line":395,"column":54},"end":{"line":395,"column":89}},"144":{"start":{"line":396,"column":2},"end":{"line":396,"column":null}},"145":{"start":{"line":399,"column":1},"end":{"line":399,"column":null}},"146":{"start":{"line":407,"column":1},"end":{"line":407,"column":null}},"147":{"start":{"line":415,"column":15},"end":{"line":415,"column":null}},"148":{"start":{"line":417,"column":1},"end":{"line":422,"column":null}},"149":{"start":{"line":418,"column":2},"end":{"line":420,"column":null}},"150":{"start":{"line":419,"column":3},"end":{"line":419,"column":null}},"151":{"start":{"line":421,"column":2},"end":{"line":421,"column":null}},"152":{"start":{"line":424,"column":1},"end":{"line":424,"column":null}},"153":{"start":{"line":432,"column":1},"end":{"line":434,"column":null}},"154":{"start":{"line":433,"column":2},"end":{"line":433,"column":null}},"155":{"start":{"line":436,"column":1},"end":{"line":436,"column":null}},"156":{"start":{"line":440,"column":26},"end":{"line":440,"column":null}},"157":{"start":{"line":441,"column":37},"end":{"line":445,"column":null}},"158":{"start":{"line":446,"column":1},"end":{"line":449,"column":null}},"159":{"start":{"line":447,"column":2},"end":{"line":447,"column":null}},"160":{"start":{"line":448,"column":2},"end":{"line":448,"column":null}},"161":{"start":{"line":450,"column":1},"end":{"line":456,"column":null}},"162":{"start":{"line":451,"column":2},"end":{"line":451,"column":null}},"163":{"start":{"line":451,"column":25},"end":{"line":451,"column":null}},"164":{"start":{"line":452,"column":30},"end":{"line":452,"column":null}},"165":{"start":{"line":453,"column":2},"end":{"line":454,"column":null}},"166":{"start":{"line":454,"column":3},"end":{"line":454,"column":null}},"167":{"start":{"line":455,"column":2},"end":{"line":455,"column":null}},"168":{"start":{"line":460,"column":37},"end":{"line":460,"column":null}},"169":{"start":{"line":461,"column":13},"end":{"line":461,"column":null}},"170":{"start":{"line":462,"column":1},"end":{"line":465,"column":null}},"171":{"start":{"line":463,"column":2},"end":{"line":463,"column":null}},"172":{"start":{"line":464,"column":2},"end":{"line":464,"column":null}},"173":{"start":{"line":466,"column":1},"end":{"line":466,"column":null}},"174":{"start":{"line":475,"column":18},"end":{"line":479,"column":null}},"175":{"start":{"line":480,"column":1},"end":{"line":480,"column":null}},"176":{"start":{"line":488,"column":18},"end":{"line":492,"column":null}},"177":{"start":{"line":493,"column":1},"end":{"line":493,"column":null}},"178":{"start":{"line":497,"column":14},"end":{"line":497,"column":null}},"179":{"start":{"line":498,"column":1},"end":{"line":498,"column":null}},"180":{"start":{"line":498,"column":12},"end":{"line":498,"column":null}},"181":{"start":{"line":499,"column":29},"end":{"line":499,"column":null}},"182":{"start":{"line":501,"column":25},"end":{"line":501,"column":null}},"183":{"start":{"line":502,"column":1},"end":{"line":506,"column":null}},"184":{"start":{"line":503,"column":23},"end":{"line":503,"column":null}},"185":{"start":{"line":504,"column":2},"end":{"line":504,"column":null}},"186":{"start":{"line":504,"column":33},"end":{"line":504,"column":null}},"187":{"start":{"line":505,"column":2},"end":{"line":505,"column":null}},"188":{"start":{"line":508,"column":1},"end":{"line":512,"column":null}},"189":{"start":{"line":509,"column":19},"end":{"line":509,"column":null}},"190":{"start":{"line":510,"column":2},"end":{"line":510,"column":null}},"191":{"start":{"line":510,"column":29},"end":{"line":510,"column":null}},"192":{"start":{"line":511,"column":2},"end":{"line":511,"column":null}},"193":{"start":{"line":520,"column":15},"end":{"line":520,"column":null}},"194":{"start":{"line":522,"column":1},"end":{"line":531,"column":null}},"195":{"start":{"line":523,"column":20},"end":{"line":523,"column":null}},"196":{"start":{"line":524,"column":19},"end":{"line":524,"column":null}},"197":{"start":{"line":525,"column":2},"end":{"line":527,"column":null}},"198":{"start":{"line":526,"column":3},"end":{"line":526,"column":null}},"199":{"start":{"line":528,"column":2},"end":{"line":530,"column":null}},"200":{"start":{"line":529,"column":3},"end":{"line":529,"column":null}},"201":{"start":{"line":533,"column":1},"end":{"line":533,"column":null}},"202":{"start":{"line":541,"column":18},"end":{"line":541,"column":null}},"203":{"start":{"line":542,"column":1},"end":{"line":542,"column":null}},"204":{"start":{"line":542,"column":26},"end":{"line":542,"column":null}},"205":{"start":{"line":544,"column":18},"end":{"line":544,"column":null}},"206":{"start":{"line":545,"column":15},"end":{"line":545,"column":null}},"207":{"start":{"line":545,"column":41},"end":{"line":545,"column":60}},"208":{"start":{"line":546,"column":1},"end":{"line":546,"column":null}},"209":{"start":{"line":546,"column":17},"end":{"line":546,"column":null}},"210":{"start":{"line":548,"column":19},"end":{"line":548,"column":null}},"211":{"start":{"line":549,"column":1},"end":{"line":549,"column":null}},"212":{"start":{"line":553,"column":18},"end":{"line":557,"column":null}},"213":{"start":{"line":558,"column":1},"end":{"line":561,"column":null}},"214":{"start":{"line":563,"column":20},"end":{"line":563,"column":null}},"215":{"start":{"line":564,"column":15},"end":{"line":564,"column":null}},"216":{"start":{"line":565,"column":1},"end":{"line":565,"column":null}},"217":{"start":{"line":567,"column":29},"end":{"line":567,"column":null}},"218":{"start":{"line":568,"column":1},"end":{"line":568,"column":null}},"219":{"start":{"line":569,"column":1},"end":{"line":569,"column":null}},"220":{"start":{"line":571,"column":1},"end":{"line":571,"column":null}},"221":{"start":{"line":575,"column":1},"end":{"line":579,"column":null}},"222":{"start":{"line":580,"column":29},"end":{"line":580,"column":null}},"223":{"start":{"line":581,"column":26},"end":{"line":581,"column":null}},"224":{"start":{"line":582,"column":15},"end":{"line":584,"column":null}},"225":{"start":{"line":583,"column":16},"end":{"line":583,"column":null}},"226":{"start":{"line":586,"column":1},"end":{"line":592,"column":null}},"227":{"start":{"line":587,"column":13},"end":{"line":587,"column":null}},"228":{"start":{"line":588,"column":2},"end":{"line":588,"column":null}},"229":{"start":{"line":589,"column":2},"end":{"line":591,"column":null}},"230":{"start":{"line":590,"column":3},"end":{"line":590,"column":null}},"231":{"start":{"line":594,"column":1},"end":{"line":594,"column":null}},"232":{"start":{"line":602,"column":29},"end":{"line":602,"column":null}},"233":{"start":{"line":603,"column":15},"end":{"line":603,"column":null}},"234":{"start":{"line":604,"column":46},"end":{"line":604,"column":null}},"235":{"start":{"line":606,"column":1},"end":{"line":614,"column":null}},"236":{"start":{"line":607,"column":17},"end":{"line":607,"column":null}},"237":{"start":{"line":608,"column":2},"end":{"line":608,"column":null}},"238":{"start":{"line":608,"column":15},"end":{"line":608,"column":null}},"239":{"start":{"line":609,"column":19},"end":{"line":609,"column":null}},"240":{"start":{"line":610,"column":2},"end":{"line":612,"column":null}},"241":{"start":{"line":611,"column":3},"end":{"line":611,"column":null}},"242":{"start":{"line":613,"column":2},"end":{"line":613,"column":null}},"243":{"start":{"line":616,"column":1},"end":{"line":616,"column":null}},"244":{"start":{"line":623,"column":26},"end":{"line":623,"column":null}},"245":{"start":{"line":624,"column":37},"end":{"line":624,"column":null}},"246":{"start":{"line":625,"column":1},"end":{"line":628,"column":null}},"247":{"start":{"line":626,"column":2},"end":{"line":626,"column":null}},"248":{"start":{"line":627,"column":2},"end":{"line":627,"column":null}},"249":{"start":{"line":630,"column":1},"end":{"line":630,"column":null}},"250":{"start":{"line":630,"column":24},"end":{"line":630,"column":null}},"251":{"start":{"line":632,"column":18},"end":{"line":632,"column":null}},"252":{"start":{"line":633,"column":38},"end":{"line":635,"column":null}},"253":{"start":{"line":636,"column":15},"end":{"line":636,"column":null}},"254":{"start":{"line":638,"column":1},"end":{"line":640,"column":null}},"255":{"start":{"line":639,"column":2},"end":{"line":639,"column":null}},"256":{"start":{"line":642,"column":21},"end":{"line":642,"column":null}},"257":{"start":{"line":643,"column":1},"end":{"line":659,"column":null}},"258":{"start":{"line":644,"column":19},"end":{"line":644,"column":null}},"259":{"start":{"line":645,"column":2},"end":{"line":645,"column":null}},"260":{"start":{"line":645,"column":22},"end":{"line":645,"column":null}},"261":{"start":{"line":646,"column":25},"end":{"line":646,"column":null}},"262":{"start":{"line":647,"column":25},"end":{"line":647,"column":null}},"263":{"start":{"line":649,"column":2},"end":{"line":658,"column":null}},"264":{"start":{"line":661,"column":1},"end":{"line":661,"column":null}},"265":{"start":{"line":665,"column":19},"end":{"line":669,"column":null}},"266":{"start":{"line":667,"column":15},"end":{"line":667,"column":25}},"267":{"start":{"line":668,"column":33},"end":{"line":668,"column":44}},"268":{"start":{"line":670,"column":1},"end":{"line":670,"column":null}},"269":{"start":{"line":670,"column":37},"end":{"line":670,"column":74}},"270":{"start":{"line":674,"column":12},"end":{"line":674,"column":null}},"271":{"start":{"line":675,"column":63},"end":{"line":675,"column":null}},"272":{"start":{"line":677,"column":1},"end":{"line":682,"column":null}},"273":{"start":{"line":678,"column":2},"end":{"line":678,"column":null}},"274":{"start":{"line":678,"column":34},"end":{"line":678,"column":null}},"275":{"start":{"line":679,"column":19},"end":{"line":679,"column":null}},"276":{"start":{"line":680,"column":2},"end":{"line":680,"column":null}},"277":{"start":{"line":681,"column":2},"end":{"line":681,"column":null}},"278":{"start":{"line":684,"column":1},"end":{"line":686,"column":null}},"279":{"start":{"line":685,"column":2},"end":{"line":685,"column":null}},"280":{"start":{"line":688,"column":1},"end":{"line":688,"column":null}},"281":{"start":{"line":692,"column":1},"end":{"line":694,"column":null}},"282":{"start":{"line":693,"column":53},"end":{"line":693,"column":94}},"283":{"start":{"line":699,"column":16},"end":{"line":703,"column":null}},"284":{"start":{"line":705,"column":28},"end":{"line":708,"column":null}},"285":{"start":{"line":707,"column":3},"end":{"line":707,"column":null}},"286":{"start":{"line":710,"column":1},"end":{"line":716,"column":null}}},"fnMap":{"0":{"name":"buildEmptyExchanges","decl":{"start":{"line":42,"column":16},"end":{"line":42,"column":51}},"loc":{"start":{"line":42,"column":51},"end":{"line":52,"column":null}},"line":42},"1":{"name":"(anonymous_1)","decl":{"start":{"line":55,"column":1},"end":{"line":55,"column":13}},"loc":{"start":{"line":55,"column":30},"end":{"line":58,"column":null}},"line":55},"2":{"name":"assert","decl":{"start":{"line":61,"column":9},"end":{"line":61,"column":16}},"loc":{"start":{"line":61,"column":72},"end":{"line":65,"column":null}},"line":61},"3":{"name":"requireExchange","decl":{"start":{"line":67,"column":9},"end":{"line":67,"column":25}},"loc":{"start":{"line":67,"column":96},"end":{"line":71,"column":null}},"line":67},"4":{"name":"requireParentId","decl":{"start":{"line":73,"column":9},"end":{"line":73,"column":25}},"loc":{"start":{"line":73,"column":53},"end":{"line":76,"column":null}},"line":73},"5":{"name":"finalizeChatTree","decl":{"start":{"line":78,"column":9},"end":{"line":78,"column":26}},"loc":{"start":{"line":78,"column":63},"end":{"line":80,"column":null}},"line":78},"6":{"name":"isFirstChild","decl":{"start":{"line":82,"column":9},"end":{"line":82,"column":null}},"loc":{"start":{"line":87,"column":11},"end":{"line":90,"column":null}},"line":87},"7":{"name":"isSideExchange","decl":{"start":{"line":92,"column":9},"end":{"line":92,"column":null}},"loc":{"start":{"line":96,"column":11},"end":{"line":107,"column":null}},"line":96},"8":{"name":"validateChatTree","decl":{"start":{"line":109,"column":16},"end":{"line":109,"column":33}},"loc":{"start":{"line":109,"column":70},"end":{"line":174,"column":null}},"line":109},"9":{"name":"(anonymous_9)","decl":{"start":{"line":110,"column":55},"end":{"line":110,"column":56}},"loc":{"start":{"line":110,"column":69},"end":{"line":110,"column":95}},"line":110},"10":{"name":"addExchange","decl":{"start":{"line":176,"column":16},"end":{"line":176,"column":null}},"loc":{"start":{"line":183,"column":15},"end":{"line":185,"column":null}},"line":183},"11":{"name":"addExchangeResult","decl":{"start":{"line":187,"column":16},"end":{"line":187,"column":null}},"loc":{"start":{"line":194,"column":21},"end":{"line":210,"column":null}},"line":194},"12":{"name":"removeExchange","decl":{"start":{"line":212,"column":16},"end":{"line":212,"column":31}},"loc":{"start":{"line":212,"column":88},"end":{"line":243,"column":null}},"line":212},"13":{"name":"(anonymous_13)","decl":{"start":{"line":223,"column":2},"end":{"line":223,"column":3}},"loc":{"start":{"line":223,"column":13},"end":{"line":223,"column":null}},"line":223},"14":{"name":"(anonymous_14)","decl":{"start":{"line":234,"column":2},"end":{"line":234,"column":3}},"loc":{"start":{"line":234,"column":13},"end":{"line":234,"column":null}},"line":234},"15":{"name":"(anonymous_15)","decl":{"start":{"line":237,"column":47},"end":{"line":237,"column":48}},"loc":{"start":{"line":237,"column":55},"end":{"line":237,"column":72}},"line":237},"16":{"name":"removeExchangeSubtree","decl":{"start":{"line":245,"column":16},"end":{"line":245,"column":38}},"loc":{"start":{"line":245,"column":95},"end":{"line":247,"column":null}},"line":245},"17":{"name":"removeMainChatChild","decl":{"start":{"line":249,"column":16},"end":{"line":249,"column":36}},"loc":{"start":{"line":249,"column":93},"end":{"line":255,"column":null}},"line":249},"18":{"name":"removeSideChatChildren","decl":{"start":{"line":257,"column":16},"end":{"line":257,"column":39}},"loc":{"start":{"line":257,"column":96},"end":{"line":266,"column":null}},"line":257},"19":{"name":"(anonymous_19)","decl":{"start":{"line":263,"column":2},"end":{"line":263,"column":3}},"loc":{"start":{"line":263,"column":31},"end":{"line":263,"column":null}},"line":263},"20":{"name":"deleteExchangeWithMode","decl":{"start":{"line":268,"column":16},"end":{"line":268,"column":null}},"loc":{"start":{"line":272,"column":15},"end":{"line":274,"column":null}},"line":272},"21":{"name":"deleteExchangeWithModeResult","decl":{"start":{"line":276,"column":16},"end":{"line":276,"column":null}},"loc":{"start":{"line":280,"column":16},"end":{"line":296,"column":null}},"line":280},"22":{"name":"removeExchangeSubtreeResult","decl":{"start":{"line":298,"column":9},"end":{"line":298,"column":37}},"loc":{"start":{"line":298,"column":95},"end":{"line":333,"column":null}},"line":298},"23":{"name":"(anonymous_23)","decl":{"start":{"line":325,"column":7},"end":{"line":325,"column":8}},"loc":{"start":{"line":325,"column":18},"end":{"line":325,"column":26}},"line":325},"24":{"name":"(anonymous_24)","decl":{"start":{"line":326,"column":10},"end":{"line":326,"column":11}},"loc":{"start":{"line":326,"column":18},"end":{"line":326,"column":35}},"line":326},"25":{"name":"deleteExchangeAndMainChat","decl":{"start":{"line":335,"column":9},"end":{"line":335,"column":35}},"loc":{"start":{"line":335,"column":93},"end":{"line":346,"column":null}},"line":335},"26":{"name":"deleteExchangeAndSideChats","decl":{"start":{"line":348,"column":9},"end":{"line":348,"column":36}},"loc":{"start":{"line":348,"column":94},"end":{"line":367,"column":null}},"line":348},"27":{"name":"(anonymous_27)","decl":{"start":{"line":353,"column":2},"end":{"line":353,"column":3}},"loc":{"start":{"line":353,"column":21},"end":{"line":359,"column":null}},"line":353},"28":{"name":"getRootExchange","decl":{"start":{"line":369,"column":16},"end":{"line":369,"column":32}},"loc":{"start":{"line":369,"column":73},"end":{"line":371,"column":null}},"line":369},"29":{"name":"(anonymous_29)","decl":{"start":{"line":370,"column":38},"end":{"line":370,"column":39}},"loc":{"start":{"line":370,"column":52},"end":{"line":370,"column":78}},"line":370},"30":{"name":"buildExchangesByParentId","decl":{"start":{"line":373,"column":16},"end":{"line":373,"column":41}},"loc":{"start":{"line":373,"column":86},"end":{"line":400,"column":null}},"line":373},"31":{"name":"(anonymous_31)","decl":{"start":{"line":391,"column":41},"end":{"line":391,"column":42}},"loc":{"start":{"line":391,"column":52},"end":{"line":391,"column":69}},"line":391},"32":{"name":"(anonymous_32)","decl":{"start":{"line":393,"column":8},"end":{"line":393,"column":9}},"loc":{"start":{"line":393,"column":21},"end":{"line":393,"column":43}},"line":393},"33":{"name":"(anonymous_33)","decl":{"start":{"line":394,"column":11},"end":{"line":394,"column":12}},"loc":{"start":{"line":394,"column":41},"end":{"line":394,"column":60}},"line":394},"34":{"name":"(anonymous_34)","decl":{"start":{"line":395,"column":43},"end":{"line":395,"column":44}},"loc":{"start":{"line":395,"column":54},"end":{"line":395,"column":89}},"line":395},"35":{"name":"getChildExchanges","decl":{"start":{"line":402,"column":16},"end":{"line":402,"column":null}},"loc":{"start":{"line":406,"column":14},"end":{"line":408,"column":null}},"line":406},"36":{"name":"canCreateSideChats","decl":{"start":{"line":410,"column":16},"end":{"line":410,"column":null}},"loc":{"start":{"line":414,"column":11},"end":{"line":425,"column":null}},"line":414},"37":{"name":"canAcceptNewChat","decl":{"start":{"line":427,"column":16},"end":{"line":427,"column":null}},"loc":{"start":{"line":431,"column":11},"end":{"line":437,"column":null}},"line":431},"38":{"name":"getHistory","decl":{"start":{"line":439,"column":16},"end":{"line":439,"column":27}},"loc":{"start":{"line":439,"column":82},"end":{"line":457,"column":null}},"line":439},"39":{"name":"(anonymous_39)","decl":{"start":{"line":450,"column":21},"end":{"line":450,"column":22}},"loc":{"start":{"line":450,"column":35},"end":{"line":456,"column":2}},"line":450},"40":{"name":"getPathTokenTotal","decl":{"start":{"line":459,"column":16},"end":{"line":459,"column":34}},"loc":{"start":{"line":459,"column":86},"end":{"line":467,"column":null}},"line":459},"41":{"name":"updateExchangeTokens","decl":{"start":{"line":469,"column":16},"end":{"line":469,"column":null}},"loc":{"start":{"line":474,"column":15},"end":{"line":481,"column":null}},"line":474},"42":{"name":"updateExchangeResponse","decl":{"start":{"line":483,"column":16},"end":{"line":483,"column":null}},"loc":{"start":{"line":487,"column":15},"end":{"line":494,"column":null}},"line":487},"43":{"name":"getMainChatTail","decl":{"start":{"line":496,"column":16},"end":{"line":496,"column":32}},"loc":{"start":{"line":496,"column":71},"end":{"line":513,"column":null}},"line":496},"44":{"name":"hasBranchingExchangeDescendant","decl":{"start":{"line":515,"column":9},"end":{"line":515,"column":null}},"loc":{"start":{"line":519,"column":11},"end":{"line":534,"column":null}},"line":519},"45":{"name":"canPromoteSideChatToMainChat","decl":{"start":{"line":536,"column":16},"end":{"line":536,"column":null}},"loc":{"start":{"line":540,"column":11},"end":{"line":550,"column":null}},"line":540},"46":{"name":"(anonymous_46)","decl":{"start":{"line":545,"column":34},"end":{"line":545,"column":35}},"loc":{"start":{"line":545,"column":41},"end":{"line":545,"column":60}},"line":545},"47":{"name":"promoteSideChatToMainChat","decl":{"start":{"line":552,"column":16},"end":{"line":552,"column":42}},"loc":{"start":{"line":552,"column":99},"end":{"line":572,"column":null}},"line":552},"48":{"name":"getDescendantExchanges","decl":{"start":{"line":574,"column":16},"end":{"line":574,"column":39}},"loc":{"start":{"line":574,"column":93},"end":{"line":595,"column":null}},"line":574},"49":{"name":"(anonymous_49)","decl":{"start":{"line":583,"column":2},"end":{"line":583,"column":3}},"loc":{"start":{"line":583,"column":16},"end":{"line":583,"column":null}},"line":583},"50":{"name":"findSideChatParent","decl":{"start":{"line":601,"column":16},"end":{"line":601,"column":35}},"loc":{"start":{"line":601,"column":94},"end":{"line":617,"column":null}},"line":601},"51":{"name":"forkExchanges","decl":{"start":{"line":619,"column":16},"end":{"line":619,"column":null}},"loc":{"start":{"line":622,"column":61},"end":{"line":662,"column":null}},"line":622},"52":{"name":"hasExplicitExchangeOrder","decl":{"start":{"line":664,"column":16},"end":{"line":664,"column":41}},"loc":{"start":{"line":664,"column":74},"end":{"line":671,"column":null}},"line":664},"53":{"name":"(anonymous_53)","decl":{"start":{"line":667,"column":8},"end":{"line":667,"column":9}},"loc":{"start":{"line":667,"column":15},"end":{"line":667,"column":25}},"line":667},"54":{"name":"(anonymous_54)","decl":{"start":{"line":668,"column":11},"end":{"line":668,"column":12}},"loc":{"start":{"line":668,"column":33},"end":{"line":668,"column":44}},"line":668},"55":{"name":"(anonymous_55)","decl":{"start":{"line":670,"column":29},"end":{"line":670,"column":30}},"loc":{"start":{"line":670,"column":37},"end":{"line":670,"column":74}},"line":670},"56":{"name":"withExplicitExchangeOrder","decl":{"start":{"line":673,"column":16},"end":{"line":673,"column":42}},"loc":{"start":{"line":673,"column":79},"end":{"line":689,"column":null}},"line":673},"57":{"name":"getOrderedChildIds","decl":{"start":{"line":691,"column":9},"end":{"line":691,"column":28}},"loc":{"start":{"line":691,"column":80},"end":{"line":696,"column":null}},"line":691},"58":{"name":"(anonymous_58)","decl":{"start":{"line":693,"column":40},"end":{"line":693,"column":41}},"loc":{"start":{"line":693,"column":53},"end":{"line":693,"column":94}},"line":693},"59":{"name":"setChildOrder","decl":{"start":{"line":698,"column":9},"end":{"line":698,"column":23}},"loc":{"start":{"line":698,"column":98},"end":{"line":717,"column":null}},"line":698},"60":{"name":"(anonymous_60)","decl":{"start":{"line":706,"column":2},"end":{"line":706,"column":3}},"loc":{"start":{"line":707,"column":3},"end":{"line":707,"column":null}},"line":707}},"branchMap":{"0":{"loc":{"start":{"line":62,"column":1},"end":{"line":64,"column":null}},"type":"if","locations":[{"start":{"line":62,"column":1},"end":{"line":64,"column":null}},{"start":{},"end":{}}],"line":62},"1":{"loc":{"start":{"line":89,"column":8},"end":{"line":89,"column":null}},"type":"binary-expr","locations":[{"start":{"line":89,"column":8},"end":{"line":89,"column":31}},{"start":{"line":89,"column":31},"end":{"line":89,"column":null}}],"line":89},"2":{"loc":{"start":{"line":95,"column":1},"end":{"line":95,"column":null}},"type":"default-arg","locations":[{"start":{"line":95,"column":44},"end":{"line":95,"column":null}}],"line":95},"3":{"loc":{"start":{"line":100,"column":2},"end":{"line":102,"column":null}},"type":"if","locations":[{"start":{"line":100,"column":2},"end":{"line":102,"column":null}},{"start":{},"end":{}}],"line":100},"4":{"loc":{"start":{"line":123,"column":2},"end":{"line":129,"column":null}},"type":"if","locations":[{"start":{"line":123,"column":2},"end":{"line":129,"column":null}},{"start":{},"end":{}}],"line":123},"5":{"loc":{"start":{"line":131,"column":19},"end":{"line":131,"column":null}},"type":"binary-expr","locations":[{"start":{"line":131,"column":19},"end":{"line":131,"column":40}},{"start":{"line":131,"column":40},"end":{"line":131,"column":null}}],"line":131},"6":{"loc":{"start":{"line":148,"column":2},"end":{"line":150,"column":null}},"type":"if","locations":[{"start":{"line":148,"column":2},"end":{"line":150,"column":null}},{"start":{},"end":{}}],"line":148},"7":{"loc":{"start":{"line":152,"column":2},"end":{"line":155,"column":null}},"type":"if","locations":[{"start":{"line":152,"column":2},"end":{"line":155,"column":null}},{"start":{},"end":{}}],"line":152},"8":{"loc":{"start":{"line":180,"column":1},"end":{"line":180,"column":null}},"type":"default-arg","locations":[{"start":{"line":180,"column":12},"end":{"line":180,"column":null}}],"line":180},"9":{"loc":{"start":{"line":191,"column":1},"end":{"line":191,"column":null}},"type":"default-arg","locations":[{"start":{"line":191,"column":12},"end":{"line":191,"column":null}}],"line":191},"10":{"loc":{"start":{"line":283,"column":1},"end":{"line":295,"column":null}},"type":"switch","locations":[{"start":{"line":284,"column":2},"end":{"line":288,"column":null}},{"start":{"line":289,"column":2},"end":{"line":290,"column":null}},{"start":{"line":291,"column":2},"end":{"line":292,"column":null}},{"start":{"line":293,"column":2},"end":{"line":294,"column":null}}],"line":283},"11":{"loc":{"start":{"line":338,"column":20},"end":{"line":340,"column":null}},"type":"cond-expr","locations":[{"start":{"line":339,"column":4},"end":{"line":339,"column":null}},{"start":{"line":340,"column":4},"end":{"line":340,"column":null}}],"line":338},"12":{"loc":{"start":{"line":370,"column":8},"end":{"line":370,"column":null}},"type":"binary-expr","locations":[{"start":{"line":370,"column":8},"end":{"line":370,"column":83}},{"start":{"line":370,"column":83},"end":{"line":370,"column":null}}],"line":370},"13":{"loc":{"start":{"line":377,"column":2},"end":{"line":377,"column":null}},"type":"if","locations":[{"start":{"line":377,"column":2},"end":{"line":377,"column":null}},{"start":{},"end":{}}],"line":377},"14":{"loc":{"start":{"line":378,"column":19},"end":{"line":378,"column":null}},"type":"binary-expr","locations":[{"start":{"line":378,"column":19},"end":{"line":378,"column":70}},{"start":{"line":378,"column":70},"end":{"line":378,"column":null}}],"line":378},"15":{"loc":{"start":{"line":386,"column":2},"end":{"line":389,"column":null}},"type":"if","locations":[{"start":{"line":386,"column":2},"end":{"line":389,"column":null}},{"start":{},"end":{}}],"line":386},"16":{"loc":{"start":{"line":405,"column":1},"end":{"line":405,"column":null}},"type":"default-arg","locations":[{"start":{"line":405,"column":44},"end":{"line":405,"column":null}}],"line":405},"17":{"loc":{"start":{"line":407,"column":8},"end":{"line":407,"column":null}},"type":"binary-expr","locations":[{"start":{"line":407,"column":8},"end":{"line":407,"column":43}},{"start":{"line":407,"column":43},"end":{"line":407,"column":null}}],"line":407},"18":{"loc":{"start":{"line":413,"column":1},"end":{"line":413,"column":null}},"type":"default-arg","locations":[{"start":{"line":413,"column":44},"end":{"line":413,"column":null}}],"line":413},"19":{"loc":{"start":{"line":418,"column":2},"end":{"line":420,"column":null}},"type":"if","locations":[{"start":{"line":418,"column":2},"end":{"line":420,"column":null}},{"start":{},"end":{}}],"line":418},"20":{"loc":{"start":{"line":430,"column":1},"end":{"line":430,"column":null}},"type":"default-arg","locations":[{"start":{"line":430,"column":44},"end":{"line":430,"column":null}}],"line":430},"21":{"loc":{"start":{"line":432,"column":1},"end":{"line":434,"column":null}},"type":"if","locations":[{"start":{"line":432,"column":1},"end":{"line":434,"column":null}},{"start":{},"end":{}}],"line":432},"22":{"loc":{"start":{"line":448,"column":12},"end":{"line":448,"column":null}},"type":"cond-expr","locations":[{"start":{"line":448,"column":31},"end":{"line":448,"column":61}},{"start":{"line":448,"column":61},"end":{"line":448,"column":null}}],"line":448},"23":{"loc":{"start":{"line":451,"column":2},"end":{"line":451,"column":null}},"type":"if","locations":[{"start":{"line":451,"column":2},"end":{"line":451,"column":null}},{"start":{},"end":{}}],"line":451},"24":{"loc":{"start":{"line":453,"column":2},"end":{"line":454,"column":null}},"type":"if","locations":[{"start":{"line":453,"column":2},"end":{"line":454,"column":null}},{"start":{},"end":{}}],"line":453},"25":{"loc":{"start":{"line":463,"column":12},"end":{"line":463,"column":42}},"type":"binary-expr","locations":[{"start":{"line":463,"column":12},"end":{"line":463,"column":36}},{"start":{"line":463,"column":36},"end":{"line":463,"column":42}}],"line":463},"26":{"loc":{"start":{"line":463,"column":42},"end":{"line":463,"column":null}},"type":"binary-expr","locations":[{"start":{"line":463,"column":42},"end":{"line":463,"column":68}},{"start":{"line":463,"column":68},"end":{"line":463,"column":null}}],"line":463},"27":{"loc":{"start":{"line":464,"column":12},"end":{"line":464,"column":null}},"type":"cond-expr","locations":[{"start":{"line":464,"column":31},"end":{"line":464,"column":61}},{"start":{"line":464,"column":61},"end":{"line":464,"column":null}}],"line":464},"28":{"loc":{"start":{"line":498,"column":1},"end":{"line":498,"column":null}},"type":"if","locations":[{"start":{"line":498,"column":1},"end":{"line":498,"column":null}},{"start":{},"end":{}}],"line":498},"29":{"loc":{"start":{"line":502,"column":1},"end":{"line":506,"column":null}},"type":"if","locations":[{"start":{"line":502,"column":1},"end":{"line":506,"column":null}},{"start":{},"end":{}}],"line":502},"30":{"loc":{"start":{"line":504,"column":2},"end":{"line":504,"column":null}},"type":"if","locations":[{"start":{"line":504,"column":2},"end":{"line":504,"column":null}},{"start":{},"end":{}}],"line":504},"31":{"loc":{"start":{"line":510,"column":2},"end":{"line":510,"column":null}},"type":"if","locations":[{"start":{"line":510,"column":2},"end":{"line":510,"column":null}},{"start":{},"end":{}}],"line":510},"32":{"loc":{"start":{"line":518,"column":1},"end":{"line":518,"column":null}},"type":"default-arg","locations":[{"start":{"line":518,"column":44},"end":{"line":518,"column":null}}],"line":518},"33":{"loc":{"start":{"line":525,"column":2},"end":{"line":527,"column":null}},"type":"if","locations":[{"start":{"line":525,"column":2},"end":{"line":527,"column":null}},{"start":{},"end":{}}],"line":525},"34":{"loc":{"start":{"line":539,"column":1},"end":{"line":539,"column":null}},"type":"default-arg","locations":[{"start":{"line":539,"column":44},"end":{"line":539,"column":null}}],"line":539},"35":{"loc":{"start":{"line":542,"column":1},"end":{"line":542,"column":null}},"type":"if","locations":[{"start":{"line":542,"column":1},"end":{"line":542,"column":null}},{"start":{},"end":{}}],"line":542},"36":{"loc":{"start":{"line":546,"column":1},"end":{"line":546,"column":null}},"type":"if","locations":[{"start":{"line":546,"column":1},"end":{"line":546,"column":null}},{"start":{},"end":{}}],"line":546},"37":{"loc":{"start":{"line":606,"column":8},"end":{"line":606,"column":37}},"type":"binary-expr","locations":[{"start":{"line":606,"column":8},"end":{"line":606,"column":19}},{"start":{"line":606,"column":19},"end":{"line":606,"column":37}}],"line":606},"38":{"loc":{"start":{"line":608,"column":2},"end":{"line":608,"column":null}},"type":"if","locations":[{"start":{"line":608,"column":2},"end":{"line":608,"column":null}},{"start":{},"end":{}}],"line":608},"39":{"loc":{"start":{"line":610,"column":2},"end":{"line":612,"column":null}},"type":"if","locations":[{"start":{"line":610,"column":2},"end":{"line":612,"column":null}},{"start":{},"end":{}}],"line":610},"40":{"loc":{"start":{"line":610,"column":6},"end":{"line":610,"column":60}},"type":"binary-expr","locations":[{"start":{"line":610,"column":6},"end":{"line":610,"column":29}},{"start":{"line":610,"column":29},"end":{"line":610,"column":60}}],"line":610},"41":{"loc":{"start":{"line":625,"column":8},"end":{"line":625,"column":38}},"type":"binary-expr","locations":[{"start":{"line":625,"column":8},"end":{"line":625,"column":19}},{"start":{"line":625,"column":19},"end":{"line":625,"column":38}}],"line":625},"42":{"loc":{"start":{"line":627,"column":12},"end":{"line":627,"column":null}},"type":"cond-expr","locations":[{"start":{"line":627,"column":31},"end":{"line":627,"column":61}},{"start":{"line":627,"column":61},"end":{"line":627,"column":null}}],"line":627},"43":{"loc":{"start":{"line":630,"column":1},"end":{"line":630,"column":null}},"type":"if","locations":[{"start":{"line":630,"column":1},"end":{"line":630,"column":null}},{"start":{},"end":{}}],"line":630},"44":{"loc":{"start":{"line":645,"column":2},"end":{"line":645,"column":null}},"type":"if","locations":[{"start":{"line":645,"column":2},"end":{"line":645,"column":null}},{"start":{},"end":{}}],"line":645},"45":{"loc":{"start":{"line":646,"column":25},"end":{"line":646,"column":null}},"type":"cond-expr","locations":[{"start":{"line":646,"column":45},"end":{"line":646,"column":76}},{"start":{"line":646,"column":76},"end":{"line":646,"column":null}}],"line":646},"46":{"loc":{"start":{"line":647,"column":25},"end":{"line":647,"column":null}},"type":"binary-expr","locations":[{"start":{"line":647,"column":25},"end":{"line":647,"column":43}},{"start":{"line":647,"column":43},"end":{"line":647,"column":null}}],"line":647},"47":{"loc":{"start":{"line":678,"column":2},"end":{"line":678,"column":null}},"type":"if","locations":[{"start":{"line":678,"column":2},"end":{"line":678,"column":null}},{"start":{},"end":{}}],"line":678},"48":{"loc":{"start":{"line":679,"column":19},"end":{"line":679,"column":null}},"type":"binary-expr","locations":[{"start":{"line":679,"column":19},"end":{"line":679,"column":69}},{"start":{"line":679,"column":69},"end":{"line":679,"column":null}}],"line":679},"49":{"loc":{"start":{"line":693,"column":2},"end":{"line":694,"column":null}},"type":"binary-expr","locations":[{"start":{"line":693,"column":2},"end":{"line":693,"column":null}},{"start":{"line":694,"column":2},"end":{"line":694,"column":null}}],"line":693},"50":{"loc":{"start":{"line":707,"column":3},"end":{"line":707,"column":null}},"type":"binary-expr","locations":[{"start":{"line":707,"column":3},"end":{"line":707,"column":42}},{"start":{"line":707,"column":42},"end":{"line":707,"column":null}}],"line":707}},"s":{"0":1,"1":123,"2":26,"3":26,"4":4137,"5":24,"6":509,"7":509,"8":509,"9":28,"10":28,"11":231,"12":551,"13":551,"14":413,"15":413,"16":537,"17":80,"18":457,"19":333,"20":244,"21":664,"22":244,"23":244,"24":244,"25":244,"26":244,"27":244,"28":655,"29":414,"30":414,"31":654,"32":655,"33":655,"34":418,"35":418,"36":418,"37":651,"38":238,"39":413,"40":80,"41":80,"42":236,"43":236,"44":236,"45":647,"46":647,"47":647,"48":411,"49":236,"50":236,"51":12,"52":191,"53":191,"54":191,"55":191,"56":191,"57":17,"58":17,"59":17,"60":17,"61":17,"62":12,"63":17,"64":17,"65":17,"66":12,"67":12,"68":15,"69":17,"70":15,"71":15,"72":17,"73":15,"74":15,"75":15,"76":11,"77":2,"78":2,"79":2,"80":2,"81":3,"82":3,"83":3,"84":3,"85":3,"86":5,"87":10,"88":10,"89":2,"90":3,"91":3,"92":1,"93":15,"94":15,"95":15,"96":15,"97":15,"98":15,"99":15,"100":18,"101":18,"102":18,"103":5,"104":13,"105":13,"106":18,"107":13,"108":22,"109":22,"110":13,"111":13,"112":3,"113":3,"114":3,"115":3,"116":3,"117":3,"118":3,"119":2,"120":2,"121":3,"122":10,"123":8,"124":334,"125":334,"126":950,"127":334,"128":616,"129":950,"130":950,"131":334,"132":334,"133":490,"134":490,"135":2,"136":2,"137":488,"138":614,"139":488,"140":614,"141":614,"142":488,"143":614,"144":488,"145":334,"146":1406,"147":13,"148":13,"149":14,"150":5,"151":9,"152":8,"153":5,"154":2,"155":3,"156":8,"157":8,"158":8,"159":15,"160":15,"161":7,"162":15,"163":7,"164":8,"165":8,"166":7,"167":8,"168":4,"169":4,"170":4,"171":6,"172":6,"173":4,"174":6,"175":6,"176":3,"177":3,"178":8,"179":8,"180":1,"181":7,"182":7,"183":7,"184":5,"185":5,"186":1,"187":4,"188":6,"189":11,"190":11,"191":6,"192":5,"193":3,"194":3,"195":5,"196":5,"197":5,"198":2,"199":3,"200":2,"201":1,"202":7,"203":7,"204":2,"205":5,"206":5,"207":8,"208":5,"209":2,"210":3,"211":3,"212":8,"213":8,"214":8,"215":8,"216":8,"217":8,"218":8,"219":8,"220":8,"221":5,"222":5,"223":5,"224":5,"225":4,"226":5,"227":6,"228":6,"229":6,"230":2,"231":4,"232":5,"233":5,"234":5,"235":5,"236":4,"237":4,"238":0,"239":4,"240":4,"241":2,"242":4,"243":5,"244":9,"245":9,"246":9,"247":11,"248":11,"249":9,"250":2,"251":7,"252":7,"253":7,"254":7,"255":11,"256":7,"257":7,"258":11,"259":11,"260":7,"261":11,"262":11,"263":11,"264":7,"265":5,"266":10,"267":10,"268":5,"269":5,"270":9,"271":9,"272":9,"273":22,"274":9,"275":13,"276":22,"277":22,"278":9,"279":13,"280":9,"281":685,"282":676,"283":235,"284":235,"285":284,"286":235},"f":{"0":123,"1":26,"2":4137,"3":509,"4":28,"5":231,"6":551,"7":413,"8":244,"9":664,"10":12,"11":191,"12":17,"13":12,"14":17,"15":17,"16":11,"17":2,"18":3,"19":3,"20":5,"21":10,"22":15,"23":22,"24":22,"25":3,"26":3,"27":2,"28":10,"29":8,"30":334,"31":614,"32":614,"33":614,"34":614,"35":1406,"36":13,"37":5,"38":8,"39":15,"40":4,"41":6,"42":3,"43":8,"44":3,"45":7,"46":8,"47":8,"48":5,"49":4,"50":5,"51":9,"52":5,"53":10,"54":10,"55":5,"56":9,"57":685,"58":676,"59":235,"60":284},"b":{"0":[24,4113],"1":[551,551],"2":[413],"3":[80,457],"4":[414,241],"5":[654,297],"6":[238,413],"7":[80,333],"8":[12],"9":[191],"10":[2,3,3,1],"11":[2,1],"12":[10,2],"13":[334,616],"14":[616,490],"15":[2,488],"16":[1406],"17":[1406,415],"18":[13],"19":[5,9],"20":[5],"21":[2,3],"22":[8,7],"23":[7,8],"24":[7,1],"25":[6,4],"26":[6,4],"27":[3,3],"28":[1,7],"29":[5,2],"30":[1,4],"31":[6,5],"32":[3],"33":[2,3],"34":[7],"35":[2,5],"36":[2,3],"37":[5,8],"38":[0,4],"39":[2,2],"40":[4,2],"41":[9,19],"42":[11,0],"43":[2,7],"44":[7,4],"45":[11,0],"46":[11,7],"47":[9,13],"48":[13,13],"49":[685,147],"50":[284,284]},"meta":{"lastBranch":51,"lastFunction":61,"lastStatement":287,"seen":{"s:21:30:21:Infinity":0,"f:42:16:42:51":0,"s:43:1:51:Infinity":1,"f:55:1:55:13":1,"s:56:2:56:Infinity":2,"s:57:2:57:Infinity":3,"f:61:9:61:16":2,"b:62:1:64:Infinity:undefined:undefined:undefined:undefined":0,"s:62:1:64:Infinity":4,"s:63:2:63:Infinity":5,"f:67:9:67:25":3,"s:68:18:68:Infinity":6,"s:69:1:69:Infinity":7,"s:70:1:70:Infinity":8,"f:73:9:73:25":4,"s:74:1:74:Infinity":9,"s:75:1:75:Infinity":10,"f:78:9:78:26":5,"s:79:1:79:Infinity":11,"f:82:9:82:Infinity":6,"s:88:18:88:Infinity":12,"s:89:1:89:Infinity":13,"b:89:8:89:31:89:31:89:Infinity":1,"f:92:9:92:Infinity":7,"b:95:44:95:Infinity":2,"s:97:15:97:Infinity":14,"s:99:1:104:Infinity":15,"b:100:2:102:Infinity:undefined:undefined:undefined:undefined":3,"s:100:2:102:Infinity":16,"s:101:3:101:Infinity":17,"s:103:2:103:Infinity":18,"s:106:1:106:Infinity":19,"f:109:16:109:33":8,"s:110:23:110:Infinity":20,"f:110:55:110:56":9,"s:110:69:110:95":21,"s:111:1:114:Infinity":22,"s:116:14:116:Infinity":23,"s:117:1:117:Infinity":24,"s:118:1:118:Infinity":25,"s:120:29:120:Infinity":26,"s:122:1:156:Infinity":27,"b:123:2:129:Infinity:undefined:undefined:undefined:undefined":4,"s:123:2:129:Infinity":28,"s:124:3:124:Infinity":29,"s:125:3:128:Infinity":30,"s:131:19:131:Infinity":31,"b:131:19:131:40:131:40:131:Infinity":5,"s:132:2:135:Infinity":32,"s:136:2:146:Infinity":33,"s:137:17:137:Infinity":34,"s:138:3:141:Infinity":35,"s:142:3:145:Infinity":36,"b:148:2:150:Infinity:undefined:undefined:undefined:undefined":6,"s:148:2:150:Infinity":37,"s:149:3:149:Infinity":38,"b:152:2:155:Infinity:undefined:undefined:undefined:undefined":7,"s:152:2:155:Infinity":39,"s:153:20:153:Infinity":40,"s:154:3:154:Infinity":41,"s:158:17:158:Infinity":42,"s:159:15:159:Infinity":43,"s:160:1:166:Infinity":44,"s:161:20:161:Infinity":45,"s:162:2:162:Infinity":46,"s:163:2:165:Infinity":47,"s:164:3:164:Infinity":48,"s:168:1:171:Infinity":49,"s:173:1:173:Infinity":50,"f:176:16:176:Infinity":10,"b:180:12:180:Infinity":8,"s:184:1:184:Infinity":51,"f:187:16:187:Infinity":11,"b:191:12:191:Infinity":9,"s:195:1:195:Infinity":52,"s:196:1:196:Infinity":53,"s:198:12:198:Infinity":54,"s:199:27:202:Infinity":55,"s:204:1:209:Infinity":56,"f:212:16:212:31":12,"s:213:17:217:Infinity":57,"s:218:1:218:Infinity":58,"s:220:18:220:Infinity":59,"s:221:29:221:Infinity":60,"s:222:25:224:Infinity":61,"f:223:2:223:3":13,"s:223:13:223:Infinity":62,"s:225:12:225:Infinity":63,"s:226:1:226:Infinity":64,"s:228:1:231:Infinity":65,"s:229:16:229:Infinity":66,"s:230:2:230:Infinity":67,"s:233:20:235:Infinity":68,"f:234:2:234:3":14,"s:234:13:234:Infinity":69,"s:236:22:236:Infinity":70,"s:237:29:237:Infinity":71,"f:237:47:237:48":15,"s:237:55:237:72":72,"s:239:1:239:Infinity":73,"s:240:1:240:Infinity":74,"s:242:1:242:Infinity":75,"f:245:16:245:38":16,"s:246:1:246:Infinity":76,"f:249:16:249:36":17,"s:250:29:250:Infinity":77,"s:251:19:251:Infinity":78,"s:252:1:252:Infinity":79,"s:254:1:254:Infinity":80,"f:257:16:257:39":18,"s:258:29:258:Infinity":81,"s:259:22:259:Infinity":82,"s:260:1:260:Infinity":83,"s:262:1:265:Infinity":84,"f:263:2:263:3":19,"s:263:31:263:Infinity":85,"f:268:16:268:Infinity":20,"s:273:1:273:Infinity":86,"f:276:16:276:Infinity":21,"s:281:1:281:Infinity":87,"b:284:2:288:Infinity:289:2:290:Infinity:291:2:292:Infinity:293:2:294:Infinity":10,"s:283:1:295:Infinity":88,"s:285:3:288:Infinity":89,"s:290:3:290:Infinity":90,"s:292:3:292:Infinity":91,"s:294:3:294:Infinity":92,"f:298:9:298:37":22,"s:299:21:303:Infinity":93,"s:304:1:304:Infinity":94,"s:306:18:306:Infinity":95,"s:307:29:307:Infinity":96,"s:308:20:308:Infinity":97,"s:309:15:309:Infinity":98,"s:311:1:317:Infinity":99,"s:312:20:312:Infinity":100,"s:313:2:313:Infinity":101,"s:314:2:316:Infinity":102,"s:315:3:315:Infinity":103,"s:319:12:319:Infinity":104,"s:320:1:322:Infinity":105,"s:321:2:321:Infinity":106,"s:324:20:326:Infinity":107,"f:325:7:325:8":23,"s:325:18:325:26":108,"f:326:10:326:11":24,"s:326:18:326:35":109,"s:327:1:327:Infinity":110,"s:329:1:332:Infinity":111,"f:335:9:335:35":25,"s:336:29:336:Infinity":112,"s:337:19:337:Infinity":113,"s:338:20:340:Infinity":114,"b:339:4:339:Infinity:340:4:340:Infinity":11,"s:342:1:345:Infinity":115,"f:348:9:348:36":26,"s:349:29:349:Infinity":116,"s:350:19:350:Infinity":117,"s:352:24:361:Infinity":118,"f:353:2:353:3":27,"s:354:25:354:Infinity":119,"s:355:3:358:Infinity":120,"s:363:1:366:Infinity":121,"f:369:16:369:32":28,"s:370:1:370:Infinity":122,"b:370:8:370:83:370:83:370:Infinity":12,"f:370:38:370:39":29,"s:370:52:370:78":123,"f:373:16:373:41":30,"s:374:59:374:Infinity":124,"s:376:1:381:Infinity":125,"b:377:2:377:Infinity:undefined:undefined:undefined:undefined":13,"s:377:2:377:Infinity":126,"s:377:34:377:Infinity":127,"s:378:19:378:Infinity":128,"b:378:19:378:70:378:70:378:Infinity":14,"s:379:2:379:Infinity":129,"s:380:2:380:Infinity":130,"s:383:50:383:Infinity":131,"s:384:1:397:Infinity":132,"s:385:26:385:Infinity":133,"b:386:2:389:Infinity:undefined:undefined:undefined:undefined":15,"s:386:2:389:Infinity":134,"s:387:3:387:Infinity":135,"s:388:3:388:Infinity":136,"s:391:20:391:Infinity":137,"f:391:41:391:42":31,"s:391:52:391:69":138,"s:392:26:394:Infinity":139,"f:393:8:393:9":32,"s:393:21:393:43":140,"f:394:11:394:12":33,"s:394:41:394:60":141,"s:395:27:395:Infinity":142,"f:395:43:395:44":34,"s:395:54:395:89":143,"s:396:2:396:Infinity":144,"s:399:1:399:Infinity":145,"f:402:16:402:Infinity":35,"b:405:44:405:Infinity":16,"s:407:1:407:Infinity":146,"b:407:8:407:43:407:43:407:Infinity":17,"f:410:16:410:Infinity":36,"b:413:44:413:Infinity":18,"s:415:15:415:Infinity":147,"s:417:1:422:Infinity":148,"b:418:2:420:Infinity:undefined:undefined:undefined:undefined":19,"s:418:2:420:Infinity":149,"s:419:3:419:Infinity":150,"s:421:2:421:Infinity":151,"s:424:1:424:Infinity":152,"f:427:16:427:Infinity":37,"b:430:44:430:Infinity":20,"b:432:1:434:Infinity:undefined:undefined:undefined:undefined":21,"s:432:1:434:Infinity":153,"s:433:2:433:Infinity":154,"s:436:1:436:Infinity":155,"f:439:16:439:27":38,"s:440:26:440:Infinity":156,"s:441:37:445:Infinity":157,"s:446:1:449:Infinity":158,"s:447:2:447:Infinity":159,"s:448:2:448:Infinity":160,"b:448:31:448:61:448:61:448:Infinity":22,"s:450:1:456:Infinity":161,"f:450:21:450:22":39,"b:451:2:451:Infinity:undefined:undefined:undefined:undefined":23,"s:451:2:451:Infinity":162,"s:451:25:451:Infinity":163,"s:452:30:452:Infinity":164,"b:453:2:454:Infinity:undefined:undefined:undefined:undefined":24,"s:453:2:454:Infinity":165,"s:454:3:454:Infinity":166,"s:455:2:455:Infinity":167,"f:459:16:459:34":40,"s:460:37:460:Infinity":168,"s:461:13:461:Infinity":169,"s:462:1:465:Infinity":170,"s:463:2:463:Infinity":171,"b:463:12:463:36:463:36:463:42":25,"b:463:42:463:68:463:68:463:Infinity":26,"s:464:2:464:Infinity":172,"b:464:31:464:61:464:61:464:Infinity":27,"s:466:1:466:Infinity":173,"f:469:16:469:Infinity":41,"s:475:18:479:Infinity":174,"s:480:1:480:Infinity":175,"f:483:16:483:Infinity":42,"s:488:18:492:Infinity":176,"s:493:1:493:Infinity":177,"f:496:16:496:32":43,"s:497:14:497:Infinity":178,"b:498:1:498:Infinity:undefined:undefined:undefined:undefined":28,"s:498:1:498:Infinity":179,"s:498:12:498:Infinity":180,"s:499:29:499:Infinity":181,"s:501:25:501:Infinity":182,"b:502:1:506:Infinity:undefined:undefined:undefined:undefined":29,"s:502:1:506:Infinity":183,"s:503:23:503:Infinity":184,"b:504:2:504:Infinity:undefined:undefined:undefined:undefined":30,"s:504:2:504:Infinity":185,"s:504:33:504:Infinity":186,"s:505:2:505:Infinity":187,"s:508:1:512:Infinity":188,"s:509:19:509:Infinity":189,"b:510:2:510:Infinity:undefined:undefined:undefined:undefined":31,"s:510:2:510:Infinity":190,"s:510:29:510:Infinity":191,"s:511:2:511:Infinity":192,"f:515:9:515:Infinity":44,"b:518:44:518:Infinity":32,"s:520:15:520:Infinity":193,"s:522:1:531:Infinity":194,"s:523:20:523:Infinity":195,"s:524:19:524:Infinity":196,"b:525:2:527:Infinity:undefined:undefined:undefined:undefined":33,"s:525:2:527:Infinity":197,"s:526:3:526:Infinity":198,"s:528:2:530:Infinity":199,"s:529:3:529:Infinity":200,"s:533:1:533:Infinity":201,"f:536:16:536:Infinity":45,"b:539:44:539:Infinity":34,"s:541:18:541:Infinity":202,"b:542:1:542:Infinity:undefined:undefined:undefined:undefined":35,"s:542:1:542:Infinity":203,"s:542:26:542:Infinity":204,"s:544:18:544:Infinity":205,"s:545:15:545:Infinity":206,"f:545:34:545:35":46,"s:545:41:545:60":207,"b:546:1:546:Infinity:undefined:undefined:undefined:undefined":36,"s:546:1:546:Infinity":208,"s:546:17:546:Infinity":209,"s:548:19:548:Infinity":210,"s:549:1:549:Infinity":211,"f:552:16:552:42":47,"s:553:18:557:Infinity":212,"s:558:1:561:Infinity":213,"s:563:20:563:Infinity":214,"s:564:15:564:Infinity":215,"s:565:1:565:Infinity":216,"s:567:29:567:Infinity":217,"s:568:1:568:Infinity":218,"s:569:1:569:Infinity":219,"s:571:1:571:Infinity":220,"f:574:16:574:39":48,"s:575:1:579:Infinity":221,"s:580:29:580:Infinity":222,"s:581:26:581:Infinity":223,"s:582:15:584:Infinity":224,"f:583:2:583:3":49,"s:583:16:583:Infinity":225,"s:586:1:592:Infinity":226,"s:587:13:587:Infinity":227,"s:588:2:588:Infinity":228,"s:589:2:591:Infinity":229,"s:590:3:590:Infinity":230,"s:594:1:594:Infinity":231,"f:601:16:601:35":50,"s:602:29:602:Infinity":232,"s:603:15:603:Infinity":233,"s:604:46:604:Infinity":234,"s:606:1:614:Infinity":235,"b:606:8:606:19:606:19:606:37":37,"s:607:17:607:Infinity":236,"b:608:2:608:Infinity:undefined:undefined:undefined:undefined":38,"s:608:2:608:Infinity":237,"s:608:15:608:Infinity":238,"s:609:19:609:Infinity":239,"b:610:2:612:Infinity:undefined:undefined:undefined:undefined":39,"s:610:2:612:Infinity":240,"b:610:6:610:29:610:29:610:60":40,"s:611:3:611:Infinity":241,"s:613:2:613:Infinity":242,"s:616:1:616:Infinity":243,"f:619:16:619:Infinity":51,"s:623:26:623:Infinity":244,"s:624:37:624:Infinity":245,"s:625:1:628:Infinity":246,"b:625:8:625:19:625:19:625:38":41,"s:626:2:626:Infinity":247,"s:627:2:627:Infinity":248,"b:627:31:627:61:627:61:627:Infinity":42,"b:630:1:630:Infinity:undefined:undefined:undefined:undefined":43,"s:630:1:630:Infinity":249,"s:630:24:630:Infinity":250,"s:632:18:632:Infinity":251,"s:633:38:635:Infinity":252,"s:636:15:636:Infinity":253,"s:638:1:640:Infinity":254,"s:639:2:639:Infinity":255,"s:642:21:642:Infinity":256,"s:643:1:659:Infinity":257,"s:644:19:644:Infinity":258,"b:645:2:645:Infinity:undefined:undefined:undefined:undefined":44,"s:645:2:645:Infinity":259,"s:645:22:645:Infinity":260,"s:646:25:646:Infinity":261,"b:646:45:646:76:646:76:646:Infinity":45,"s:647:25:647:Infinity":262,"b:647:25:647:43:647:43:647:Infinity":46,"s:649:2:658:Infinity":263,"s:661:1:661:Infinity":264,"f:664:16:664:41":52,"s:665:19:669:Infinity":265,"f:667:8:667:9":53,"s:667:15:667:25":266,"f:668:11:668:12":54,"s:668:33:668:44":267,"s:670:1:670:Infinity":268,"f:670:29:670:30":55,"s:670:37:670:74":269,"f:673:16:673:42":56,"s:674:12:674:Infinity":270,"s:675:63:675:Infinity":271,"s:677:1:682:Infinity":272,"b:678:2:678:Infinity:undefined:undefined:undefined:undefined":47,"s:678:2:678:Infinity":273,"s:678:34:678:Infinity":274,"s:679:19:679:Infinity":275,"b:679:19:679:69:679:69:679:Infinity":48,"s:680:2:680:Infinity":276,"s:681:2:681:Infinity":277,"s:684:1:686:Infinity":278,"s:685:2:685:Infinity":279,"s:688:1:688:Infinity":280,"f:691:9:691:28":57,"s:692:1:694:Infinity":281,"b:693:2:693:Infinity:694:2:694:Infinity":49,"f:693:40:693:41":58,"s:693:53:693:94":282,"f:698:9:698:23":59,"s:699:16:703:Infinity":283,"s:705:28:708:Infinity":284,"f:706:2:706:3":60,"s:707:3:707:Infinity":285,"b:707:3:707:42:707:42:707:Infinity":50,"s:710:1:716:Infinity":286}}}
}
