{"/Users/jonroby/ai/superset-svelte/src/domain/models/index.ts": {"path":"/Users/jonroby/ai/superset-svelte/src/domain/models/index.ts","statementMap":{"0":{"start":{"line":1,"column":31},"end":{"line":1,"column":null}},"1":{"start":{"line":2,"column":35},"end":{"line":11,"column":null}},"2":{"start":{"line":12,"column":25},"end":{"line":12,"column":null}},"3":{"start":{"line":49,"column":93},"end":{"line":154,"column":null}},"4":{"start":{"line":156,"column":24},"end":{"line":164,"column":null}},"5":{"start":{"line":159,"column":1},"end":{"line":164,"column":null}},"6":{"start":{"line":160,"column":40},"end":{"line":163,"column":3}},"7":{"start":{"line":166,"column":31},"end":{"line":166,"column":null}},"8":{"start":{"line":166,"column":63},"end":{"line":166,"column":80}},"9":{"start":{"line":167,"column":31},"end":{"line":167,"column":null}},"10":{"start":{"line":167,"column":63},"end":{"line":167,"column":80}},"11":{"start":{"line":169,"column":29},"end":{"line":173,"column":null}},"12":{"start":{"line":171,"column":2},"end":{"line":171,"column":null}},"13":{"start":{"line":171,"column":43},"end":{"line":171,"column":72}},"14":{"start":{"line":175,"column":41},"end":{"line":177,"column":null}},"15":{"start":{"line":176,"column":1},"end":{"line":176,"column":null}},"16":{"start":{"line":176,"column":53},"end":{"line":176,"column":84}},"17":{"start":{"line":179,"column":29},"end":{"line":179,"column":null}},"18":{"start":{"line":184,"column":1},"end":{"line":184,"column":null}},"19":{"start":{"line":188,"column":1},"end":{"line":190,"column":null}},"20":{"start":{"line":189,"column":2},"end":{"line":189,"column":null}},"21":{"start":{"line":192,"column":1},"end":{"line":192,"column":null}},"22":{"start":{"line":196,"column":1},"end":{"line":196,"column":null}}},"fnMap":{"0":{"name":"(anonymous_0)","decl":{"start":{"line":156,"column":24},"end":{"line":156,"column":null}},"loc":{"start":{"line":159,"column":1},"end":{"line":164,"column":null}},"line":159},"1":{"name":"(anonymous_1)","decl":{"start":{"line":160,"column":26},"end":{"line":160,"column":27}},"loc":{"start":{"line":160,"column":40},"end":{"line":163,"column":3}},"line":160},"2":{"name":"(anonymous_2)","decl":{"start":{"line":166,"column":47},"end":{"line":166,"column":48}},"loc":{"start":{"line":166,"column":63},"end":{"line":166,"column":80}},"line":166},"3":{"name":"(anonymous_3)","decl":{"start":{"line":167,"column":47},"end":{"line":167,"column":48}},"loc":{"start":{"line":167,"column":63},"end":{"line":167,"column":80}},"line":167},"4":{"name":"(anonymous_4)","decl":{"start":{"line":170,"column":29},"end":{"line":170,"column":30}},"loc":{"start":{"line":171,"column":2},"end":{"line":171,"column":null}},"line":171},"5":{"name":"(anonymous_5)","decl":{"start":{"line":171,"column":32},"end":{"line":171,"column":33}},"loc":{"start":{"line":171,"column":43},"end":{"line":171,"column":72}},"line":171},"6":{"name":"(anonymous_6)","decl":{"start":{"line":175,"column":57},"end":{"line":175,"column":58}},"loc":{"start":{"line":176,"column":1},"end":{"line":176,"column":null}},"line":176},"7":{"name":"(anonymous_7)","decl":{"start":{"line":176,"column":42},"end":{"line":176,"column":43}},"loc":{"start":{"line":176,"column":53},"end":{"line":176,"column":84}},"line":176},"8":{"name":"isKeyBasedProvider","decl":{"start":{"line":183,"column":16},"end":{"line":183,"column":35}},"loc":{"start":{"line":183,"column":85},"end":{"line":185,"column":null}},"line":183},"9":{"name":"getModelContextLength","decl":{"start":{"line":187,"column":16},"end":{"line":187,"column":38}},"loc":{"start":{"line":187,"column":90},"end":{"line":193,"column":null}},"line":187},"10":{"name":"getProviderForModelId","decl":{"start":{"line":195,"column":16},"end":{"line":195,"column":38}},"loc":{"start":{"line":195,"column":80},"end":{"line":197,"column":null}},"line":195}},"branchMap":{"0":{"loc":{"start":{"line":188,"column":1},"end":{"line":190,"column":null}},"type":"if","locations":[{"start":{"line":188,"column":1},"end":{"line":190,"column":null}},{"start":{},"end":{}}],"line":188},"1":{"loc":{"start":{"line":192,"column":8},"end":{"line":192,"column":null}},"type":"binary-expr","locations":[{"start":{"line":192,"column":8},"end":{"line":192,"column":63}},{"start":{"line":192,"column":63},"end":{"line":192,"column":null}}],"line":192},"2":{"loc":{"start":{"line":196,"column":8},"end":{"line":196,"column":null}},"type":"binary-expr","locations":[{"start":{"line":196,"column":8},"end":{"line":196,"column":41}},{"start":{"line":196,"column":41},"end":{"line":196,"column":null}}],"line":196}},"s":{"0":1,"1":1,"2":1,"3":1,"4":1,"5":3,"6":24,"7":1,"8":8,"9":1,"10":8,"11":1,"12":8,"13":32,"14":1,"15":8,"16":32,"17":1,"18":7,"19":3,"20":0,"21":3,"22":0},"f":{"0":3,"1":24,"2":8,"3":8,"4":8,"5":32,"6":8,"7":32,"8":7,"9":3,"10":0},"b":{"0":[0,3],"1":[3,1],"2":[0,0]},"meta":{"lastBranch":3,"lastFunction":11,"lastStatement":23,"seen":{"s:1:31:1:Infinity":0,"s:2:35:11:Infinity":1,"s:12:25:12:Infinity":2,"s:49:93:154:Infinity":3,"s:156:24:164:Infinity":4,"f:156:24:156:Infinity":0,"s:159:1:164:Infinity":5,"f:160:26:160:27":1,"s:160:40:163:3":6,"s:166:31:166:Infinity":7,"f:166:47:166:48":2,"s:166:63:166:80":8,"s:167:31:167:Infinity":9,"f:167:47:167:48":3,"s:167:63:167:80":10,"s:169:29:173:Infinity":11,"f:170:29:170:30":4,"s:171:2:171:Infinity":12,"f:171:32:171:33":5,"s:171:43:171:72":13,"s:175:41:177:Infinity":14,"f:175:57:175:58":6,"s:176:1:176:Infinity":15,"f:176:42:176:43":7,"s:176:53:176:84":16,"s:179:29:179:Infinity":17,"f:183:16:183:35":8,"s:184:1:184:Infinity":18,"f:187:16:187:38":9,"b:188:1:190:Infinity:undefined:undefined:undefined:undefined":0,"s:188:1:190:Infinity":19,"s:189:2:189:Infinity":20,"s:192:1:192:Infinity":21,"b:192:8:192:63:192:63:192:Infinity":1,"f:195:16:195:38":10,"s:196:1:196:Infinity":22,"b:196:8:196:41:196:41:196:Infinity":2}}}
,"/Users/jonroby/ai/superset-svelte/src/domain/tree/index.ts": {"path":"/Users/jonroby/ai/superset-svelte/src/domain/tree/index.ts","statementMap":{"0":{"start":{"line":55,"column":2},"end":{"line":55,"column":null}},"1":{"start":{"line":56,"column":2},"end":{"line":56,"column":null}},"2":{"start":{"line":61,"column":1},"end":{"line":63,"column":null}},"3":{"start":{"line":62,"column":2},"end":{"line":62,"column":null}},"4":{"start":{"line":67,"column":14},"end":{"line":67,"column":null}},"5":{"start":{"line":68,"column":1},"end":{"line":68,"column":null}},"6":{"start":{"line":69,"column":1},"end":{"line":69,"column":null}},"7":{"start":{"line":81,"column":1},"end":{"line":81,"column":null}},"8":{"start":{"line":92,"column":16},"end":{"line":96,"column":null}},"9":{"start":{"line":97,"column":15},"end":{"line":97,"column":null}},"10":{"start":{"line":99,"column":1},"end":{"line":102,"column":null}},"11":{"start":{"line":103,"column":1},"end":{"line":106,"column":null}},"12":{"start":{"line":108,"column":22},"end":{"line":108,"column":null}},"13":{"start":{"line":109,"column":1},"end":{"line":113,"column":null}},"14":{"start":{"line":110,"column":2},"end":{"line":110,"column":null}},"15":{"start":{"line":112,"column":2},"end":{"line":112,"column":null}},"16":{"start":{"line":115,"column":1},"end":{"line":118,"column":null}},"17":{"start":{"line":124,"column":44},"end":{"line":124,"column":null}},"18":{"start":{"line":126,"column":1},"end":{"line":140,"column":null}},"19":{"start":{"line":127,"column":2},"end":{"line":127,"column":null}},"20":{"start":{"line":127,"column":38},"end":{"line":127,"column":null}},"21":{"start":{"line":128,"column":2},"end":{"line":139,"column":null}},"22":{"start":{"line":129,"column":17},"end":{"line":129,"column":null}},"23":{"start":{"line":130,"column":3},"end":{"line":133,"column":null}},"24":{"start":{"line":134,"column":3},"end":{"line":137,"column":null}},"25":{"start":{"line":138,"column":3},"end":{"line":138,"column":null}},"26":{"start":{"line":142,"column":1},"end":{"line":142,"column":null}},"27":{"start":{"line":146,"column":1},"end":{"line":149,"column":null}},"28":{"start":{"line":153,"column":22},"end":{"line":153,"column":null}},"29":{"start":{"line":155,"column":1},"end":{"line":158,"column":null}},"30":{"start":{"line":156,"column":2},"end":{"line":156,"column":null}},"31":{"start":{"line":157,"column":2},"end":{"line":157,"column":null}},"32":{"start":{"line":160,"column":15},"end":{"line":160,"column":null}},"33":{"start":{"line":160,"column":42},"end":{"line":160,"column":61}},"34":{"start":{"line":161,"column":1},"end":{"line":161,"column":null}},"35":{"start":{"line":162,"column":14},"end":{"line":162,"column":null}},"36":{"start":{"line":163,"column":1},"end":{"line":166,"column":null}},"37":{"start":{"line":168,"column":1},"end":{"line":181,"column":null}},"38":{"start":{"line":169,"column":2},"end":{"line":169,"column":null}},"39":{"start":{"line":169,"column":34},"end":{"line":169,"column":null}},"40":{"start":{"line":171,"column":2},"end":{"line":174,"column":null}},"41":{"start":{"line":176,"column":17},"end":{"line":176,"column":null}},"42":{"start":{"line":177,"column":2},"end":{"line":180,"column":null}},"43":{"start":{"line":183,"column":1},"end":{"line":201,"column":null}},"44":{"start":{"line":184,"column":19},"end":{"line":184,"column":null}},"45":{"start":{"line":185,"column":2},"end":{"line":188,"column":null}},"46":{"start":{"line":190,"column":2},"end":{"line":200,"column":null}},"47":{"start":{"line":191,"column":17},"end":{"line":191,"column":null}},"48":{"start":{"line":192,"column":3},"end":{"line":195,"column":null}},"49":{"start":{"line":196,"column":3},"end":{"line":199,"column":null}},"50":{"start":{"line":203,"column":17},"end":{"line":203,"column":null}},"51":{"start":{"line":205,"column":1},"end":{"line":212,"column":null}},"52":{"start":{"line":206,"column":2},"end":{"line":211,"column":null}},"53":{"start":{"line":207,"column":3},"end":{"line":210,"column":null}},"54":{"start":{"line":214,"column":17},"end":{"line":214,"column":null}},"55":{"start":{"line":215,"column":15},"end":{"line":215,"column":null}},"56":{"start":{"line":216,"column":1},"end":{"line":223,"column":null}},"57":{"start":{"line":217,"column":20},"end":{"line":217,"column":null}},"58":{"start":{"line":218,"column":2},"end":{"line":218,"column":null}},"59":{"start":{"line":218,"column":30},"end":{"line":218,"column":null}},"60":{"start":{"line":219,"column":2},"end":{"line":219,"column":null}},"61":{"start":{"line":220,"column":2},"end":{"line":222,"column":null}},"62":{"start":{"line":221,"column":3},"end":{"line":221,"column":null}},"63":{"start":{"line":224,"column":1},"end":{"line":224,"column":null}},"64":{"start":{"line":226,"column":1},"end":{"line":226,"column":null}},"65":{"start":{"line":232,"column":1},"end":{"line":232,"column":null}},"66":{"start":{"line":236,"column":37},"end":{"line":236,"column":null}},"67":{"start":{"line":237,"column":1},"end":{"line":237,"column":null}},"68":{"start":{"line":239,"column":1},"end":{"line":245,"column":null}},"69":{"start":{"line":240,"column":2},"end":{"line":240,"column":null}},"70":{"start":{"line":240,"column":33},"end":{"line":240,"column":null}},"71":{"start":{"line":241,"column":2},"end":{"line":243,"column":null}},"72":{"start":{"line":242,"column":3},"end":{"line":242,"column":null}},"73":{"start":{"line":244,"column":2},"end":{"line":244,"column":null}},"74":{"start":{"line":247,"column":1},"end":{"line":247,"column":null}},"75":{"start":{"line":251,"column":1},"end":{"line":251,"column":null}},"76":{"start":{"line":255,"column":26},"end":{"line":255,"column":null}},"77":{"start":{"line":256,"column":37},"end":{"line":256,"column":null}},"78":{"start":{"line":257,"column":1},"end":{"line":257,"column":null}},"79":{"start":{"line":259,"column":1},"end":{"line":263,"column":null}},"80":{"start":{"line":260,"column":2},"end":{"line":260,"column":null}},"81":{"start":{"line":261,"column":2},"end":{"line":261,"column":null}},"82":{"start":{"line":261,"column":33},"end":{"line":261,"column":null}},"83":{"start":{"line":262,"column":2},"end":{"line":262,"column":null}},"84":{"start":{"line":265,"column":1},"end":{"line":265,"column":null}},"85":{"start":{"line":269,"column":1},"end":{"line":269,"column":null}},"86":{"start":{"line":271,"column":17},"end":{"line":271,"column":null}},"87":{"start":{"line":272,"column":15},"end":{"line":272,"column":null}},"88":{"start":{"line":273,"column":23},"end":{"line":273,"column":null}},"89":{"start":{"line":275,"column":1},"end":{"line":283,"column":null}},"90":{"start":{"line":276,"column":20},"end":{"line":276,"column":null}},"91":{"start":{"line":277,"column":2},"end":{"line":277,"column":null}},"92":{"start":{"line":277,"column":30},"end":{"line":277,"column":null}},"93":{"start":{"line":278,"column":2},"end":{"line":278,"column":null}},"94":{"start":{"line":279,"column":2},"end":{"line":279,"column":null}},"95":{"start":{"line":280,"column":2},"end":{"line":282,"column":null}},"96":{"start":{"line":281,"column":3},"end":{"line":281,"column":null}},"97":{"start":{"line":285,"column":1},"end":{"line":285,"column":null}},"98":{"start":{"line":289,"column":15},"end":{"line":289,"column":null}},"99":{"start":{"line":291,"column":1},"end":{"line":298,"column":null}},"100":{"start":{"line":292,"column":20},"end":{"line":292,"column":null}},"101":{"start":{"line":293,"column":19},"end":{"line":293,"column":null}},"102":{"start":{"line":294,"column":2},"end":{"line":294,"column":null}},"103":{"start":{"line":294,"column":27},"end":{"line":294,"column":null}},"104":{"start":{"line":295,"column":2},"end":{"line":297,"column":null}},"105":{"start":{"line":296,"column":3},"end":{"line":296,"column":null}},"106":{"start":{"line":300,"column":1},"end":{"line":300,"column":null}},"107":{"start":{"line":306,"column":18},"end":{"line":310,"column":null}},"108":{"start":{"line":311,"column":17},"end":{"line":311,"column":null}},"109":{"start":{"line":312,"column":18},"end":{"line":312,"column":null}},"110":{"start":{"line":313,"column":18},"end":{"line":313,"column":null}},"111":{"start":{"line":313,"column":38},"end":{"line":313,"column":42}},"112":{"start":{"line":316,"column":14},"end":{"line":316,"column":null}},"113":{"start":{"line":317,"column":1},"end":{"line":317,"column":null}},"114":{"start":{"line":318,"column":18},"end":{"line":318,"column":null}},"115":{"start":{"line":320,"column":1},"end":{"line":350,"column":null}},"116":{"start":{"line":321,"column":2},"end":{"line":336,"column":null}},"117":{"start":{"line":322,"column":3},"end":{"line":322,"column":null}},"118":{"start":{"line":324,"column":21},"end":{"line":324,"column":null}},"119":{"start":{"line":325,"column":3},"end":{"line":325,"column":null}},"120":{"start":{"line":326,"column":3},"end":{"line":330,"column":null}},"121":{"start":{"line":331,"column":3},"end":{"line":335,"column":null}},"122":{"start":{"line":331,"column":16},"end":{"line":331,"column":19}},"123":{"start":{"line":332,"column":16},"end":{"line":332,"column":null}},"124":{"start":{"line":333,"column":4},"end":{"line":333,"column":null}},"125":{"start":{"line":334,"column":4},"end":{"line":334,"column":null}},"126":{"start":{"line":338,"column":19},"end":{"line":338,"column":null}},"127":{"start":{"line":339,"column":17},"end":{"line":339,"column":null}},"128":{"start":{"line":340,"column":23},"end":{"line":340,"column":null}},"129":{"start":{"line":341,"column":2},"end":{"line":341,"column":null}},"130":{"start":{"line":343,"column":25},"end":{"line":343,"column":null}},"131":{"start":{"line":343,"column":56},"end":{"line":343,"column":73}},"132":{"start":{"line":344,"column":2},"end":{"line":348,"column":null}},"133":{"start":{"line":344,"column":15},"end":{"line":344,"column":18}},"134":{"start":{"line":345,"column":15},"end":{"line":345,"column":null}},"135":{"start":{"line":346,"column":3},"end":{"line":346,"column":null}},"136":{"start":{"line":347,"column":3},"end":{"line":347,"column":null}},"137":{"start":{"line":349,"column":2},"end":{"line":349,"column":null}},"138":{"start":{"line":352,"column":1},"end":{"line":352,"column":null}},"139":{"start":{"line":359,"column":18},"end":{"line":363,"column":null}},"140":{"start":{"line":364,"column":17},"end":{"line":364,"column":null}},"141":{"start":{"line":366,"column":20},"end":{"line":366,"column":null}},"142":{"start":{"line":367,"column":22},"end":{"line":367,"column":null}},"143":{"start":{"line":369,"column":1},"end":{"line":371,"column":null}},"144":{"start":{"line":370,"column":2},"end":{"line":370,"column":null}},"145":{"start":{"line":373,"column":16},"end":{"line":377,"column":null}},"146":{"start":{"line":378,"column":14},"end":{"line":381,"column":null}},"147":{"start":{"line":380,"column":77},"end":{"line":380,"column":94}},"148":{"start":{"line":382,"column":18},"end":{"line":384,"column":null}},"149":{"start":{"line":383,"column":40},"end":{"line":383,"column":61}},"150":{"start":{"line":386,"column":1},"end":{"line":386,"column":null}},"151":{"start":{"line":392,"column":1},"end":{"line":392,"column":null}},"152":{"start":{"line":393,"column":1},"end":{"line":393,"column":null}},"153":{"start":{"line":405,"column":11},"end":{"line":405,"column":null}},"154":{"start":{"line":406,"column":1},"end":{"line":406,"column":null}},"155":{"start":{"line":416,"column":17},"end":{"line":416,"column":null}},"156":{"start":{"line":418,"column":12},"end":{"line":418,"column":null}},"157":{"start":{"line":419,"column":31},"end":{"line":428,"column":null}},"158":{"start":{"line":430,"column":18},"end":{"line":430,"column":null}},"159":{"start":{"line":433,"column":1},"end":{"line":453,"column":null}},"160":{"start":{"line":434,"column":2},"end":{"line":434,"column":null}},"161":{"start":{"line":435,"column":2},"end":{"line":435,"column":null}},"162":{"start":{"line":437,"column":17},"end":{"line":441,"column":null}},"163":{"start":{"line":444,"column":2},"end":{"line":449,"column":null}},"164":{"start":{"line":445,"column":3},"end":{"line":448,"column":null}},"165":{"start":{"line":451,"column":2},"end":{"line":451,"column":null}},"166":{"start":{"line":452,"column":2},"end":{"line":452,"column":null}},"167":{"start":{"line":455,"column":1},"end":{"line":455,"column":null}},"168":{"start":{"line":461,"column":1},"end":{"line":461,"column":null}},"169":{"start":{"line":462,"column":1},"end":{"line":462,"column":null}},"170":{"start":{"line":466,"column":11},"end":{"line":466,"column":null}},"171":{"start":{"line":467,"column":1},"end":{"line":467,"column":null}},"172":{"start":{"line":471,"column":17},"end":{"line":471,"column":null}},"173":{"start":{"line":472,"column":19},"end":{"line":472,"column":null}},"174":{"start":{"line":473,"column":1},"end":{"line":473,"column":null}},"175":{"start":{"line":475,"column":16},"end":{"line":475,"column":null}},"176":{"start":{"line":476,"column":1},"end":{"line":476,"column":null}},"177":{"start":{"line":480,"column":17},"end":{"line":480,"column":null}},"178":{"start":{"line":481,"column":22},"end":{"line":481,"column":null}},"179":{"start":{"line":482,"column":1},"end":{"line":482,"column":null}},"180":{"start":{"line":484,"column":25},"end":{"line":484,"column":null}},"181":{"start":{"line":485,"column":1},"end":{"line":488,"column":null}},"182":{"start":{"line":486,"column":17},"end":{"line":486,"column":null}},"183":{"start":{"line":487,"column":2},"end":{"line":487,"column":null}},"184":{"start":{"line":489,"column":1},"end":{"line":489,"column":null}},"185":{"start":{"line":497,"column":11},"end":{"line":497,"column":null}},"186":{"start":{"line":498,"column":1},"end":{"line":498,"column":null}},"187":{"start":{"line":506,"column":17},"end":{"line":506,"column":null}},"188":{"start":{"line":507,"column":1},"end":{"line":507,"column":null}},"189":{"start":{"line":509,"column":1},"end":{"line":518,"column":null}},"190":{"start":{"line":511,"column":19},"end":{"line":511,"column":null}},"191":{"start":{"line":512,"column":3},"end":{"line":512,"column":null}},"192":{"start":{"line":515,"column":3},"end":{"line":515,"column":null}},"193":{"start":{"line":517,"column":3},"end":{"line":517,"column":null}},"194":{"start":{"line":522,"column":1},"end":{"line":522,"column":null}},"195":{"start":{"line":523,"column":16},"end":{"line":523,"column":null}},"196":{"start":{"line":524,"column":1},"end":{"line":524,"column":null}},"197":{"start":{"line":528,"column":19},"end":{"line":528,"column":null}},"198":{"start":{"line":530,"column":25},"end":{"line":530,"column":null}},"199":{"start":{"line":531,"column":28},"end":{"line":531,"column":null}},"200":{"start":{"line":533,"column":1},"end":{"line":537,"column":null}},"201":{"start":{"line":534,"column":17},"end":{"line":534,"column":null}},"202":{"start":{"line":535,"column":2},"end":{"line":535,"column":null}},"203":{"start":{"line":536,"column":2},"end":{"line":536,"column":null}},"204":{"start":{"line":539,"column":17},"end":{"line":539,"column":null}},"205":{"start":{"line":540,"column":1},"end":{"line":540,"column":null}},"206":{"start":{"line":544,"column":19},"end":{"line":544,"column":null}},"207":{"start":{"line":546,"column":25},"end":{"line":546,"column":null}},"208":{"start":{"line":547,"column":30},"end":{"line":547,"column":null}},"209":{"start":{"line":549,"column":1},"end":{"line":553,"column":null}},"210":{"start":{"line":550,"column":17},"end":{"line":550,"column":null}},"211":{"start":{"line":551,"column":2},"end":{"line":551,"column":null}},"212":{"start":{"line":552,"column":2},"end":{"line":552,"column":null}},"213":{"start":{"line":555,"column":17},"end":{"line":555,"column":null}},"214":{"start":{"line":556,"column":1},"end":{"line":556,"column":null}},"215":{"start":{"line":562,"column":1},"end":{"line":562,"column":null}},"216":{"start":{"line":562,"column":27},"end":{"line":562,"column":null}},"217":{"start":{"line":563,"column":1},"end":{"line":563,"column":null}},"218":{"start":{"line":567,"column":1},"end":{"line":569,"column":null}},"219":{"start":{"line":568,"column":2},"end":{"line":568,"column":null}},"220":{"start":{"line":568,"column":34},"end":{"line":568,"column":null}},"221":{"start":{"line":570,"column":1},"end":{"line":570,"column":null}},"222":{"start":{"line":574,"column":18},"end":{"line":574,"column":null}},"223":{"start":{"line":575,"column":1},"end":{"line":575,"column":null}},"224":{"start":{"line":575,"column":16},"end":{"line":575,"column":null}},"225":{"start":{"line":576,"column":1},"end":{"line":576,"column":null}},"226":{"start":{"line":576,"column":38},"end":{"line":576,"column":51}},"227":{"start":{"line":576,"column":82},"end":{"line":576,"column":97}},"228":{"start":{"line":580,"column":16},"end":{"line":580,"column":null}},"229":{"start":{"line":581,"column":17},"end":{"line":581,"column":null}},"230":{"start":{"line":582,"column":1},"end":{"line":582,"column":null}},"231":{"start":{"line":586,"column":1},"end":{"line":588,"column":null}},"232":{"start":{"line":587,"column":2},"end":{"line":587,"column":null}},"233":{"start":{"line":590,"column":18},"end":{"line":590,"column":null}},"234":{"start":{"line":591,"column":1},"end":{"line":591,"column":null}},"235":{"start":{"line":595,"column":1},"end":{"line":599,"column":null}},"236":{"start":{"line":600,"column":17},"end":{"line":600,"column":null}},"237":{"start":{"line":602,"column":1},"end":{"line":608,"column":null}},"238":{"start":{"line":603,"column":30},"end":{"line":603,"column":null}},"239":{"start":{"line":604,"column":2},"end":{"line":606,"column":null}},"240":{"start":{"line":605,"column":3},"end":{"line":605,"column":null}},"241":{"start":{"line":607,"column":2},"end":{"line":607,"column":null}},"242":{"start":{"line":612,"column":37},"end":{"line":612,"column":null}},"243":{"start":{"line":613,"column":13},"end":{"line":613,"column":null}},"244":{"start":{"line":615,"column":1},"end":{"line":619,"column":null}},"245":{"start":{"line":616,"column":2},"end":{"line":616,"column":null}},"246":{"start":{"line":617,"column":2},"end":{"line":617,"column":null}},"247":{"start":{"line":617,"column":33},"end":{"line":617,"column":null}},"248":{"start":{"line":618,"column":2},"end":{"line":618,"column":null}},"249":{"start":{"line":621,"column":1},"end":{"line":621,"column":null}},"250":{"start":{"line":632,"column":18},"end":{"line":636,"column":null}},"251":{"start":{"line":637,"column":1},"end":{"line":646,"column":null}},"252":{"start":{"line":654,"column":18},"end":{"line":658,"column":null}},"253":{"start":{"line":659,"column":1},"end":{"line":665,"column":null}},"254":{"start":{"line":671,"column":14},"end":{"line":671,"column":null}},"255":{"start":{"line":672,"column":1},"end":{"line":672,"column":null}},"256":{"start":{"line":672,"column":12},"end":{"line":672,"column":null}},"257":{"start":{"line":674,"column":17},"end":{"line":674,"column":null}},"258":{"start":{"line":675,"column":25},"end":{"line":675,"column":null}},"259":{"start":{"line":676,"column":1},"end":{"line":680,"column":null}},"260":{"start":{"line":677,"column":19},"end":{"line":677,"column":null}},"261":{"start":{"line":678,"column":2},"end":{"line":678,"column":null}},"262":{"start":{"line":678,"column":29},"end":{"line":678,"column":null}},"263":{"start":{"line":679,"column":2},"end":{"line":679,"column":null}},"264":{"start":{"line":684,"column":18},"end":{"line":684,"column":null}},"265":{"start":{"line":685,"column":1},"end":{"line":685,"column":null}},"266":{"start":{"line":685,"column":46},"end":{"line":685,"column":null}},"267":{"start":{"line":687,"column":16},"end":{"line":687,"column":null}},"268":{"start":{"line":688,"column":1},"end":{"line":688,"column":null}},"269":{"start":{"line":688,"column":14},"end":{"line":688,"column":null}},"270":{"start":{"line":690,"column":15},"end":{"line":690,"column":null}},"271":{"start":{"line":691,"column":1},"end":{"line":691,"column":null}},"272":{"start":{"line":691,"column":17},"end":{"line":691,"column":null}},"273":{"start":{"line":693,"column":21},"end":{"line":693,"column":null}},"274":{"start":{"line":694,"column":1},"end":{"line":694,"column":null}},"275":{"start":{"line":698,"column":17},"end":{"line":698,"column":null}},"276":{"start":{"line":699,"column":18},"end":{"line":703,"column":null}},"277":{"start":{"line":705,"column":1},"end":{"line":705,"column":null}},"278":{"start":{"line":706,"column":16},"end":{"line":710,"column":null}},"279":{"start":{"line":711,"column":20},"end":{"line":711,"column":null}},"280":{"start":{"line":712,"column":15},"end":{"line":712,"column":null}},"281":{"start":{"line":713,"column":1},"end":{"line":713,"column":null}},"282":{"start":{"line":715,"column":29},"end":{"line":715,"column":null}},"283":{"start":{"line":716,"column":1},"end":{"line":716,"column":null}},"284":{"start":{"line":717,"column":1},"end":{"line":717,"column":null}},"285":{"start":{"line":719,"column":27},"end":{"line":722,"column":null}},"286":{"start":{"line":723,"column":1},"end":{"line":723,"column":null}},"287":{"start":{"line":727,"column":1},"end":{"line":731,"column":null}},"288":{"start":{"line":732,"column":17},"end":{"line":732,"column":null}},"289":{"start":{"line":733,"column":1},"end":{"line":733,"column":null}},"290":{"start":{"line":737,"column":17},"end":{"line":737,"column":null}},"291":{"start":{"line":738,"column":37},"end":{"line":738,"column":null}},"292":{"start":{"line":739,"column":46},"end":{"line":739,"column":null}},"293":{"start":{"line":741,"column":1},"end":{"line":747,"column":null}},"294":{"start":{"line":742,"column":2},"end":{"line":742,"column":null}},"295":{"start":{"line":742,"column":33},"end":{"line":742,"column":null}},"296":{"start":{"line":743,"column":2},"end":{"line":745,"column":null}},"297":{"start":{"line":744,"column":3},"end":{"line":744,"column":null}},"298":{"start":{"line":746,"column":2},"end":{"line":746,"column":null}},"299":{"start":{"line":749,"column":1},"end":{"line":749,"column":null}},"300":{"start":{"line":756,"column":17},"end":{"line":756,"column":null}},"301":{"start":{"line":757,"column":1},"end":{"line":761,"column":null}},"302":{"start":{"line":763,"column":14},"end":{"line":763,"column":null}},"303":{"start":{"line":764,"column":1},"end":{"line":764,"column":null}},"304":{"start":{"line":766,"column":15},"end":{"line":766,"column":null}},"305":{"start":{"line":767,"column":1},"end":{"line":769,"column":null}},"306":{"start":{"line":768,"column":2},"end":{"line":768,"column":null}},"307":{"start":{"line":771,"column":27},"end":{"line":771,"column":null}},"308":{"start":{"line":772,"column":17},"end":{"line":772,"column":null}},"309":{"start":{"line":773,"column":21},"end":{"line":773,"column":null}},"310":{"start":{"line":775,"column":1},"end":{"line":800,"column":null}},"311":{"start":{"line":776,"column":19},"end":{"line":776,"column":null}},"312":{"start":{"line":777,"column":2},"end":{"line":777,"column":null}},"313":{"start":{"line":777,"column":22},"end":{"line":777,"column":null}},"314":{"start":{"line":780,"column":3},"end":{"line":780,"column":null}},"315":{"start":{"line":782,"column":27},"end":{"line":791,"column":null}},"316":{"start":{"line":793,"column":2},"end":{"line":793,"column":null}},"317":{"start":{"line":795,"column":2},"end":{"line":799,"column":null}},"318":{"start":{"line":796,"column":3},"end":{"line":796,"column":null}},"319":{"start":{"line":798,"column":3},"end":{"line":798,"column":null}},"320":{"start":{"line":802,"column":1},"end":{"line":802,"column":null}}},"fnMap":{"0":{"name":"(anonymous_0)","decl":{"start":{"line":54,"column":1},"end":{"line":54,"column":13}},"loc":{"start":{"line":54,"column":30},"end":{"line":57,"column":null}},"line":54},"1":{"name":"assert","decl":{"start":{"line":60,"column":9},"end":{"line":60,"column":16}},"loc":{"start":{"line":60,"column":72},"end":{"line":64,"column":null}},"line":60},"2":{"name":"requireExchange","decl":{"start":{"line":66,"column":9},"end":{"line":66,"column":25}},"loc":{"start":{"line":66,"column":88},"end":{"line":70,"column":null}},"line":66},"3":{"name":"buildEmptyTree","decl":{"start":{"line":80,"column":16},"end":{"line":80,"column":43}},"loc":{"start":{"line":80,"column":43},"end":{"line":82,"column":null}},"line":80},"4":{"name":"attachChild","decl":{"start":{"line":86,"column":9},"end":{"line":86,"column":null}},"loc":{"start":{"line":91,"column":15},"end":{"line":119,"column":null}},"line":91},"5":{"name":"buildChildrenByParentId","decl":{"start":{"line":123,"column":9},"end":{"line":123,"column":33}},"loc":{"start":{"line":123,"column":85},"end":{"line":143,"column":null}},"line":123},"6":{"name":"(anonymous_6)","decl":{"start":{"line":128,"column":46},"end":{"line":128,"column":47}},"loc":{"start":{"line":128,"column":59},"end":{"line":139,"column":3}},"line":128},"7":{"name":"indexTree","decl":{"start":{"line":145,"column":9},"end":{"line":145,"column":19}},"loc":{"start":{"line":145,"column":48},"end":{"line":150,"column":null}},"line":145},"8":{"name":"validateTree","decl":{"start":{"line":152,"column":9},"end":{"line":152,"column":22}},"loc":{"start":{"line":152,"column":51},"end":{"line":227,"column":null}},"line":152},"9":{"name":"(anonymous_9)","decl":{"start":{"line":160,"column":35},"end":{"line":160,"column":36}},"loc":{"start":{"line":160,"column":42},"end":{"line":160,"column":61}},"line":160},"10":{"name":"isMainChild","decl":{"start":{"line":231,"column":9},"end":{"line":231,"column":21}},"loc":{"start":{"line":231,"column":84},"end":{"line":233,"column":null}},"line":231},"11":{"name":"isSideExchange","decl":{"start":{"line":235,"column":9},"end":{"line":235,"column":24}},"loc":{"start":{"line":235,"column":72},"end":{"line":248,"column":null}},"line":235},"12":{"name":"getChildrenFromTree","decl":{"start":{"line":250,"column":9},"end":{"line":250,"column":29}},"loc":{"start":{"line":250,"column":80},"end":{"line":252,"column":null}},"line":250},"13":{"name":"getPathToRoot","decl":{"start":{"line":254,"column":9},"end":{"line":254,"column":23}},"loc":{"start":{"line":254,"column":74},"end":{"line":266,"column":null}},"line":254},"14":{"name":"collectSubtreeIds","decl":{"start":{"line":268,"column":9},"end":{"line":268,"column":27}},"loc":{"start":{"line":268,"column":76},"end":{"line":286,"column":null}},"line":268},"15":{"name":"hasBranchingDescendant","decl":{"start":{"line":288,"column":9},"end":{"line":288,"column":32}},"loc":{"start":{"line":288,"column":80},"end":{"line":301,"column":null}},"line":288},"16":{"name":"spliceExchange","decl":{"start":{"line":305,"column":9},"end":{"line":305,"column":24}},"loc":{"start":{"line":305,"column":70},"end":{"line":353,"column":null}},"line":305},"17":{"name":"(anonymous_17)","decl":{"start":{"line":313,"column":31},"end":{"line":313,"column":32}},"loc":{"start":{"line":313,"column":38},"end":{"line":313,"column":42}},"line":313},"18":{"name":"(anonymous_18)","decl":{"start":{"line":343,"column":48},"end":{"line":343,"column":49}},"loc":{"start":{"line":343,"column":56},"end":{"line":343,"column":73}},"line":343},"19":{"name":"exciseSubtree","decl":{"start":{"line":355,"column":9},"end":{"line":355,"column":null}},"loc":{"start":{"line":358,"column":44},"end":{"line":387,"column":null}},"line":358},"20":{"name":"(anonymous_20)","decl":{"start":{"line":380,"column":69},"end":{"line":380,"column":70}},"loc":{"start":{"line":380,"column":77},"end":{"line":380,"column":94}},"line":380},"21":{"name":"(anonymous_21)","decl":{"start":{"line":383,"column":30},"end":{"line":383,"column":31}},"loc":{"start":{"line":383,"column":40},"end":{"line":383,"column":61}},"line":383},"22":{"name":"validateChatTree","decl":{"start":{"line":391,"column":16},"end":{"line":391,"column":33}},"loc":{"start":{"line":391,"column":59},"end":{"line":394,"column":null}},"line":391},"23":{"name":"addExchange","decl":{"start":{"line":398,"column":16},"end":{"line":398,"column":null}},"loc":{"start":{"line":404,"column":12},"end":{"line":407,"column":null}},"line":404},"24":{"name":"addExchangeResult","decl":{"start":{"line":409,"column":16},"end":{"line":409,"column":null}},"loc":{"start":{"line":415,"column":21},"end":{"line":456,"column":null}},"line":415},"25":{"name":"removeExchange","decl":{"start":{"line":460,"column":16},"end":{"line":460,"column":31}},"loc":{"start":{"line":460,"column":77},"end":{"line":463,"column":null}},"line":460},"26":{"name":"removeExchangeSubtree","decl":{"start":{"line":465,"column":16},"end":{"line":465,"column":38}},"loc":{"start":{"line":465,"column":84},"end":{"line":468,"column":null}},"line":465},"27":{"name":"removeMainChatChild","decl":{"start":{"line":470,"column":16},"end":{"line":470,"column":36}},"loc":{"start":{"line":470,"column":82},"end":{"line":477,"column":null}},"line":470},"28":{"name":"removeSideChatChildren","decl":{"start":{"line":479,"column":16},"end":{"line":479,"column":39}},"loc":{"start":{"line":479,"column":85},"end":{"line":490,"column":null}},"line":479},"29":{"name":"deleteExchangeWithMode","decl":{"start":{"line":492,"column":16},"end":{"line":492,"column":null}},"loc":{"start":{"line":496,"column":12},"end":{"line":499,"column":null}},"line":496},"30":{"name":"deleteExchangeWithModeResult","decl":{"start":{"line":501,"column":16},"end":{"line":501,"column":null}},"loc":{"start":{"line":505,"column":16},"end":{"line":519,"column":null}},"line":505},"31":{"name":"removeExchangeSubtreeResult","decl":{"start":{"line":521,"column":9},"end":{"line":521,"column":37}},"loc":{"start":{"line":521,"column":87},"end":{"line":525,"column":null}},"line":521},"32":{"name":"deleteExchangeAndMainChat","decl":{"start":{"line":527,"column":9},"end":{"line":527,"column":35}},"loc":{"start":{"line":527,"column":91},"end":{"line":541,"column":null}},"line":527},"33":{"name":"deleteExchangeAndSideChats","decl":{"start":{"line":543,"column":9},"end":{"line":543,"column":36}},"loc":{"start":{"line":543,"column":92},"end":{"line":557,"column":null}},"line":543},"34":{"name":"getRootExchange","decl":{"start":{"line":561,"column":16},"end":{"line":561,"column":32}},"loc":{"start":{"line":561,"column":65},"end":{"line":564,"column":null}},"line":561},"35":{"name":"findRootId","decl":{"start":{"line":566,"column":9},"end":{"line":566,"column":20}},"loc":{"start":{"line":566,"column":59},"end":{"line":571,"column":null}},"line":566},"36":{"name":"getChildExchanges","decl":{"start":{"line":573,"column":16},"end":{"line":573,"column":34}},"loc":{"start":{"line":573,"column":90},"end":{"line":577,"column":null}},"line":573},"37":{"name":"(anonymous_37)","decl":{"start":{"line":576,"column":30},"end":{"line":576,"column":31}},"loc":{"start":{"line":576,"column":38},"end":{"line":576,"column":51}},"line":576},"38":{"name":"(anonymous_38)","decl":{"start":{"line":576,"column":60},"end":{"line":576,"column":61}},"loc":{"start":{"line":576,"column":82},"end":{"line":576,"column":97}},"line":576},"39":{"name":"canCreateSideChats","decl":{"start":{"line":579,"column":16},"end":{"line":579,"column":35}},"loc":{"start":{"line":579,"column":88},"end":{"line":583,"column":null}},"line":579},"40":{"name":"canAcceptNewChat","decl":{"start":{"line":585,"column":16},"end":{"line":585,"column":33}},"loc":{"start":{"line":585,"column":86},"end":{"line":592,"column":null}},"line":585},"41":{"name":"getHistory","decl":{"start":{"line":594,"column":16},"end":{"line":594,"column":27}},"loc":{"start":{"line":594,"column":74},"end":{"line":609,"column":null}},"line":594},"42":{"name":"(anonymous_42)","decl":{"start":{"line":602,"column":51},"end":{"line":602,"column":52}},"loc":{"start":{"line":602,"column":65},"end":{"line":608,"column":2}},"line":602},"43":{"name":"getPathTokenTotal","decl":{"start":{"line":611,"column":16},"end":{"line":611,"column":34}},"loc":{"start":{"line":611,"column":86},"end":{"line":622,"column":null}},"line":611},"44":{"name":"updateExchangeTokens","decl":{"start":{"line":626,"column":16},"end":{"line":626,"column":null}},"loc":{"start":{"line":631,"column":15},"end":{"line":647,"column":null}},"line":631},"45":{"name":"updateExchangeResponse","decl":{"start":{"line":649,"column":16},"end":{"line":649,"column":null}},"loc":{"start":{"line":653,"column":15},"end":{"line":666,"column":null}},"line":653},"46":{"name":"getMainChatTail","decl":{"start":{"line":670,"column":16},"end":{"line":670,"column":32}},"loc":{"start":{"line":670,"column":63},"end":{"line":681,"column":null}},"line":670},"47":{"name":"canPromoteSideChatToMainChat","decl":{"start":{"line":683,"column":16},"end":{"line":683,"column":45}},"loc":{"start":{"line":683,"column":90},"end":{"line":695,"column":null}},"line":683},"48":{"name":"promoteSideChatToMainChat","decl":{"start":{"line":697,"column":16},"end":{"line":697,"column":42}},"loc":{"start":{"line":697,"column":88},"end":{"line":724,"column":null}},"line":697},"49":{"name":"getDescendantExchanges","decl":{"start":{"line":726,"column":16},"end":{"line":726,"column":39}},"loc":{"start":{"line":726,"column":85},"end":{"line":734,"column":null}},"line":726},"50":{"name":"findSideChatParent","decl":{"start":{"line":736,"column":16},"end":{"line":736,"column":35}},"loc":{"start":{"line":736,"column":86},"end":{"line":750,"column":null}},"line":736},"51":{"name":"copyPath","decl":{"start":{"line":752,"column":16},"end":{"line":752,"column":null}},"loc":{"start":{"line":755,"column":75},"end":{"line":803,"column":null}},"line":755}},"branchMap":{"0":{"loc":{"start":{"line":61,"column":1},"end":{"line":63,"column":null}},"type":"if","locations":[{"start":{"line":61,"column":1},"end":{"line":63,"column":null}},{"start":{},"end":{}}],"line":61},"1":{"loc":{"start":{"line":109,"column":1},"end":{"line":113,"column":null}},"type":"if","locations":[{"start":{"line":109,"column":1},"end":{"line":113,"column":null}},{"start":{"line":111,"column":8},"end":{"line":113,"column":null}}],"line":109},"2":{"loc":{"start":{"line":127,"column":2},"end":{"line":127,"column":null}},"type":"if","locations":[{"start":{"line":127,"column":2},"end":{"line":127,"column":null}},{"start":{},"end":{}}],"line":127},"3":{"loc":{"start":{"line":155,"column":1},"end":{"line":158,"column":null}},"type":"if","locations":[{"start":{"line":155,"column":1},"end":{"line":158,"column":null}},{"start":{},"end":{}}],"line":155},"4":{"loc":{"start":{"line":169,"column":2},"end":{"line":169,"column":null}},"type":"if","locations":[{"start":{"line":169,"column":2},"end":{"line":169,"column":null}},{"start":{},"end":{}}],"line":169},"5":{"loc":{"start":{"line":206,"column":2},"end":{"line":211,"column":null}},"type":"if","locations":[{"start":{"line":206,"column":2},"end":{"line":211,"column":null}},{"start":{},"end":{}}],"line":206},"6":{"loc":{"start":{"line":218,"column":2},"end":{"line":218,"column":null}},"type":"if","locations":[{"start":{"line":218,"column":2},"end":{"line":218,"column":null}},{"start":{},"end":{}}],"line":218},"7":{"loc":{"start":{"line":240,"column":2},"end":{"line":240,"column":null}},"type":"if","locations":[{"start":{"line":240,"column":2},"end":{"line":240,"column":null}},{"start":{},"end":{}}],"line":240},"8":{"loc":{"start":{"line":241,"column":2},"end":{"line":243,"column":null}},"type":"if","locations":[{"start":{"line":241,"column":2},"end":{"line":243,"column":null}},{"start":{},"end":{}}],"line":241},"9":{"loc":{"start":{"line":251,"column":8},"end":{"line":251,"column":null}},"type":"binary-expr","locations":[{"start":{"line":251,"column":8},"end":{"line":251,"column":47}},{"start":{"line":251,"column":47},"end":{"line":251,"column":null}}],"line":251},"10":{"loc":{"start":{"line":261,"column":2},"end":{"line":261,"column":null}},"type":"if","locations":[{"start":{"line":261,"column":2},"end":{"line":261,"column":null}},{"start":{},"end":{}}],"line":261},"11":{"loc":{"start":{"line":277,"column":2},"end":{"line":277,"column":null}},"type":"if","locations":[{"start":{"line":277,"column":2},"end":{"line":277,"column":null}},{"start":{},"end":{}}],"line":277},"12":{"loc":{"start":{"line":294,"column":2},"end":{"line":294,"column":null}},"type":"if","locations":[{"start":{"line":294,"column":2},"end":{"line":294,"column":null}},{"start":{},"end":{}}],"line":294},"13":{"loc":{"start":{"line":320,"column":1},"end":{"line":350,"column":null}},"type":"if","locations":[{"start":{"line":320,"column":1},"end":{"line":350,"column":null}},{"start":{"line":337,"column":8},"end":{"line":350,"column":null}}],"line":320},"14":{"loc":{"start":{"line":321,"column":2},"end":{"line":336,"column":null}},"type":"if","locations":[{"start":{"line":321,"column":2},"end":{"line":336,"column":null}},{"start":{"line":323,"column":9},"end":{"line":336,"column":null}}],"line":321},"15":{"loc":{"start":{"line":369,"column":1},"end":{"line":371,"column":null}},"type":"if","locations":[{"start":{"line":369,"column":1},"end":{"line":371,"column":null}},{"start":{},"end":{}}],"line":369},"16":{"loc":{"start":{"line":433,"column":1},"end":{"line":453,"column":null}},"type":"if","locations":[{"start":{"line":433,"column":1},"end":{"line":453,"column":null}},{"start":{"line":436,"column":8},"end":{"line":453,"column":null}}],"line":433},"17":{"loc":{"start":{"line":444,"column":2},"end":{"line":449,"column":null}},"type":"if","locations":[{"start":{"line":444,"column":2},"end":{"line":449,"column":null}},{"start":{},"end":{}}],"line":444},"18":{"loc":{"start":{"line":509,"column":1},"end":{"line":518,"column":null}},"type":"switch","locations":[{"start":{"line":510,"column":2},"end":{"line":513,"column":null}},{"start":{"line":514,"column":2},"end":{"line":515,"column":null}},{"start":{"line":516,"column":2},"end":{"line":517,"column":null}}],"line":509},"19":{"loc":{"start":{"line":533,"column":1},"end":{"line":537,"column":null}},"type":"if","locations":[{"start":{"line":533,"column":1},"end":{"line":537,"column":null}},{"start":{},"end":{}}],"line":533},"20":{"loc":{"start":{"line":562,"column":1},"end":{"line":562,"column":null}},"type":"if","locations":[{"start":{"line":562,"column":1},"end":{"line":562,"column":null}},{"start":{},"end":{}}],"line":562},"21":{"loc":{"start":{"line":563,"column":8},"end":{"line":563,"column":null}},"type":"binary-expr","locations":[{"start":{"line":563,"column":8},"end":{"line":563,"column":39}},{"start":{"line":563,"column":39},"end":{"line":563,"column":null}}],"line":563},"22":{"loc":{"start":{"line":568,"column":2},"end":{"line":568,"column":null}},"type":"if","locations":[{"start":{"line":568,"column":2},"end":{"line":568,"column":null}},{"start":{},"end":{}}],"line":568},"23":{"loc":{"start":{"line":575,"column":1},"end":{"line":575,"column":null}},"type":"if","locations":[{"start":{"line":575,"column":1},"end":{"line":575,"column":null}},{"start":{},"end":{}}],"line":575},"24":{"loc":{"start":{"line":586,"column":1},"end":{"line":588,"column":null}},"type":"if","locations":[{"start":{"line":586,"column":1},"end":{"line":588,"column":null}},{"start":{},"end":{}}],"line":586},"25":{"loc":{"start":{"line":591,"column":8},"end":{"line":591,"column":null}},"type":"binary-expr","locations":[{"start":{"line":591,"column":8},"end":{"line":591,"column":21}},{"start":{"line":591,"column":21},"end":{"line":591,"column":null}}],"line":591},"26":{"loc":{"start":{"line":604,"column":2},"end":{"line":606,"column":null}},"type":"if","locations":[{"start":{"line":604,"column":2},"end":{"line":606,"column":null}},{"start":{},"end":{}}],"line":604},"27":{"loc":{"start":{"line":616,"column":40},"end":{"line":616,"column":null}},"type":"binary-expr","locations":[{"start":{"line":616,"column":40},"end":{"line":616,"column":72}},{"start":{"line":616,"column":72},"end":{"line":616,"column":null}}],"line":616},"28":{"loc":{"start":{"line":617,"column":2},"end":{"line":617,"column":null}},"type":"if","locations":[{"start":{"line":617,"column":2},"end":{"line":617,"column":null}},{"start":{},"end":{}}],"line":617},"29":{"loc":{"start":{"line":642,"column":13},"end":{"line":644,"column":null}},"type":"cond-expr","locations":[{"start":{"line":643,"column":6},"end":{"line":643,"column":null}},{"start":{"line":644,"column":6},"end":{"line":644,"column":null}}],"line":642},"30":{"loc":{"start":{"line":663,"column":13},"end":{"line":663,"column":null}},"type":"cond-expr","locations":[{"start":{"line":663,"column":33},"end":{"line":663,"column":66}},{"start":{"line":663,"column":66},"end":{"line":663,"column":null}}],"line":663},"31":{"loc":{"start":{"line":672,"column":1},"end":{"line":672,"column":null}},"type":"if","locations":[{"start":{"line":672,"column":1},"end":{"line":672,"column":null}},{"start":{},"end":{}}],"line":672},"32":{"loc":{"start":{"line":678,"column":2},"end":{"line":678,"column":null}},"type":"if","locations":[{"start":{"line":678,"column":2},"end":{"line":678,"column":null}},{"start":{},"end":{}}],"line":678},"33":{"loc":{"start":{"line":685,"column":1},"end":{"line":685,"column":null}},"type":"if","locations":[{"start":{"line":685,"column":1},"end":{"line":685,"column":null}},{"start":{},"end":{}}],"line":685},"34":{"loc":{"start":{"line":685,"column":5},"end":{"line":685,"column":46}},"type":"binary-expr","locations":[{"start":{"line":685,"column":5},"end":{"line":685,"column":18}},{"start":{"line":685,"column":18},"end":{"line":685,"column":46}}],"line":685},"35":{"loc":{"start":{"line":688,"column":1},"end":{"line":688,"column":null}},"type":"if","locations":[{"start":{"line":688,"column":1},"end":{"line":688,"column":null}},{"start":{},"end":{}}],"line":688},"36":{"loc":{"start":{"line":691,"column":1},"end":{"line":691,"column":null}},"type":"if","locations":[{"start":{"line":691,"column":1},"end":{"line":691,"column":null}},{"start":{},"end":{}}],"line":691},"37":{"loc":{"start":{"line":742,"column":2},"end":{"line":742,"column":null}},"type":"if","locations":[{"start":{"line":742,"column":2},"end":{"line":742,"column":null}},{"start":{},"end":{}}],"line":742},"38":{"loc":{"start":{"line":743,"column":2},"end":{"line":745,"column":null}},"type":"if","locations":[{"start":{"line":743,"column":2},"end":{"line":745,"column":null}},{"start":{},"end":{}}],"line":743},"39":{"loc":{"start":{"line":777,"column":2},"end":{"line":777,"column":null}},"type":"if","locations":[{"start":{"line":777,"column":2},"end":{"line":777,"column":null}},{"start":{},"end":{}}],"line":777},"40":{"loc":{"start":{"line":780,"column":3},"end":{"line":780,"column":null}},"type":"cond-expr","locations":[{"start":{"line":780,"column":32},"end":{"line":780,"column":40}},{"start":{"line":780,"column":40},"end":{"line":780,"column":null}}],"line":780},"41":{"loc":{"start":{"line":780,"column":40},"end":{"line":780,"column":null}},"type":"binary-expr","locations":[{"start":{"line":780,"column":40},"end":{"line":780,"column":72}},{"start":{"line":780,"column":72},"end":{"line":780,"column":null}}],"line":780},"42":{"loc":{"start":{"line":787,"column":13},"end":{"line":787,"column":null}},"type":"cond-expr","locations":[{"start":{"line":787,"column":33},"end":{"line":787,"column":60}},{"start":{"line":787,"column":60},"end":{"line":787,"column":null}}],"line":787},"43":{"loc":{"start":{"line":795,"column":2},"end":{"line":799,"column":null}},"type":"if","locations":[{"start":{"line":795,"column":2},"end":{"line":799,"column":null}},{"start":{"line":797,"column":9},"end":{"line":799,"column":null}}],"line":795}},"s":{"0":1,"1":1,"2":707,"3":1,"4":178,"5":178,"6":178,"7":123,"8":30,"9":30,"10":30,"11":30,"12":30,"13":30,"14":0,"15":30,"16":30,"17":227,"18":227,"19":156,"20":114,"21":42,"22":46,"23":46,"24":46,"25":46,"26":227,"27":227,"28":151,"29":151,"30":117,"31":117,"32":34,"33":42,"34":34,"35":34,"36":34,"37":34,"38":42,"39":34,"40":8,"41":8,"42":8,"43":34,"44":42,"45":42,"46":42,"47":9,"48":9,"49":9,"50":33,"51":33,"52":41,"53":0,"54":33,"55":33,"56":33,"57":41,"58":41,"59":0,"60":41,"61":41,"62":8,"63":33,"64":33,"65":15,"66":67,"67":67,"68":67,"69":82,"70":67,"71":15,"72":0,"73":15,"74":0,"75":129,"76":15,"77":15,"78":15,"79":15,"80":19,"81":19,"82":15,"83":4,"84":15,"85":0,"86":0,"87":0,"88":0,"89":0,"90":0,"91":0,"92":0,"93":0,"94":0,"95":0,"96":0,"97":0,"98":0,"99":0,"100":0,"101":0,"102":0,"103":0,"104":0,"105":0,"106":0,"107":0,"108":0,"109":0,"110":0,"111":0,"112":0,"113":0,"114":0,"115":0,"116":0,"117":0,"118":0,"119":0,"120":0,"121":0,"122":0,"123":0,"124":0,"125":0,"126":0,"127":0,"128":0,"129":0,"130":0,"131":0,"132":0,"133":0,"134":0,"135":0,"136":0,"137":0,"138":0,"139":0,"140":0,"141":0,"142":0,"143":0,"144":0,"145":0,"146":0,"147":0,"148":0,"149":0,"150":0,"151":8,"152":8,"153":0,"154":0,"155":143,"156":143,"157":143,"158":143,"159":143,"160":117,"161":117,"162":26,"163":26,"164":0,"165":26,"166":26,"167":143,"168":0,"169":0,"170":0,"171":0,"172":0,"173":0,"174":0,"175":0,"176":0,"177":0,"178":0,"179":0,"180":0,"181":0,"182":0,"183":0,"184":0,"185":0,"186":0,"187":0,"188":0,"189":0,"190":0,"191":0,"192":0,"193":0,"194":0,"195":0,"196":0,"197":0,"198":0,"199":0,"200":0,"201":0,"202":0,"203":0,"204":0,"205":0,"206":0,"207":0,"208":0,"209":0,"210":0,"211":0,"212":0,"213":0,"214":0,"215":67,"216":5,"217":62,"218":0,"219":0,"220":0,"221":0,"222":0,"223":0,"224":0,"225":0,"226":0,"227":0,"228":0,"229":0,"230":0,"231":0,"232":0,"233":0,"234":0,"235":13,"236":13,"237":13,"238":13,"239":13,"240":13,"241":13,"242":0,"243":0,"244":0,"245":0,"246":0,"247":0,"248":0,"249":0,"250":6,"251":6,"252":71,"253":71,"254":67,"255":67,"256":5,"257":62,"258":62,"259":62,"260":88,"261":88,"262":62,"263":26,"264":0,"265":0,"266":0,"267":0,"268":0,"269":0,"270":0,"271":0,"272":0,"273":0,"274":0,"275":0,"276":0,"277":0,"278":0,"279":0,"280":0,"281":0,"282":0,"283":0,"284":0,"285":0,"286":0,"287":0,"288":0,"289":0,"290":0,"291":0,"292":0,"293":0,"294":0,"295":0,"296":0,"297":0,"298":0,"299":0,"300":2,"301":2,"302":2,"303":2,"304":2,"305":2,"306":6,"307":2,"308":2,"309":2,"310":2,"311":6,"312":6,"313":2,"314":6,"315":6,"316":6,"317":6,"318":2,"319":4,"320":2},"f":{"0":1,"1":707,"2":178,"3":123,"4":30,"5":227,"6":46,"7":227,"8":151,"9":42,"10":15,"11":67,"12":129,"13":15,"14":0,"15":0,"16":0,"17":0,"18":0,"19":0,"20":0,"21":0,"22":8,"23":0,"24":143,"25":0,"26":0,"27":0,"28":0,"29":0,"30":0,"31":0,"32":0,"33":0,"34":67,"35":0,"36":0,"37":0,"38":0,"39":0,"40":0,"41":13,"42":13,"43":0,"44":6,"45":71,"46":67,"47":0,"48":0,"49":0,"50":0,"51":2},"b":{"0":[1,706],"1":[0,30],"2":[114,42],"3":[117,34],"4":[34,8],"5":[0,41],"6":[0,41],"7":[67,15],"8":[0,15],"9":[129,95],"10":[15,4],"11":[0,0],"12":[0,0],"13":[0,0],"14":[0,0],"15":[0,0],"16":[117,26],"17":[0,26],"18":[0,0,0],"19":[0,0],"20":[5,62],"21":[62,0],"22":[0,0],"23":[0,0],"24":[0,0],"25":[0,0],"26":[13,0],"27":[0,0],"28":[0,0],"29":[6,0],"30":[13,58],"31":[5,62],"32":[62,26],"33":[0,0],"34":[0,0],"35":[0,0],"36":[0,0],"37":[0,0],"38":[0,0],"39":[2,4],"40":[2,4],"41":[4,0],"42":[0,6],"43":[2,4]},"meta":{"lastBranch":44,"lastFunction":52,"lastStatement":321,"seen":{"f:54:1:54:13":0,"s:55:2:55:Infinity":0,"s:56:2:56:Infinity":1,"f:60:9:60:16":1,"b:61:1:63:Infinity:undefined:undefined:undefined:undefined":0,"s:61:1:63:Infinity":2,"s:62:2:62:Infinity":3,"f:66:9:66:25":2,"s:67:14:67:Infinity":4,"s:68:1:68:Infinity":5,"s:69:1:69:Infinity":6,"f:80:16:80:43":3,"s:81:1:81:Infinity":7,"f:86:9:86:Infinity":4,"s:92:16:96:Infinity":8,"s:97:15:97:Infinity":9,"s:99:1:102:Infinity":10,"s:103:1:106:Infinity":11,"s:108:22:108:Infinity":12,"b:109:1:113:Infinity:111:8:113:Infinity":1,"s:109:1:113:Infinity":13,"s:110:2:110:Infinity":14,"s:112:2:112:Infinity":15,"s:115:1:118:Infinity":16,"f:123:9:123:33":5,"s:124:44:124:Infinity":17,"s:126:1:140:Infinity":18,"b:127:2:127:Infinity:undefined:undefined:undefined:undefined":2,"s:127:2:127:Infinity":19,"s:127:38:127:Infinity":20,"s:128:2:139:Infinity":21,"f:128:46:128:47":6,"s:129:17:129:Infinity":22,"s:130:3:133:Infinity":23,"s:134:3:137:Infinity":24,"s:138:3:138:Infinity":25,"s:142:1:142:Infinity":26,"f:145:9:145:19":7,"s:146:1:149:Infinity":27,"f:152:9:152:22":8,"s:153:22:153:Infinity":28,"b:155:1:158:Infinity:undefined:undefined:undefined:undefined":3,"s:155:1:158:Infinity":29,"s:156:2:156:Infinity":30,"s:157:2:157:Infinity":31,"s:160:15:160:Infinity":32,"f:160:35:160:36":9,"s:160:42:160:61":33,"s:161:1:161:Infinity":34,"s:162:14:162:Infinity":35,"s:163:1:166:Infinity":36,"s:168:1:181:Infinity":37,"b:169:2:169:Infinity:undefined:undefined:undefined:undefined":4,"s:169:2:169:Infinity":38,"s:169:34:169:Infinity":39,"s:171:2:174:Infinity":40,"s:176:17:176:Infinity":41,"s:177:2:180:Infinity":42,"s:183:1:201:Infinity":43,"s:184:19:184:Infinity":44,"s:185:2:188:Infinity":45,"s:190:2:200:Infinity":46,"s:191:17:191:Infinity":47,"s:192:3:195:Infinity":48,"s:196:3:199:Infinity":49,"s:203:17:203:Infinity":50,"s:205:1:212:Infinity":51,"b:206:2:211:Infinity:undefined:undefined:undefined:undefined":5,"s:206:2:211:Infinity":52,"s:207:3:210:Infinity":53,"s:214:17:214:Infinity":54,"s:215:15:215:Infinity":55,"s:216:1:223:Infinity":56,"s:217:20:217:Infinity":57,"b:218:2:218:Infinity:undefined:undefined:undefined:undefined":6,"s:218:2:218:Infinity":58,"s:218:30:218:Infinity":59,"s:219:2:219:Infinity":60,"s:220:2:222:Infinity":61,"s:221:3:221:Infinity":62,"s:224:1:224:Infinity":63,"s:226:1:226:Infinity":64,"f:231:9:231:21":10,"s:232:1:232:Infinity":65,"f:235:9:235:24":11,"s:236:37:236:Infinity":66,"s:237:1:237:Infinity":67,"s:239:1:245:Infinity":68,"b:240:2:240:Infinity:undefined:undefined:undefined:undefined":7,"s:240:2:240:Infinity":69,"s:240:33:240:Infinity":70,"b:241:2:243:Infinity:undefined:undefined:undefined:undefined":8,"s:241:2:243:Infinity":71,"s:242:3:242:Infinity":72,"s:244:2:244:Infinity":73,"s:247:1:247:Infinity":74,"f:250:9:250:29":12,"s:251:1:251:Infinity":75,"b:251:8:251:47:251:47:251:Infinity":9,"f:254:9:254:23":13,"s:255:26:255:Infinity":76,"s:256:37:256:Infinity":77,"s:257:1:257:Infinity":78,"s:259:1:263:Infinity":79,"s:260:2:260:Infinity":80,"b:261:2:261:Infinity:undefined:undefined:undefined:undefined":10,"s:261:2:261:Infinity":81,"s:261:33:261:Infinity":82,"s:262:2:262:Infinity":83,"s:265:1:265:Infinity":84,"f:268:9:268:27":14,"s:269:1:269:Infinity":85,"s:271:17:271:Infinity":86,"s:272:15:272:Infinity":87,"s:273:23:273:Infinity":88,"s:275:1:283:Infinity":89,"s:276:20:276:Infinity":90,"b:277:2:277:Infinity:undefined:undefined:undefined:undefined":11,"s:277:2:277:Infinity":91,"s:277:30:277:Infinity":92,"s:278:2:278:Infinity":93,"s:279:2:279:Infinity":94,"s:280:2:282:Infinity":95,"s:281:3:281:Infinity":96,"s:285:1:285:Infinity":97,"f:288:9:288:32":15,"s:289:15:289:Infinity":98,"s:291:1:298:Infinity":99,"s:292:20:292:Infinity":100,"s:293:19:293:Infinity":101,"b:294:2:294:Infinity:undefined:undefined:undefined:undefined":12,"s:294:2:294:Infinity":102,"s:294:27:294:Infinity":103,"s:295:2:297:Infinity":104,"s:296:3:296:Infinity":105,"s:300:1:300:Infinity":106,"f:305:9:305:24":16,"s:306:18:310:Infinity":107,"s:311:17:311:Infinity":108,"s:312:18:312:Infinity":109,"s:313:18:313:Infinity":110,"f:313:31:313:32":17,"s:313:38:313:42":111,"s:316:14:316:Infinity":112,"s:317:1:317:Infinity":113,"s:318:18:318:Infinity":114,"b:320:1:350:Infinity:337:8:350:Infinity":13,"s:320:1:350:Infinity":115,"b:321:2:336:Infinity:323:9:336:Infinity":14,"s:321:2:336:Infinity":116,"s:322:3:322:Infinity":117,"s:324:21:324:Infinity":118,"s:325:3:325:Infinity":119,"s:326:3:330:Infinity":120,"s:331:3:335:Infinity":121,"s:331:16:331:19":122,"s:332:16:332:Infinity":123,"s:333:4:333:Infinity":124,"s:334:4:334:Infinity":125,"s:338:19:338:Infinity":126,"s:339:17:339:Infinity":127,"s:340:23:340:Infinity":128,"s:341:2:341:Infinity":129,"s:343:25:343:Infinity":130,"f:343:48:343:49":18,"s:343:56:343:73":131,"s:344:2:348:Infinity":132,"s:344:15:344:18":133,"s:345:15:345:Infinity":134,"s:346:3:346:Infinity":135,"s:347:3:347:Infinity":136,"s:349:2:349:Infinity":137,"s:352:1:352:Infinity":138,"f:355:9:355:Infinity":19,"s:359:18:363:Infinity":139,"s:364:17:364:Infinity":140,"s:366:20:366:Infinity":141,"s:367:22:367:Infinity":142,"b:369:1:371:Infinity:undefined:undefined:undefined:undefined":15,"s:369:1:371:Infinity":143,"s:370:2:370:Infinity":144,"s:373:16:377:Infinity":145,"s:378:14:381:Infinity":146,"f:380:69:380:70":20,"s:380:77:380:94":147,"s:382:18:384:Infinity":148,"f:383:30:383:31":21,"s:383:40:383:61":149,"s:386:1:386:Infinity":150,"f:391:16:391:33":22,"s:392:1:392:Infinity":151,"s:393:1:393:Infinity":152,"f:398:16:398:Infinity":23,"s:405:11:405:Infinity":153,"s:406:1:406:Infinity":154,"f:409:16:409:Infinity":24,"s:416:17:416:Infinity":155,"s:418:12:418:Infinity":156,"s:419:31:428:Infinity":157,"s:430:18:430:Infinity":158,"b:433:1:453:Infinity:436:8:453:Infinity":16,"s:433:1:453:Infinity":159,"s:434:2:434:Infinity":160,"s:435:2:435:Infinity":161,"s:437:17:441:Infinity":162,"b:444:2:449:Infinity:undefined:undefined:undefined:undefined":17,"s:444:2:449:Infinity":163,"s:445:3:448:Infinity":164,"s:451:2:451:Infinity":165,"s:452:2:452:Infinity":166,"s:455:1:455:Infinity":167,"f:460:16:460:31":25,"s:461:1:461:Infinity":168,"s:462:1:462:Infinity":169,"f:465:16:465:38":26,"s:466:11:466:Infinity":170,"s:467:1:467:Infinity":171,"f:470:16:470:36":27,"s:471:17:471:Infinity":172,"s:472:19:472:Infinity":173,"s:473:1:473:Infinity":174,"s:475:16:475:Infinity":175,"s:476:1:476:Infinity":176,"f:479:16:479:39":28,"s:480:17:480:Infinity":177,"s:481:22:481:Infinity":178,"s:482:1:482:Infinity":179,"s:484:25:484:Infinity":180,"s:485:1:488:Infinity":181,"s:486:17:486:Infinity":182,"s:487:2:487:Infinity":183,"s:489:1:489:Infinity":184,"f:492:16:492:Infinity":29,"s:497:11:497:Infinity":185,"s:498:1:498:Infinity":186,"f:501:16:501:Infinity":30,"s:506:17:506:Infinity":187,"s:507:1:507:Infinity":188,"b:510:2:513:Infinity:514:2:515:Infinity:516:2:517:Infinity":18,"s:509:1:518:Infinity":189,"s:511:19:511:Infinity":190,"s:512:3:512:Infinity":191,"s:515:3:515:Infinity":192,"s:517:3:517:Infinity":193,"f:521:9:521:37":31,"s:522:1:522:Infinity":194,"s:523:16:523:Infinity":195,"s:524:1:524:Infinity":196,"f:527:9:527:35":32,"s:528:19:528:Infinity":197,"s:530:25:530:Infinity":198,"s:531:28:531:Infinity":199,"b:533:1:537:Infinity:undefined:undefined:undefined:undefined":19,"s:533:1:537:Infinity":200,"s:534:17:534:Infinity":201,"s:535:2:535:Infinity":202,"s:536:2:536:Infinity":203,"s:539:17:539:Infinity":204,"s:540:1:540:Infinity":205,"f:543:9:543:36":33,"s:544:19:544:Infinity":206,"s:546:25:546:Infinity":207,"s:547:30:547:Infinity":208,"s:549:1:553:Infinity":209,"s:550:17:550:Infinity":210,"s:551:2:551:Infinity":211,"s:552:2:552:Infinity":212,"s:555:17:555:Infinity":213,"s:556:1:556:Infinity":214,"f:561:16:561:32":34,"b:562:1:562:Infinity:undefined:undefined:undefined:undefined":20,"s:562:1:562:Infinity":215,"s:562:27:562:Infinity":216,"s:563:1:563:Infinity":217,"b:563:8:563:39:563:39:563:Infinity":21,"f:566:9:566:20":35,"s:567:1:569:Infinity":218,"b:568:2:568:Infinity:undefined:undefined:undefined:undefined":22,"s:568:2:568:Infinity":219,"s:568:34:568:Infinity":220,"s:570:1:570:Infinity":221,"f:573:16:573:34":36,"s:574:18:574:Infinity":222,"b:575:1:575:Infinity:undefined:undefined:undefined:undefined":23,"s:575:1:575:Infinity":223,"s:575:16:575:Infinity":224,"s:576:1:576:Infinity":225,"f:576:30:576:31":37,"s:576:38:576:51":226,"f:576:60:576:61":38,"s:576:82:576:97":227,"f:579:16:579:35":39,"s:580:16:580:Infinity":228,"s:581:17:581:Infinity":229,"s:582:1:582:Infinity":230,"f:585:16:585:33":40,"b:586:1:588:Infinity:undefined:undefined:undefined:undefined":24,"s:586:1:588:Infinity":231,"s:587:2:587:Infinity":232,"s:590:18:590:Infinity":233,"s:591:1:591:Infinity":234,"b:591:8:591:21:591:21:591:Infinity":25,"f:594:16:594:27":41,"s:595:1:599:Infinity":235,"s:600:17:600:Infinity":236,"s:602:1:608:Infinity":237,"f:602:51:602:52":42,"s:603:30:603:Infinity":238,"b:604:2:606:Infinity:undefined:undefined:undefined:undefined":26,"s:604:2:606:Infinity":239,"s:605:3:605:Infinity":240,"s:607:2:607:Infinity":241,"f:611:16:611:34":43,"s:612:37:612:Infinity":242,"s:613:13:613:Infinity":243,"s:615:1:619:Infinity":244,"s:616:2:616:Infinity":245,"b:616:40:616:72:616:72:616:Infinity":27,"b:617:2:617:Infinity:undefined:undefined:undefined:undefined":28,"s:617:2:617:Infinity":246,"s:617:33:617:Infinity":247,"s:618:2:618:Infinity":248,"s:621:1:621:Infinity":249,"f:626:16:626:Infinity":44,"s:632:18:636:Infinity":250,"s:637:1:646:Infinity":251,"b:643:6:643:Infinity:644:6:644:Infinity":29,"f:649:16:649:Infinity":45,"s:654:18:658:Infinity":252,"s:659:1:665:Infinity":253,"b:663:33:663:66:663:66:663:Infinity":30,"f:670:16:670:32":46,"s:671:14:671:Infinity":254,"b:672:1:672:Infinity:undefined:undefined:undefined:undefined":31,"s:672:1:672:Infinity":255,"s:672:12:672:Infinity":256,"s:674:17:674:Infinity":257,"s:675:25:675:Infinity":258,"s:676:1:680:Infinity":259,"s:677:19:677:Infinity":260,"b:678:2:678:Infinity:undefined:undefined:undefined:undefined":32,"s:678:2:678:Infinity":261,"s:678:29:678:Infinity":262,"s:679:2:679:Infinity":263,"f:683:16:683:45":47,"s:684:18:684:Infinity":264,"b:685:1:685:Infinity:undefined:undefined:undefined:undefined":33,"s:685:1:685:Infinity":265,"b:685:5:685:18:685:18:685:46":34,"s:685:46:685:Infinity":266,"s:687:16:687:Infinity":267,"b:688:1:688:Infinity:undefined:undefined:undefined:undefined":35,"s:688:1:688:Infinity":268,"s:688:14:688:Infinity":269,"s:690:15:690:Infinity":270,"b:691:1:691:Infinity:undefined:undefined:undefined:undefined":36,"s:691:1:691:Infinity":271,"s:691:17:691:Infinity":272,"s:693:21:693:Infinity":273,"s:694:1:694:Infinity":274,"f:697:16:697:42":48,"s:698:17:698:Infinity":275,"s:699:18:703:Infinity":276,"s:705:1:705:Infinity":277,"s:706:16:710:Infinity":278,"s:711:20:711:Infinity":279,"s:712:15:712:Infinity":280,"s:713:1:713:Infinity":281,"s:715:29:715:Infinity":282,"s:716:1:716:Infinity":283,"s:717:1:717:Infinity":284,"s:719:27:722:Infinity":285,"s:723:1:723:Infinity":286,"f:726:16:726:39":49,"s:727:1:731:Infinity":287,"s:732:17:732:Infinity":288,"s:733:1:733:Infinity":289,"f:736:16:736:35":50,"s:737:17:737:Infinity":290,"s:738:37:738:Infinity":291,"s:739:46:739:Infinity":292,"s:741:1:747:Infinity":293,"b:742:2:742:Infinity:undefined:undefined:undefined:undefined":37,"s:742:2:742:Infinity":294,"s:742:33:742:Infinity":295,"b:743:2:745:Infinity:undefined:undefined:undefined:undefined":38,"s:743:2:745:Infinity":296,"s:744:3:744:Infinity":297,"s:746:2:746:Infinity":298,"s:749:1:749:Infinity":299,"f:752:16:752:Infinity":51,"s:756:17:756:Infinity":300,"s:757:1:761:Infinity":301,"s:763:14:763:Infinity":302,"s:764:1:764:Infinity":303,"s:766:15:766:Infinity":304,"s:767:1:769:Infinity":305,"s:768:2:768:Infinity":306,"s:771:27:771:Infinity":307,"s:772:17:772:Infinity":308,"s:773:21:773:Infinity":309,"s:775:1:800:Infinity":310,"s:776:19:776:Infinity":311,"b:777:2:777:Infinity:undefined:undefined:undefined:undefined":39,"s:777:2:777:Infinity":312,"s:777:22:777:Infinity":313,"s:780:3:780:Infinity":314,"b:780:32:780:40:780:40:780:Infinity":40,"b:780:40:780:72:780:72:780:Infinity":41,"s:782:27:791:Infinity":315,"b:787:33:787:60:787:60:787:Infinity":42,"s:793:2:793:Infinity":316,"b:795:2:799:Infinity:797:9:799:Infinity":43,"s:795:2:799:Infinity":317,"s:796:3:796:Infinity":318,"s:798:3:798:Infinity":319,"s:802:1:802:Infinity":320}}}
,"/Users/jonroby/ai/superset-svelte/src/state/chats.svelte.ts": {"path":"/Users/jonroby/ai/superset-svelte/src/state/chats.svelte.ts","statementMap":{"0":{"start":{"line":12,"column":7},"end":{"line":12,"column":null}},"1":{"start":{"line":22,"column":13},"end":{"line":24,"column":null}},"2":{"start":{"line":28,"column":8},"end":{"line":28,"column":null}},"3":{"start":{"line":32,"column":8},"end":{"line":32,"column":null}},"4":{"start":{"line":36,"column":14},"end":{"line":36,"column":null}},"5":{"start":{"line":37,"column":10},"end":{"line":37,"column":null}},"6":{"start":{"line":41,"column":8},"end":{"line":41,"column":null}},"7":{"start":{"line":45,"column":8},"end":{"line":45,"column":null}},"8":{"start":{"line":45,"column":36},"end":{"line":45,"column":51}},"9":{"start":{"line":49,"column":8},"end":{"line":49,"column":null}},"10":{"start":{"line":53,"column":14},"end":{"line":53,"column":null}},"11":{"start":{"line":54,"column":6},"end":{"line":54,"column":null}},"12":{"start":{"line":55,"column":10},"end":{"line":55,"column":null}},"13":{"start":{"line":59,"column":14},"end":{"line":59,"column":null}},"14":{"start":{"line":59,"column":42},"end":{"line":59,"column":57}},"15":{"start":{"line":60,"column":5},"end":{"line":60,"column":null}},"16":{"start":{"line":60,"column":11},"end":{"line":60,"column":null}},"17":{"start":{"line":64,"column":14},"end":{"line":64,"column":null}},"18":{"start":{"line":64,"column":42},"end":{"line":64,"column":57}},"19":{"start":{"line":65,"column":6},"end":{"line":65,"column":null}},"20":{"start":{"line":66,"column":1},"end":{"line":66,"column":null}},"21":{"start":{"line":67,"column":1},"end":{"line":67,"column":null}},"22":{"start":{"line":71,"column":8},"end":{"line":71,"column":null}},"23":{"start":{"line":75,"column":1},"end":{"line":75,"column":null}},"24":{"start":{"line":79,"column":14},"end":{"line":79,"column":null}},"25":{"start":{"line":80,"column":1},"end":{"line":80,"column":null}},"26":{"start":{"line":81,"column":1},"end":{"line":81,"column":null}},"27":{"start":{"line":85,"column":1},"end":{"line":85,"column":null}},"28":{"start":{"line":89,"column":7},"end":{"line":89,"column":null}},"29":{"start":{"line":90,"column":7},"end":{"line":95,"column":null}},"30":{"start":{"line":97,"column":1},"end":{"line":97,"column":null}},"31":{"start":{"line":98,"column":1},"end":{"line":98,"column":null}},"32":{"start":{"line":99,"column":8},"end":{"line":99,"column":null}},"33":{"start":{"line":103,"column":1},"end":{"line":103,"column":null}},"34":{"start":{"line":107,"column":5},"end":{"line":107,"column":null}},"35":{"start":{"line":107,"column":31},"end":{"line":107,"column":null}},"36":{"start":{"line":108,"column":1},"end":{"line":108,"column":null}},"37":{"start":{"line":108,"column":52},"end":{"line":108,"column":63}},"38":{"start":{"line":109,"column":1},"end":{"line":109,"column":null}},"39":{"start":{"line":113,"column":1},"end":{"line":113,"column":null}},"40":{"start":{"line":117,"column":20},"end":{"line":117,"column":null}},"41":{"start":{"line":118,"column":6},"end":{"line":118,"column":null}},"42":{"start":{"line":120,"column":7},"end":{"line":122,"column":null}},"43":{"start":{"line":125,"column":7},"end":{"line":130,"column":null}},"44":{"start":{"line":132,"column":1},"end":{"line":132,"column":null}},"45":{"start":{"line":133,"column":1},"end":{"line":133,"column":null}},"46":{"start":{"line":137,"column":5},"end":{"line":147,"column":null}},"47":{"start":{"line":138,"column":6},"end":{"line":140,"column":null}},"48":{"start":{"line":138,"column":31},"end":{"line":138,"column":69}},"49":{"start":{"line":139,"column":3},"end":{"line":139,"column":null}},"50":{"start":{"line":141,"column":13},"end":{"line":146,"column":null}},"51":{"start":{"line":142,"column":3},"end":{"line":144,"column":null}}},"fnMap":{"0":{"name":"makeDefaultChat","decl":{"start":{"line":11,"column":9},"end":{"line":11,"column":33}},"loc":{"start":{"line":11,"column":33},"end":{"line":20,"column":null}},"line":11},"1":{"name":"getActiveChat","decl":{"start":{"line":27,"column":16},"end":{"line":27,"column":38}},"loc":{"start":{"line":27,"column":38},"end":{"line":29,"column":null}},"line":27},"2":{"name":"getActiveExchanges","decl":{"start":{"line":31,"column":16},"end":{"line":31,"column":50}},"loc":{"start":{"line":31,"column":50},"end":{"line":33,"column":null}},"line":31},"3":{"name":"getActiveTree","decl":{"start":{"line":35,"column":16},"end":{"line":35,"column":42}},"loc":{"start":{"line":35,"column":42},"end":{"line":38,"column":null}},"line":35},"4":{"name":"getActiveExchangeId","decl":{"start":{"line":40,"column":16},"end":{"line":40,"column":53}},"loc":{"start":{"line":40,"column":53},"end":{"line":42,"column":null}},"line":40},"5":{"name":"getChatById","decl":{"start":{"line":44,"column":16},"end":{"line":44,"column":28}},"loc":{"start":{"line":44,"column":62},"end":{"line":46,"column":null}},"line":44},"6":{"name":"(anonymous_6)","decl":{"start":{"line":45,"column":24},"end":{"line":45,"column":30}},"loc":{"start":{"line":45,"column":36},"end":{"line":45,"column":51}},"line":45},"7":{"name":"getExchangesByChatId","decl":{"start":{"line":48,"column":16},"end":{"line":48,"column":37}},"loc":{"start":{"line":48,"column":78},"end":{"line":50,"column":null}},"line":48},"8":{"name":"getTreeByChatId","decl":{"start":{"line":52,"column":16},"end":{"line":52,"column":32}},"loc":{"start":{"line":52,"column":70},"end":{"line":56,"column":null}},"line":52},"9":{"name":"replaceExchangesByChatId","decl":{"start":{"line":58,"column":16},"end":{"line":58,"column":41}},"loc":{"start":{"line":58,"column":85},"end":{"line":61,"column":null}},"line":58},"10":{"name":"(anonymous_10)","decl":{"start":{"line":59,"column":30},"end":{"line":59,"column":36}},"loc":{"start":{"line":59,"column":42},"end":{"line":59,"column":57}},"line":59},"11":{"name":"replaceTreeByChatId","decl":{"start":{"line":63,"column":16},"end":{"line":63,"column":36}},"loc":{"start":{"line":63,"column":72},"end":{"line":68,"column":null}},"line":63},"12":{"name":"(anonymous_12)","decl":{"start":{"line":64,"column":30},"end":{"line":64,"column":36}},"loc":{"start":{"line":64,"column":42},"end":{"line":64,"column":57}},"line":64},"13":{"name":"hasRenderableExchanges","decl":{"start":{"line":70,"column":9},"end":{"line":70,"column":32}},"loc":{"start":{"line":70,"column":56},"end":{"line":72,"column":null}},"line":70},"14":{"name":"replaceActiveExchanges","decl":{"start":{"line":74,"column":16},"end":{"line":74,"column":39}},"loc":{"start":{"line":74,"column":67},"end":{"line":76,"column":null}},"line":74},"15":{"name":"replaceActiveTree","decl":{"start":{"line":78,"column":16},"end":{"line":78,"column":34}},"loc":{"start":{"line":78,"column":54},"end":{"line":82,"column":null}},"line":78},"16":{"name":"setActiveExchangeId","decl":{"start":{"line":84,"column":16},"end":{"line":84,"column":36}},"loc":{"start":{"line":84,"column":63},"end":{"line":86,"column":null}},"line":84},"17":{"name":"newChat","decl":{"start":{"line":88,"column":16},"end":{"line":88,"column":34}},"loc":{"start":{"line":88,"column":34},"end":{"line":100,"column":null}},"line":88},"18":{"name":"selectChat","decl":{"start":{"line":102,"column":16},"end":{"line":102,"column":27}},"loc":{"start":{"line":102,"column":42},"end":{"line":104,"column":null}},"line":102},"19":{"name":"deleteChat","decl":{"start":{"line":106,"column":16},"end":{"line":106,"column":27}},"loc":{"start":{"line":106,"column":42},"end":{"line":110,"column":null}},"line":106},"20":{"name":"(anonymous_20)","decl":{"start":{"line":108,"column":35},"end":{"line":108,"column":43}},"loc":{"start":{"line":108,"column":52},"end":{"line":108,"column":63}},"line":108},"21":{"name":"renameChat","decl":{"start":{"line":112,"column":16},"end":{"line":112,"column":27}},"loc":{"start":{"line":112,"column":56},"end":{"line":114,"column":null}},"line":112},"22":{"name":"copyToNewChat","decl":{"start":{"line":116,"column":16},"end":{"line":116,"column":30}},"loc":{"start":{"line":116,"column":50},"end":{"line":134,"column":null}},"line":116},"23":{"name":"hydrate","decl":{"start":{"line":136,"column":16},"end":{"line":136,"column":24}},"loc":{"start":{"line":136,"column":78},"end":{"line":148,"column":null}},"line":136},"24":{"name":"(anonymous_24)","decl":{"start":{"line":138,"column":19},"end":{"line":138,"column":25}},"loc":{"start":{"line":138,"column":31},"end":{"line":138,"column":69}},"line":138}},"branchMap":{"0":{"loc":{"start":{"line":28,"column":8},"end":{"line":28,"column":null}},"type":"binary-expr","locations":[{"start":{"line":28,"column":8},"end":{"line":28,"column":54}},{"start":{"line":28,"column":54},"end":{"line":28,"column":null}}],"line":28},"1":{"loc":{"start":{"line":54,"column":6},"end":{"line":54,"column":null}},"type":"if","locations":[{"start":{"line":54,"column":6},"end":{"line":54,"column":null}},{"start":{},"end":{}}],"line":54},"2":{"loc":{"start":{"line":60,"column":5},"end":{"line":60,"column":null}},"type":"if","locations":[{"start":{"line":60,"column":5},"end":{"line":60,"column":null}},{"start":{},"end":{}}],"line":60},"3":{"loc":{"start":{"line":65,"column":6},"end":{"line":65,"column":null}},"type":"if","locations":[{"start":{"line":65,"column":6},"end":{"line":65,"column":null}},{"start":{},"end":{}}],"line":65},"4":{"loc":{"start":{"line":107,"column":5},"end":{"line":107,"column":null}},"type":"if","locations":[{"start":{"line":107,"column":5},"end":{"line":107,"column":null}},{"start":{},"end":{}}],"line":107},"5":{"loc":{"start":{"line":118,"column":6},"end":{"line":118,"column":null}},"type":"if","locations":[{"start":{"line":118,"column":6},"end":{"line":118,"column":null}},{"start":{},"end":{}}],"line":118},"6":{"loc":{"start":{"line":137,"column":5},"end":{"line":147,"column":null}},"type":"if","locations":[{"start":{"line":137,"column":5},"end":{"line":147,"column":null}},{"start":{},"end":{}}],"line":137},"7":{"loc":{"start":{"line":138,"column":6},"end":{"line":140,"column":null}},"type":"if","locations":[{"start":{"line":138,"column":6},"end":{"line":140,"column":null}},{"start":{},"end":{}}],"line":138},"8":{"loc":{"start":{"line":141,"column":13},"end":{"line":146,"column":null}},"type":"if","locations":[{"start":{"line":141,"column":13},"end":{"line":146,"column":null}},{"start":{},"end":{}}],"line":141}},"s":{"0":2,"1":2,"2":6,"3":1,"4":1,"5":1,"6":1,"7":7,"8":8,"9":2,"10":3,"11":1,"12":2,"13":2,"14":2,"15":2,"16":1,"17":2,"18":2,"19":1,"20":1,"21":1,"22":7,"23":1,"24":1,"25":1,"26":1,"27":2,"28":5,"29":5,"30":5,"31":5,"32":5,"33":3,"34":4,"35":1,"36":3,"37":8,"38":3,"39":1,"40":3,"41":1,"42":2,"43":2,"44":2,"45":2,"46":8,"47":7,"48":7,"49":6,"50":7,"51":6},"f":{"0":2,"1":6,"2":1,"3":1,"4":1,"5":7,"6":8,"7":2,"8":3,"9":2,"10":2,"11":2,"12":2,"13":7,"14":1,"15":1,"16":2,"17":5,"18":3,"19":4,"20":8,"21":1,"22":3,"23":8,"24":7},"b":{"0":[6,1],"1":[1,2],"2":[1,1],"3":[1,1],"4":[1,3],"5":[1,2],"6":[7,1],"7":[6,1],"8":[6,1]},"meta":{"lastBranch":9,"lastFunction":25,"lastStatement":52,"seen":{"f:11:9:11:33":0,"s:12:7:12:Infinity":0,"s:22:13:24:Infinity":1,"f:27:16:27:38":1,"s:28:8:28:Infinity":2,"b:28:8:28:54:28:54:28:Infinity":0,"f:31:16:31:50":2,"s:32:8:32:Infinity":3,"f:35:16:35:42":3,"s:36:14:36:Infinity":4,"s:37:10:37:Infinity":5,"f:40:16:40:53":4,"s:41:8:41:Infinity":6,"f:44:16:44:28":5,"s:45:8:45:Infinity":7,"f:45:24:45:30":6,"s:45:36:45:51":8,"f:48:16:48:37":7,"s:49:8:49:Infinity":9,"f:52:16:52:32":8,"s:53:14:53:Infinity":10,"b:54:6:54:Infinity:undefined:undefined:undefined:undefined":1,"s:54:6:54:Infinity":11,"s:55:10:55:Infinity":12,"f:58:16:58:41":9,"s:59:14:59:Infinity":13,"f:59:30:59:36":10,"s:59:42:59:57":14,"b:60:5:60:Infinity:undefined:undefined:undefined:undefined":2,"s:60:5:60:Infinity":15,"s:60:11:60:Infinity":16,"f:63:16:63:36":11,"s:64:14:64:Infinity":17,"f:64:30:64:36":12,"s:64:42:64:57":18,"b:65:6:65:Infinity:undefined:undefined:undefined:undefined":3,"s:65:6:65:Infinity":19,"s:66:1:66:Infinity":20,"s:67:1:67:Infinity":21,"f:70:9:70:32":13,"s:71:8:71:Infinity":22,"f:74:16:74:39":14,"s:75:1:75:Infinity":23,"f:78:16:78:34":15,"s:79:14:79:Infinity":24,"s:80:1:80:Infinity":25,"s:81:1:81:Infinity":26,"f:84:16:84:36":16,"s:85:1:85:Infinity":27,"f:88:16:88:34":17,"s:89:7:89:Infinity":28,"s:90:7:95:Infinity":29,"s:97:1:97:Infinity":30,"s:98:1:98:Infinity":31,"s:99:8:99:Infinity":32,"f:102:16:102:27":18,"s:103:1:103:Infinity":33,"f:106:16:106:27":19,"b:107:5:107:Infinity:undefined:undefined:undefined:undefined":4,"s:107:5:107:Infinity":34,"s:107:31:107:Infinity":35,"s:108:1:108:Infinity":36,"f:108:35:108:43":20,"s:108:52:108:63":37,"s:109:1:109:Infinity":38,"f:112:16:112:27":21,"s:113:1:113:Infinity":39,"f:116:16:116:30":22,"s:117:20:117:Infinity":40,"b:118:6:118:Infinity:undefined:undefined:undefined:undefined":5,"s:118:6:118:Infinity":41,"s:120:7:122:Infinity":42,"s:125:7:130:Infinity":43,"s:132:1:132:Infinity":44,"s:133:1:133:Infinity":45,"f:136:16:136:24":23,"b:137:5:147:Infinity:undefined:undefined:undefined:undefined":6,"s:137:5:147:Infinity":46,"b:138:6:140:Infinity:undefined:undefined:undefined:undefined":7,"s:138:6:140:Infinity":47,"f:138:19:138:25":24,"s:138:31:138:69":48,"s:139:3:139:Infinity":49,"b:141:13:146:Infinity:undefined:undefined:undefined:undefined":8,"s:141:13:146:Infinity":50,"s:142:3:144:Infinity":51}}}
[...]
{},"end":{}}],"line":149},"10":{"loc":{"start":{"line":169,"column":2},"end":{"line":169,"column":null}},"type":"if","locations":[{"start":{"line":169,"column":2},"end":{"line":169,"column":null}},{"start":{},"end":{}}],"line":169},"11":{"loc":{"start":{"line":172,"column":2},"end":{"line":174,"column":null}},"type":"if","locations":[{"start":{"line":172,"column":2},"end":{"line":174,"column":null}},{"start":{},"end":{}}],"line":172},"12":{"loc":{"start":{"line":176,"column":2},"end":{"line":179,"column":null}},"type":"if","locations":[{"start":{"line":176,"column":2},"end":{"line":179,"column":null}},{"start":{},"end":{}}],"line":176}},"s":{"0":1,"1":0,"2":0,"3":0,"4":0,"5":1,"6":1,"7":1,"8":0,"9":0,"10":0,"11":0,"12":0,"13":0,"14":0,"15":0,"16":0,"17":0,"18":0,"19":0,"20":0,"21":0,"22":0,"23":0,"24":0,"25":0,"26":0,"27":0,"28":0,"29":0,"30":0,"31":0,"32":0,"33":0,"34":0,"35":0,"36":0,"37":0,"38":0,"39":0,"40":0,"41":0,"42":0,"43":0,"44":0,"45":0,"46":0,"47":0,"48":0,"49":0,"50":0,"51":0,"52":0,"53":0,"54":0,"55":0},"f":{"0":0,"1":0,"2":0,"3":0,"4":0,"5":0,"6":0,"7":0,"8":0,"9":0,"10":0,"11":0,"12":0,"13":0,"14":0},"b":{"0":[0,0],"1":[0,0],"2":[0,0],"3":[0],"4":[0,0],"5":[0,0],"6":[0,0],"7":[0,0],"8":[0,0],"9":[0,0],"10":[0,0],"11":[0,0],"12":[0,0]},"meta":{"lastBranch":13,"lastFunction":15,"lastStatement":56,"seen":{"s:20:38:24:Infinity":0,"f:29:16:29:54":0,"s:30:1:34:Infinity":1,"f:30:41:30:42":1,"s:30:49:34:3":2,"b:33:10:33:32:33:32:33:Infinity":0,"f:38:9:38:24":2,"s:39:1:52:Infinity":3,"f:41:47:41:48":3,"s:42:3:50:Infinity":4,"b:43:6:49:Infinity:50:6:50:Infinity":1,"s:55:40:55:Infinity":5,"s:56:34:56:Infinity":6,"s:57:36:57:Infinity":7,"f:59:16:59:61":4,"s:60:1:60:Infinity":8,"f:63:16:63:41":5,"s:64:1:64:Infinity":9,"b:64:8:64:27:64:27:64:Infinity":2,"f:67:16:67:50":6,"s:68:1:68:Infinity":10,"f:75:22:75:Infinity":7,"b:77:40:77:Infinity":3,"b:80:1:80:Infinity:undefined:undefined:undefined:undefined":4,"s:80:1:80:Infinity":11,"b:80:5:80:15:80:15:80:43":5,"s:80:43:80:Infinity":12,"b:83:1:92:Infinity:undefined:undefined:undefined:undefined":6,"s:83:1:92:Infinity":13,"s:84:2:88:Infinity":14,"s:85:3:85:Infinity":15,"s:89:2:89:Infinity":16,"s:90:2:90:Infinity":17,"s:91:2:91:Infinity":18,"s:94:16:94:Infinity":19,"s:96:1:99:Infinity":20,"s:100:1:100:Infinity":21,"s:101:1:101:Infinity":22,"f:105:16:105:37":8,"b:106:1:112:Infinity:undefined:undefined:undefined:undefined":7,"s:106:1:112:Infinity":23,"s:107:2:111:Infinity":24,"s:108:3:108:Infinity":25,"s:113:1:113:Infinity":26,"s:114:1:114:Infinity":27,"s:115:1:115:Infinity":28,"f:119:22:119:36":9,"s:120:1:120:Infinity":29,"f:124:22:124:39":10,"b:126:1:128:Infinity:undefined:undefined:undefined:undefined":8,"s:126:1:128:Infinity":30,"s:127:2:127:Infinity":31,"s:129:1:129:Infinity":32,"f:133:22:133:60":11,"s:134:1:134:Infinity":33,"s:135:1:141:Infinity":34,"s:136:2:140:Infinity":35,"s:137:3:137:Infinity":36,"f:145:23:145:Infinity":12,"b:149:1:149:Infinity:undefined:undefined:undefined:undefined":9,"s:149:1:149:Infinity":37,"s:149:14:149:Infinity":38,"s:151:16:155:Infinity":39,"f:152:25:152:26":13,"s:152:33:152:70":40,"s:157:20:157:Infinity":41,"s:158:22:158:Infinity":42,"s:160:1:166:Infinity":43,"f:160:34:160:40":14,"s:161:2:165:Infinity":44,"s:162:3:162:Infinity":45,"s:168:1:180:Infinity":46,"b:169:2:169:Infinity:undefined:undefined:undefined:undefined":10,"s:169:2:169:Infinity":47,"s:169:22:169:Infinity":48,"s:171:16:171:Infinity":49,"b:172:2:174:Infinity:undefined:undefined:undefined:undefined":11,"s:172:2:174:Infinity":50,"s:173:3:173:Infinity":51,"b:176:2:179:Infinity:undefined:undefined:undefined:undefined":12,"s:176:2:179:Infinity":52,"s:177:3:177:Infinity":53,"s:178:3:178:Infinity":54,"s:182:1:182:Infinity":55}}}
,"/Users/jonroby/ai/superset-svelte/src/state/services/streams/stream.machine.ts": {"path":"/Users/jonroby/ai/superset-svelte/src/state/services/streams/stream.machine.ts","statementMap":{"0":{"start":{"line":31,"column":6},"end":{"line":60,"column":null}},"1":{"start":{"line":32,"column":25},"end":{"line":32,"column":null}},"2":{"start":{"line":34,"column":1},"end":{"line":55,"column":null}},"3":{"start":{"line":35,"column":2},"end":{"line":54,"column":null}},"4":{"start":{"line":36,"column":18},"end":{"line":36,"column":null}},"5":{"start":{"line":37,"column":3},"end":{"line":47,"column":null}},"6":{"start":{"line":38,"column":4},"end":{"line":46,"column":null}},"7":{"start":{"line":39,"column":5},"end":{"line":39,"column":null}},"8":{"start":{"line":41,"column":5},"end":{"line":45,"column":null}},"9":{"start":{"line":49,"column":3},"end":{"line":49,"column":null}},"10":{"start":{"line":49,"column":61},"end":{"line":49,"column":null}},"11":{"start":{"line":50,"column":3},"end":{"line":53,"column":null}},"12":{"start":{"line":57,"column":1},"end":{"line":59,"column":null}},"13":{"start":{"line":58,"column":2},"end":{"line":58,"column":null}},"14":{"start":{"line":62,"column":13},"end":{"line":135,"column":null}},"15":{"start":{"line":83,"column":26},"end":{"line":92,"column":null}},"16":{"start":{"line":97,"column":29},"end":{"line":101,"column":null}},"17":{"start":{"line":106,"column":40},"end":{"line":106,"column":null}},"18":{"start":{"line":112,"column":35},"end":{"line":112,"column":null}},"19":{"start":{"line":113,"column":37},"end":{"line":113,"column":null}},"20":{"start":{"line":119,"column":28},"end":{"line":119,"column":null}},"21":{"start":{"line":120,"column":31},"end":{"line":120,"column":null}}},"fnMap":{"0":{"name":"(anonymous_0)","decl":{"start":{"line":31,"column":71},"end":{"line":31,"column":72}},"loc":{"start":{"line":31,"column":96},"end":{"line":60,"column":1}},"line":31},"1":{"name":"(anonymous_1)","decl":{"start":{"line":34,"column":2},"end":{"line":34,"column":14}},"loc":{"start":{"line":34,"column":14},"end":{"line":55,"column":4}},"line":34},"2":{"name":"(anonymous_2)","decl":{"start":{"line":57,"column":8},"end":{"line":57,"column":14}},"loc":{"start":{"line":57,"column":14},"end":{"line":59,"column":null}},"line":57},"3":{"name":"(anonymous_3)","decl":{"start":{"line":83,"column":10},"end":{"line":83,"column":11}},"loc":{"start":{"line":83,"column":26},"end":{"line":92,"column":null}},"line":83},"4":{"name":"(anonymous_4)","decl":{"start":{"line":97,"column":11},"end":{"line":97,"column":12}},"loc":{"start":{"line":97,"column":29},"end":{"line":101,"column":null}},"line":97},"5":{"name":"(anonymous_5)","decl":{"start":{"line":106,"column":16},"end":{"line":106,"column":17}},"loc":{"start":{"line":106,"column":40},"end":{"line":106,"column":null}},"line":106},"6":{"name":"(anonymous_6)","decl":{"start":{"line":112,"column":20},"end":{"line":112,"column":21}},"loc":{"start":{"line":112,"column":35},"end":{"line":112,"column":null}},"line":112},"7":{"name":"(anonymous_7)","decl":{"start":{"line":113,"column":22},"end":{"line":113,"column":23}},"loc":{"start":{"line":113,"column":37},"end":{"line":113,"column":null}},"line":113},"8":{"name":"(anonymous_8)","decl":{"start":{"line":119,"column":13},"end":{"line":119,"column":14}},"loc":{"start":{"line":119,"column":28},"end":{"line":119,"column":null}},"line":119},"9":{"name":"(anonymous_9)","decl":{"start":{"line":120,"column":16},"end":{"line":120,"column":17}},"loc":{"start":{"line":120,"column":31},"end":{"line":120,"column":null}},"line":120}},"branchMap":{"0":{"loc":{"start":{"line":38,"column":4},"end":{"line":46,"column":null}},"type":"if","locations":[{"start":{"line":38,"column":4},"end":{"line":46,"column":null}},{"start":{"line":40,"column":11},"end":{"line":46,"column":null}}],"line":38},"1":{"loc":{"start":{"line":49,"column":3},"end":{"line":49,"column":null}},"type":"if","locations":[{"start":{"line":49,"column":3},"end":{"line":49,"column":null}},{"start":{},"end":{}}],"line":49},"2":{"loc":{"start":{"line":49,"column":7},"end":{"line":49,"column":61}},"type":"binary-expr","locations":[{"start":{"line":49,"column":7},"end":{"line":49,"column":36}},{"start":{"line":49,"column":36},"end":{"line":49,"column":61}}],"line":49},"3":{"loc":{"start":{"line":52,"column":13},"end":{"line":52,"column":null}},"type":"cond-expr","locations":[{"start":{"line":52,"column":34},"end":{"line":52,"column":46}},{"start":{"line":52,"column":46},"end":{"line":52,"column":null}}],"line":52}},"s":{"0":2,"1":20,"2":20,"3":20,"4":20,"5":20,"6":37,"7":22,"8":15,"9":2,"10":0,"11":2,"12":20,"13":20,"14":2,"15":20,"16":20,"17":17,"18":10,"19":10,"20":2,"21":2},"f":{"0":20,"1":20,"2":20,"3":20,"4":20,"5":17,"6":10,"7":10,"8":2,"9":2},"b":{"0":[22,15],"1":[0,2],"2":[2,0],"3":[2,0]},"meta":{"lastBranch":4,"lastFunction":10,"lastStatement":22,"seen":{"s:31:6:60:Infinity":0,"f:31:71:31:72":0,"s:32:25:32:Infinity":1,"s:34:1:55:Infinity":2,"f:34:2:34:14":1,"s:35:2:54:Infinity":3,"s:36:18:36:Infinity":4,"s:37:3:47:Infinity":5,"b:38:4:46:Infinity:40:11:46:Infinity":0,"s:38:4:46:Infinity":6,"s:39:5:39:Infinity":7,"s:41:5:45:Infinity":8,"b:49:3:49:Infinity:undefined:undefined:undefined:undefined":1,"s:49:3:49:Infinity":9,"b:49:7:49:36:49:36:49:61":2,"s:49:61:49:Infinity":10,"s:50:3:53:Infinity":11,"b:52:34:52:46:52:46:52:Infinity":3,"s:57:1:59:Infinity":12,"f:57:8:57:14":2,"s:58:2:58:Infinity":13,"s:62:13:135:Infinity":14,"f:83:10:83:11":3,"s:83:26:92:Infinity":15,"f:97:11:97:12":4,"s:97:29:101:Infinity":16,"f:106:16:106:17":5,"s:106:40:106:Infinity":17,"f:112:20:112:21":6,"s:112:35:112:Infinity":18,"f:113:22:113:23":7,"s:113:37:113:Infinity":19,"f:119:13:119:14":8,"s:119:28:119:Infinity":20,"f:120:16:120:17":9,"s:120:31:120:Infinity":21}}}
,"/Users/jonroby/ai/superset-svelte/src/state/services/streams/streams.ts": {"path":"/Users/jonroby/ai/superset-svelte/src/state/services/streams/streams.ts","statementMap":{"0":{"start":{"line":27,"column":1},"end":{"line":27,"column":null}},"1":{"start":{"line":31,"column":1},"end":{"line":31,"column":null}},"2":{"start":{"line":35,"column":1},"end":{"line":35,"column":null}},"3":{"start":{"line":36,"column":1},"end":{"line":36,"column":null}},"4":{"start":{"line":37,"column":1},"end":{"line":37,"column":null}},"5":{"start":{"line":50,"column":45},"end":{"line":50,"column":null}},"6":{"start":{"line":51,"column":7},"end":{"line":51,"column":null}},"7":{"start":{"line":53,"column":35},"end":{"line":58,"column":null}},"8":{"start":{"line":60,"column":7},"end":{"line":60,"column":null}},"9":{"start":{"line":62,"column":1},"end":{"line":62,"column":null}},"10":{"start":{"line":63,"column":1},"end":{"line":63,"column":null}},"11":{"start":{"line":64,"column":1},"end":{"line":64,"column":null}},"12":{"start":{"line":66,"column":20},"end":{"line":66,"column":null}},"13":{"start":{"line":68,"column":1},"end":{"line":119,"column":null}},"14":{"start":{"line":69,"column":22},"end":{"line":69,"column":null}},"15":{"start":{"line":70,"column":23},"end":{"line":70,"column":null}},"16":{"start":{"line":71,"column":2},"end":{"line":71,"column":null}},"17":{"start":{"line":71,"column":21},"end":{"line":71,"column":null}},"18":{"start":{"line":73,"column":22},"end":{"line":73,"column":null}},"19":{"start":{"line":74,"column":2},"end":{"line":77,"column":null}},"20":{"start":{"line":75,"column":3},"end":{"line":75,"column":null}},"21":{"start":{"line":76,"column":3},"end":{"line":76,"column":null}},"22":{"start":{"line":79,"column":2},"end":{"line":85,"column":null}},"23":{"start":{"line":80,"column":3},"end":{"line":80,"column":null}},"24":{"start":{"line":81,"column":3},"end":{"line":84,"column":null}},"25":{"start":{"line":87,"column":2},"end":{"line":118,"column":null}},"26":{"start":{"line":88,"column":3},"end":{"line":101,"column":null}},"27":{"start":{"line":89,"column":23},"end":{"line":89,"column":null}},"28":{"start":{"line":90,"column":4},"end":{"line":100,"column":null}},"29":{"start":{"line":91,"column":5},"end":{"line":99,"column":null}},"30":{"start":{"line":103,"column":3},"end":{"line":115,"column":null}},"31":{"start":{"line":104,"column":23},"end":{"line":104,"column":null}},"32":{"start":{"line":105,"column":4},"end":{"line":114,"column":null}},"33":{"start":{"line":106,"column":5},"end":{"line":113,"column":null}},"34":{"start":{"line":117,"column":3},"end":{"line":117,"column":null}},"35":{"start":{"line":121,"column":1},"end":{"line":121,"column":null}},"36":{"start":{"line":125,"column":15},"end":{"line":125,"column":null}},"37":{"start":{"line":126,"column":1},"end":{"line":126,"column":null}},"38":{"start":{"line":126,"column":13},"end":{"line":126,"column":null}},"39":{"start":{"line":127,"column":1},"end":{"line":127,"column":null}},"40":{"start":{"line":131,"column":1},"end":{"line":133,"column":null}},"41":{"start":{"line":132,"column":2},"end":{"line":132,"column":null}},"42":{"start":{"line":137,"column":1},"end":{"line":139,"column":null}},"43":{"start":{"line":138,"column":2},"end":{"line":138,"column":null}},"44":{"start":{"line":143,"column":1},"end":{"line":147,"column":null}},"45":{"start":{"line":144,"column":2},"end":{"line":146,"column":null}},"46":{"start":{"line":145,"column":3},"end":{"line":145,"column":null}}},"fnMap":{"0":{"name":"isStreaming","decl":{"start":{"line":26,"column":16},"end":{"line":26,"column":28}},"loc":{"start":{"line":26,"column":77},"end":{"line":28,"column":null}},"line":26},"1":{"name":"isAnyStreaming","decl":{"start":{"line":30,"column":16},"end":{"line":30,"column":31}},"loc":{"start":{"line":30,"column":60},"end":{"line":32,"column":null}},"line":30},"2":{"name":"cleanup","decl":{"start":{"line":34,"column":9},"end":{"line":34,"column":17}},"loc":{"start":{"line":34,"column":57},"end":{"line":38,"column":null}},"line":34},"3":{"name":"startStream","decl":{"start":{"line":40,"column":16},"end":{"line":40,"column":null}},"loc":{"start":{"line":49,"column":8},"end":{"line":122,"column":null}},"line":49},"4":{"name":"(anonymous_4)","decl":{"start":{"line":68,"column":17},"end":{"line":68,"column":18}},"loc":{"start":{"line":68,"column":67},"end":{"line":119,"column":2}},"line":68},"5":{"name":"cancelStream","decl":{"start":{"line":124,"column":16},"end":{"line":124,"column":29}},"loc":{"start":{"line":124,"column":75},"end":{"line":128,"column":null}},"line":124},"6":{"name":"cancelAllStreams","decl":{"start":{"line":130,"column":16},"end":{"line":130,"column":33}},"loc":{"start":{"line":130,"column":59},"end":{"line":134,"column":null}},"line":130},"7":{"name":"cancelStreamsForExchanges","decl":{"start":{"line":136,"column":16},"end":{"line":136,"column":42}},"loc":{"start":{"line":136,"column":91},"end":{"line":140,"column":null}},"line":136},"8":{"name":"cancelStreamsForChat","decl":{"start":{"line":142,"column":16},"end":{"line":142,"column":37}},"loc":{"start":{"line":142,"column":79},"end":{"line":148,"column":null}},"line":142}},"branchMap":{"0":{"loc":{"start":{"line":71,"column":2},"end":{"line":71,"column":null}},"type":"if","locations":[{"start":{"line":71,"column":2},"end":{"line":71,"column":null}},{"start":{},"end":{}}],"line":71},"1":{"loc":{"start":{"line":74,"column":2},"end":{"line":77,"column":null}},"type":"if","locations":[{"start":{"line":74,"column":2},"end":{"line":77,"column":null}},{"start":{},"end":{}}],"line":74},"2":{"loc":{"start":{"line":79,"column":2},"end":{"line":85,"column":null}},"type":"if","locations":[{"start":{"line":79,"column":2},"end":{"line":85,"column":null}},{"start":{},"end":{}}],"line":79},"3":{"loc":{"start":{"line":79,"column":6},"end":{"line":79,"column":73}},"type":"binary-expr","locations":[{"start":{"line":79,"column":6},"end":{"line":79,"column":38}},{"start":{"line":79,"column":38},"end":{"line":79,"column":73}}],"line":79},"4":{"loc":{"start":{"line":87,"column":2},"end":{"line":118,"column":null}},"type":"if","locations":[{"start":{"line":87,"column":2},"end":{"line":118,"column":null}},{"start":{},"end":{}}],"line":87},"5":{"loc":{"start":{"line":88,"column":3},"end":{"line":101,"column":null}},"type":"if","locations":[{"start":{"line":88,"column":3},"end":{"line":101,"column":null}},{"start":{},"end":{}}],"line":88},"6":{"loc":{"start":{"line":88,"column":7},"end":{"line":88,"column":91}},"type":"binary-expr","locations":[{"start":{"line":88,"column":7},"end":{"line":88,"column":34}},{"start":{"line":88,"column":34},"end":{"line":88,"column":62}},{"start":{"line":88,"column":62},"end":{"line":88,"column":91}}],"line":88},"7":{"loc":{"start":{"line":90,"column":4},"end":{"line":100,"column":null}},"type":"if","locations":[{"start":{"line":90,"column":4},"end":{"line":100,"column":null}},{"start":{},"end":{}}],"line":90},"8":{"loc":{"start":{"line":103,"column":3},"end":{"line":115,"column":null}},"type":"if","locations":[{"start":{"line":103,"column":3},"end":{"line":115,"column":null}},{"start":{},"end":{}}],"line":103},"9":{"loc":{"start":{"line":105,"column":4},"end":{"line":114,"column":null}},"type":"if","locations":[{"start":{"line":105,"column":4},"end":{"line":114,"column":null}},{"start":{},"end":{}}],"line":105},"10":{"loc":{"start":{"line":126,"column":1},"end":{"line":126,"column":null}},"type":"if","locations":[{"start":{"line":126,"column":1},"end":{"line":126,"column":null}},{"start":{},"end":{}}],"line":126},"11":{"loc":{"start":{"line":144,"column":2},"end":{"line":146,"column":null}},"type":"if","locations":[{"start":{"line":144,"column":2},"end":{"line":146,"column":null}},{"start":{},"end":{}}],"line":144}},"s":{"0":35,"1":4,"2":13,"3":13,"4":13,"5":13,"6":13,"7":13,"8":13,"9":13,"10":13,"11":13,"12":13,"13":13,"14":39,"15":39,"16":39,"17":1,"18":38,"19":38,"20":1,"21":1,"22":37,"23":12,"24":12,"25":37,"26":12,"27":6,"28":6,"29":6,"30":12,"31":1,"32":1,"33":1,"34":12,"35":13,"36":8,"37":8,"38":3,"39":5,"40":1,"41":1,"42":2,"43":3,"44":3,"45":2,"46":1},"f":{"0":35,"1":4,"2":13,"3":13,"4":39,"5":8,"6":1,"7":2,"8":3},"b":{"0":[1,38],"1":[1,37],"2":[12,25],"3":[37,25],"4":[12,25],"5":[6,6],"6":[12,11,5],"7":[6,0],"8":[1,11],"9":[1,0],"10":[3,5],"11":[1,1]},"meta":{"lastBranch":12,"lastFunction":9,"lastStatement":47,"seen":{"f:26:16:26:28":0,"s:27:1:27:Infinity":0,"f:30:16:30:31":1,"s:31:1:31:Infinity":1,"f:34:9:34:17":2,"s:35:1:35:Infinity":2,"s:36:1:36:Infinity":3,"s:37:1:37:Infinity":4,"f:40:16:40:Infinity":3,"s:50:45:50:Infinity":5,"s:51:7:51:Infinity":6,"s:53:35:58:Infinity":7,"s:60:7:60:Infinity":8,"s:62:1:62:Infinity":9,"s:63:1:63:Infinity":10,"s:64:1:64:Infinity":11,"s:66:20:66:Infinity":12,"s:68:1:119:Infinity":13,"f:68:17:68:18":4,"s:69:22:69:Infinity":14,"s:70:23:70:Infinity":15,"b:71:2:71:Infinity:undefined:undefined:undefined:undefined":0,"s:71:2:71:Infinity":16,"s:71:21:71:Infinity":17,"s:73:22:73:Infinity":18,"b:74:2:77:Infinity:undefined:undefined:undefined:undefined":1,"s:74:2:77:Infinity":19,"s:75:3:75:Infinity":20,"s:76:3:76:Infinity":21,"b:79:2:85:Infinity:undefined:undefined:undefined:undefined":2,"s:79:2:85:Infinity":22,"b:79:6:79:38:79:38:79:73":3,"s:80:3:80:Infinity":23,"s:81:3:84:Infinity":24,"b:87:2:118:Infinity:undefined:undefined:undefined:undefined":4,"s:87:2:118:Infinity":25,"b:88:3:101:Infinity:undefined:undefined:undefined:undefined":5,"s:88:3:101:Infinity":26,"b:88:7:88:34:88:34:88:62:88:62:88:91":6,"s:89:23:89:Infinity":27,"b:90:4:100:Infinity:undefined:undefined:undefined:undefined":7,"s:90:4:100:Infinity":28,"s:91:5:99:Infinity":29,"b:103:3:115:Infinity:undefined:undefined:undefined:undefined":8,"s:103:3:115:Infinity":30,"s:104:23:104:Infinity":31,"b:105:4:114:Infinity:undefined:undefined:undefined:undefined":9,"s:105:4:114:Infinity":32,"s:106:5:113:Infinity":33,"s:117:3:117:Infinity":34,"s:121:1:121:Infinity":35,"f:124:16:124:29":5,"s:125:15:125:Infinity":36,"b:126:1:126:Infinity:undefined:undefined:undefined:undefined":10,"s:126:1:126:Infinity":37,"s:126:13:126:Infinity":38,"s:127:1:127:Infinity":39,"f:130:16:130:33":6,"s:131:1:133:Infinity":40,"s:132:2:132:Infinity":41,"f:136:16:136:42":7,"s:137:1:139:Infinity":42,"s:138:2:138:Infinity":43,"f:142:16:142:37":8,"s:143:1:147:Infinity":44,"b:144:2:146:Infinity:undefined:undefined:undefined:undefined":11,"s:144:2:146:Infinity":45,"s:145:3:145:Infinity":46}}}
}
